   1               		.file	"main.c"
   2               	__SREG__ = 0x3f
   3               	__SP_H__ = 0x3e
   4               	__SP_L__ = 0x3d
   5               	__CCP__  = 0x34
   6               	__tmp_reg__ = 0
   7               	__zero_reg__ = 1
  15               	.Ltext0:
  16               	.global	MotorPower
  18               	MotorPower:
  19               	.LFB11:
  20               	.LM1:
  21               	.LVL0:
  22               	/* prologue: function */
  23               	/* frame size = 0 */
  24               	.LM2:
  25 0000 9B01      		movw r18,r22
  26 0002 77FF      		sbrs r23,7
  27 0004 00C0      		rjmp .L2
  28 0006 2227      		clr r18
  29 0008 3327      		clr r19
  30 000a 261B      		sub r18,r22
  31 000c 370B      		sbc r19,r23
  32               	.L2:
  33 000e 2F3F      		cpi r18,255
  34 0010 3105      		cpc r19,__zero_reg__
  35 0012 01F0      		breq .L3
  36 0014 04F0      		brlt .L3
  37 0016 9FEF      		ldi r25,lo8(-1)
  38               	.LVL1:
  39 0018 00C0      		rjmp .L4
  40               	.LVL2:
  41               	.L3:
  42               	.LM3:
  43 001a 922F      		mov r25,r18
  44               	.LVL3:
  45               	.L4:
  46               	.LM4:
  47 001c 8130      		cpi r24,lo8(1)
  48 001e 01F0      		breq .L7
  49 0020 8130      		cpi r24,lo8(1)
  50 0022 00F0      		brlo .L6
  51 0024 8230      		cpi r24,lo8(2)
  52 0026 01F0      		breq .L8
  53 0028 8330      		cpi r24,lo8(3)
  54 002a 01F4      		brne .L18
  55 002c 00C0      		rjmp .L19
  56               	.L6:
  57               	.LM5:
  58 002e 77FF      		sbrs r23,7
  59 0030 00C0      		rjmp .L10
  60               	.LM6:
  61 0032 299A      		sbi 37-32,1
  62 0034 00C0      		rjmp .L11
  63               	.L10:
  64               	.LM7:
  65 0036 2998      		cbi 37-32,1
  66               	.L11:
  67               	.LM8:
  68 0038 97BD      		out 71-32,r25
  69 003a 0895      		ret
  70               	.L7:
  71               	.LM9:
  72 003c 77FF      		sbrs r23,7
  73 003e 00C0      		rjmp .L12
  74               	.LM10:
  75 0040 2A9A      		sbi 37-32,2
  76 0042 00C0      		rjmp .L13
  77               	.L12:
  78               	.LM11:
  79 0044 2A98      		cbi 37-32,2
  80               	.L13:
  81               	.LM12:
  82 0046 98BD      		out 72-32,r25
  83 0048 0895      		ret
  84               	.L8:
  85               	.LM13:
  86 004a 1616      		cp __zero_reg__,r22
  87 004c 1706      		cpc __zero_reg__,r23
  88 004e 04F4      		brge .L14
  89               	.LM14:
  90 0050 5C9A      		sbi 43-32,4
  91 0052 00C0      		rjmp .L15
  92               	.L14:
  93               	.LM15:
  94 0054 5C98      		cbi 43-32,4
  95               	.L15:
  96               	.LM16:
  97 0056 9093 B300 		sts 179,r25
  98 005a 0895      		ret
  99               	.L19:
 100               	.LM17:
 101 005c 1616      		cp __zero_reg__,r22
 102 005e 1706      		cpc __zero_reg__,r23
 103 0060 04F4      		brge .L16
 104               	.LM18:
 105 0062 5D9A      		sbi 43-32,5
 106 0064 00C0      		rjmp .L17
 107               	.L16:
 108               	.LM19:
 109 0066 5D98      		cbi 43-32,5
 110               	.L17:
 111               	.LM20:
 112 0068 9093 B400 		sts 180,r25
 113               	.L18:
 114 006c 0895      		ret
 115               	.LFE11:
 117               	.global	ReadChannelInit
 119               	ReadChannelInit:
 120               	.LFB12:
 121               	.LM21:
 122               	.LVL4:
 123               	/* prologue: function */
 124               	/* frame size = 0 */
 125               	.LM22:
 126 006e 9091 7C00 		lds r25,124
 127 0072 9064      		ori r25,lo8(64)
 128 0074 9093 7C00 		sts 124,r25
 129               	.LM23:
 130 0078 97E8      		ldi r25,lo8(-121)
 131 007a 9093 7A00 		sts 122,r25
 132               	.LM24:
 133 007e 8823      		tst r24
 134 0080 01F0      		breq .L21
 135               	.LM25:
 136 0082 8091 7A00 		lds r24,122
 137               	.LVL5:
 138 0086 8864      		ori r24,lo8(72)
 139 0088 00C0      		rjmp .L24
 140               	.LVL6:
 141               	.L21:
 142               	.LM26:
 143 008a 8091 7A00 		lds r24,122
 144               	.LVL7:
 145 008e 877F      		andi r24,lo8(-9)
 146               	.L24:
 147 0090 8093 7A00 		sts 122,r24
 148 0094 0895      		ret
 149               	.LFE12:
 151               	.global	__vector_24
 153               	__vector_24:
 154               	.LFB13:
 155               	.LM27:
 156 0096 1F92      		push __zero_reg__
 157 0098 0F92      		push r0
 158 009a 0FB6      		in r0,__SREG__
 159 009c 0F92      		push r0
 160 009e 1124      		clr __zero_reg__
 161 00a0 2F93      		push r18
 162 00a2 3F93      		push r19
 163 00a4 4F93      		push r20
 164 00a6 5F93      		push r21
 165 00a8 6F93      		push r22
 166 00aa 8F93      		push r24
 167 00ac 9F93      		push r25
 168 00ae AF93      		push r26
 169 00b0 BF93      		push r27
 170 00b2 EF93      		push r30
 171 00b4 FF93      		push r31
 172               	/* prologue: Signal */
 173               	/* frame size = 0 */
 174               	.LM28:
 175 00b6 2091 7800 		lds r18,120
 176 00ba 3091 7900 		lds r19,(120)+1
 177 00be 6091 0000 		lds r22,muxIR
 178 00c2 E62F      		mov r30,r22
 179 00c4 F0E0      		ldi r31,lo8(0)
 180 00c6 EE0F      		lsl r30
 181 00c8 FF1F      		rol r31
 182 00ca DF01      		movw r26,r30
 183 00cc A050      		subi r26,lo8(-(ADC_Offset))
 184 00ce B040      		sbci r27,hi8(-(ADC_Offset))
 185 00d0 8D91      		ld r24,X+
 186 00d2 9C91      		ld r25,X
 187 00d4 281B      		sub r18,r24
 188 00d6 390B      		sbc r19,r25
 189 00d8 DF01      		movw r26,r30
 190 00da A050      		subi r26,lo8(-(ADC_Werte))
 191 00dc B040      		sbci r27,hi8(-(ADC_Werte))
 192 00de 2D93      		st X+,r18
 193 00e0 3C93      		st X,r19
 194               	.LM29:
 195 00e2 E050      		subi r30,lo8(-(ADC_Werte_TP))
 196 00e4 F040      		sbci r31,hi8(-(ADC_Werte_TP))
 197 00e6 4081      		ld r20,Z
 198 00e8 5181      		ldd r21,Z+1
 199 00ea CA01      		movw r24,r20
 200 00ec A6E0      		ldi r26,6
 201 00ee 880F      	1:	lsl r24
 202 00f0 991F      		rol r25
 203 00f2 AA95      		dec r26
 204 00f4 01F4      		brne 1b
 205 00f6 841B      		sub r24,r20
 206 00f8 950B      		sbc r25,r21
 207 00fa 280F      		add r18,r24
 208 00fc 391F      		adc r19,r25
 209 00fe 86E0      		ldi r24,6
 210 0100 3695      	1:	lsr r19
 211 0102 2795      		ror r18
 212 0104 8A95      		dec r24
 213 0106 01F4      		brne 1b
 214 0108 3183      		std Z+1,r19
 215 010a 2083      		st Z,r18
 216               	.LM30:
 217 010c 6F5F      		subi r22,lo8(-(1))
 218 010e 6093 0000 		sts muxIR,r22
 219 0112 6830      		cpi r22,lo8(8)
 220 0114 00F0      		brlo .L26
 221               	.LM31:
 222 0116 1092 0000 		sts muxIR,__zero_reg__
 223               	.L26:
 224               	.LM32:
 225 011a 8091 0000 		lds r24,muxIR
 226 011e 8064      		ori r24,lo8(64)
 227 0120 8093 7C00 		sts 124,r24
 228               	.LM33:
 229 0124 8091 7A00 		lds r24,122
 230 0128 8064      		ori r24,lo8(64)
 231 012a 8093 7A00 		sts 122,r24
 232               	/* epilogue start */
 233               	.LM34:
 234 012e FF91      		pop r31
 235 0130 EF91      		pop r30
 236 0132 BF91      		pop r27
 237 0134 AF91      		pop r26
 238 0136 9F91      		pop r25
 239 0138 8F91      		pop r24
 240 013a 6F91      		pop r22
 241 013c 5F91      		pop r21
 242 013e 4F91      		pop r20
 243 0140 3F91      		pop r19
 244 0142 2F91      		pop r18
 245 0144 0F90      		pop r0
 246 0146 0FBE      		out __SREG__,r0
 247 0148 0F90      		pop r0
 248 014a 1F90      		pop __zero_reg__
 249 014c 1895      		reti
 250               	.LFE13:
 252               	.global	getIR_max
 254               	getIR_max:
 255               	.LFB14:
 256               	.LM35:
 257               	/* prologue: function */
 258               	/* frame size = 0 */
 259               	.LM36:
 260 014e E0E0      		ldi r30,lo8(ADC_Werte)
 261 0150 F0E0      		ldi r31,hi8(ADC_Werte)
 262 0152 20E0      		ldi r18,lo8(0)
 263 0154 30E0      		ldi r19,hi8(0)
 264               	.LVL8:
 265               	.L30:
 266               	.LBB29:
 267               	.LM37:
 268 0156 8081      		ld r24,Z
 269 0158 9181      		ldd r25,Z+1
 270 015a 2817      		cp r18,r24
 271 015c 3907      		cpc r19,r25
 272 015e 00F4      		brsh .L29
 273               	.LM38:
 274 0160 9C01      		movw r18,r24
 275               	.L29:
 276 0162 3296      		adiw r30,2
 277               	.LM39:
 278 0164 80E0      		ldi r24,hi8(ADC_Werte+16)
 279 0166 E030      		cpi r30,lo8(ADC_Werte+16)
 280 0168 F807      		cpc r31,r24
 281 016a 01F4      		brne .L30
 282               	.LBE29:
 283               	.LM40:
 284 016c C901      		movw r24,r18
 285               	.LVL9:
 286               	/* epilogue start */
 287 016e 0895      		ret
 288               	.LFE14:
 290               	.global	getLocation
 292               	getLocation:
 293               	.LFB17:
 294               	.LM41:
 295               	.LVL10:
 296               	/* prologue: function */
 297               	/* frame size = 0 */
 298 0170 9A01      		movw r18,r20
 299               	.LM42:
 300 0172 680F      		add r22,r24
 301 0174 791F      		adc r23,r25
 302               	.LVL11:
 303 0176 6A55      		subi r22,lo8(-(-90))
 304 0178 7040      		sbci r23,hi8(-(-90))
 305 017a 6531      		cpi r22,21
 306 017c 7105      		cpc r23,__zero_reg__
 307 017e 00F4      		brsh .L34
 308               	.LVL12:
 309               	.LM43:
 310 0180 0A96      		adiw r24,10
 311               	.LVL13:
 312 0182 64E1      		ldi r22,lo8(20)
 313 0184 70E0      		ldi r23,hi8(20)
 314               	.LVL14:
 315 0186 0E94 0000 		call __divmodhi4
 316 018a 6093 0000 		sts x,r22
 317               	.LVL15:
 318               	.L34:
 319               	.LM44:
 320 018e C901      		movw r24,r18
 321               	.LVL16:
 322 0190 0A96      		adiw r24,10
 323 0192 64E1      		ldi r22,lo8(20)
 324 0194 70E0      		ldi r23,hi8(20)
 325               	.LVL17:
 326 0196 0E94 0000 		call __divmodhi4
 327 019a 6093 0000 		sts y,r22
 328               	/* epilogue start */
 329               	.LM45:
 330 019e 0895      		ret
 331               	.LFE17:
 333               	.global	getShootangle
 335               	getShootangle:
 336               	.LFB18:
 337               	.LM46:
 338               	.LVL18:
 339 01a0 0F93      		push r16
 340 01a2 1F93      		push r17
 341               	/* prologue: function */
 342               	/* frame size = 0 */
 343               	.LM47:
 344 01a4 8091 0000 		lds r24,x
 345               	.LVL19:
 346 01a8 8330      		cpi r24,lo8(3)
 347 01aa 01F0      		breq .L40
 348 01ac 8430      		cpi r24,lo8(4)
 349 01ae 00F4      		brsh .L44
 350 01b0 8130      		cpi r24,lo8(1)
 351 01b2 01F0      		breq .L38
 352 01b4 8230      		cpi r24,lo8(2)
 353 01b6 01F4      		brne .L37
 354 01b8 00C0      		rjmp .L49
 355               	.L44:
 356 01ba 8530      		cpi r24,lo8(5)
 357 01bc 01F0      		breq .L42
 358 01be 8530      		cpi r24,lo8(5)
 359 01c0 00F0      		brlo .L41
 360 01c2 8630      		cpi r24,lo8(6)
 361 01c4 01F4      		brne .L37
 362 01c6 00C0      		rjmp .L50
 363               	.L38:
 364 01c8 60E0      		ldi r22,lo8(0x41700000)
 365 01ca 70E0      		ldi r23,hi8(0x41700000)
 366 01cc 80E7      		ldi r24,hlo8(0x41700000)
 367 01ce 91E4      		ldi r25,hhi8(0x41700000)
 368               	.LVL20:
 369 01d0 00C0      		rjmp .L45
 370               	.LVL21:
 371               	.L37:
 372 01d2 60E0      		ldi r22,lo8(0x0)
 373 01d4 70E0      		ldi r23,hi8(0x0)
 374 01d6 80E0      		ldi r24,hlo8(0x0)
 375 01d8 90E0      		ldi r25,hhi8(0x0)
 376               	.LVL22:
 377 01da 00C0      		rjmp .L45
 378               	.LVL23:
 379               	.L49:
 380 01dc 60E0      		ldi r22,lo8(0x41200000)
 381 01de 70E0      		ldi r23,hi8(0x41200000)
 382 01e0 80E2      		ldi r24,hlo8(0x41200000)
 383 01e2 91E4      		ldi r25,hhi8(0x41200000)
 384               	.LVL24:
 385               	.L45:
 386               	.LBB30:
 387               	.LM48:
 388 01e4 0091 0000 		lds r16,y
 389 01e8 10E0      		ldi r17,lo8(0)
 390               	.LVL25:
 391 01ea 00C0      		rjmp .L46
 392               	.LVL26:
 393               	.L40:
 394 01ec 60E0      		ldi r22,lo8(0x40a00000)
 395 01ee 70E0      		ldi r23,hi8(0x40a00000)
 396 01f0 80EA      		ldi r24,hlo8(0x40a00000)
 397 01f2 90E4      		ldi r25,hhi8(0x40a00000)
 398               	.LVL27:
 399 01f4 00C0      		rjmp .L45
 400               	.LVL28:
 401               	.L41:
 402               	.LM49:
 403 01f6 60E0      		ldi r22,lo8(0xc0a00000)
 404 01f8 70E0      		ldi r23,hi8(0xc0a00000)
 405 01fa 80EA      		ldi r24,hlo8(0xc0a00000)
 406 01fc 90EC      		ldi r25,hhi8(0xc0a00000)
 407               	.LVL29:
 408 01fe 00C0      		rjmp .L45
 409               	.LVL30:
 410               	.L42:
 411               	.LM50:
 412 0200 60E0      		ldi r22,lo8(0xc1200000)
 413 0202 70E0      		ldi r23,hi8(0xc1200000)
 414 0204 80E2      		ldi r24,hlo8(0xc1200000)
 415 0206 91EC      		ldi r25,hhi8(0xc1200000)
 416               	.LVL31:
 417 0208 00C0      		rjmp .L45
 418               	.LVL32:
 419               	.L50:
 420               	.LM51:
 421 020a 60E0      		ldi r22,lo8(0xc1700000)
 422 020c 70E0      		ldi r23,hi8(0xc1700000)
 423 020e 80E7      		ldi r24,hlo8(0xc1700000)
 424 0210 91EC      		ldi r25,hhi8(0xc1700000)
 425               	.LVL33:
 426 0212 00C0      		rjmp .L45
 427               	.LVL34:
 428               	.L47:
 429               	.LM52:
 430 0214 2AE9      		ldi r18,lo8(0x3f99999a)
 431 0216 39E9      		ldi r19,hi8(0x3f99999a)
 432 0218 49E9      		ldi r20,hlo8(0x3f99999a)
 433 021a 5FE3      		ldi r21,hhi8(0x3f99999a)
 434 021c 0E94 0000 		call __mulsf3
 435               	.LVL35:
 436               	.LM53:
 437 0220 1F5F      		subi r17,lo8(-(1))
 438               	.LVL36:
 439               	.L46:
 440 0222 1017      		cp r17,r16
 441 0224 01F4      		brne .L47
 442 0226 0E94 0000 		call __fixsfsi
 443               	.LVL37:
 444 022a DC01      		movw r26,r24
 445 022c CB01      		movw r24,r22
 446               	/* epilogue start */
 447               	.LBE30:
 448               	.LM54:
 449 022e 1F91      		pop r17
 450               	.LVL38:
 451 0230 0F91      		pop r16
 452 0232 0895      		ret
 453               	.LFE18:
 455               	.global	getPID
 457               	getPID:
 458               	.LFB19:
 459               	.LM55:
 460               	.LVL39:
 461 0234 AF92      		push r10
 462 0236 BF92      		push r11
 463 0238 CF92      		push r12
 464 023a DF92      		push r13
 465 023c EF92      		push r14
 466 023e FF92      		push r15
 467 0240 0F93      		push r16
 468 0242 1F93      		push r17
 469 0244 CF93      		push r28
 470 0246 DF93      		push r29
 471               	/* prologue: function */
 472               	/* frame size = 0 */
 473 0248 EB01      		movw r28,r22
 474               	.LM56:
 475 024a 2091 0000 		lds r18,CMPcorrection
 476 024e 3327      		clr r19
 477 0250 27FD      		sbrc r18,7
 478 0252 3095      		com r19
 479               	.LVL40:
 480 0254 280F      		add r18,r24
 481 0256 391F      		adc r19,r25
 482               	.LM57:
 483 0258 253B      		cpi r18,181
 484 025a 3105      		cpc r19,__zero_reg__
 485 025c 04F0      		brlt .L52
 486               	.LVL41:
 487               	.LM58:
 488 025e 2856      		subi r18,lo8(-(-360))
 489 0260 3140      		sbci r19,hi8(-(-360))
 490 0262 00C0      		rjmp .L53
 491               	.L52:
 492               	.LM59:
 493 0264 8FEF      		ldi r24,hi8(-180)
 494 0266 2C34      		cpi r18,lo8(-180)
 495 0268 3807      		cpc r19,r24
 496 026a 04F4      		brge .L53
 497               	.LM60:
 498 026c 2859      		subi r18,lo8(-(360))
 499 026e 3E4F      		sbci r19,hi8(-(360))
 500               	.L53:
 501               	.LM61:
 502 0270 B901      		movw r22,r18
 503 0272 8827      		clr r24
 504 0274 77FD      		sbrc r23,7
 505 0276 8095      		com r24
 506 0278 982F      		mov r25,r24
 507               	.LVL42:
 508 027a 0E94 0000 		call __floatsisf
 509               	.LVL43:
 510 027e 7B01      		movw r14,r22
 511 0280 8C01      		movw r16,r24
 512 0282 22E5      		ldi r18,lo8(0x3c1d4952)
 513 0284 39E4      		ldi r19,hi8(0x3c1d4952)
 514 0286 4DE1      		ldi r20,hlo8(0x3c1d4952)
 515 0288 5CE3      		ldi r21,hhi8(0x3c1d4952)
 516 028a 0E94 0000 		call __mulsf3
 517 028e 20E0      		ldi r18,lo8(0x0)
 518 0290 30E0      		ldi r19,hi8(0x0)
 519 0292 40E0      		ldi r20,hlo8(0x0)
 520 0294 50E0      		ldi r21,hhi8(0x0)
 521 0296 0E94 0000 		call __addsf3
 522 029a 5B01      		movw r10,r22
 523 029c 6C01      		movw r12,r24
 524               	.LVL44:
 525               	.LM62:
 526 029e 20E0      		ldi r18,lo8(0x43fa0000)
 527 02a0 30E0      		ldi r19,hi8(0x43fa0000)
 528 02a2 4AEF      		ldi r20,hlo8(0x43fa0000)
 529 02a4 53E4      		ldi r21,hhi8(0x43fa0000)
 530 02a6 0E94 0000 		call __gtsf2
 531 02aa 1816      		cp __zero_reg__,r24
 532 02ac 04F4      		brge .L67
 533 02ae 0F2E      		mov __tmp_reg__,r31
 534 02b0 F0E0      		ldi r31,lo8(0x43fa0000)
 535 02b2 AF2E      		mov r10,r31
 536 02b4 F0E0      		ldi r31,hi8(0x43fa0000)
 537 02b6 BF2E      		mov r11,r31
 538 02b8 FAEF      		ldi r31,hlo8(0x43fa0000)
 539 02ba CF2E      		mov r12,r31
 540 02bc F3E4      		ldi r31,hhi8(0x43fa0000)
 541 02be DF2E      		mov r13,r31
 542 02c0 F02D      		mov r31,__tmp_reg__
 543 02c2 00C0      		rjmp .L56
 544               	.L67:
 545               	.LM63:
 546 02c4 C601      		movw r24,r12
 547 02c6 B501      		movw r22,r10
 548 02c8 20E0      		ldi r18,lo8(0xc3fa0000)
 549 02ca 30E0      		ldi r19,hi8(0xc3fa0000)
 550 02cc 4AEF      		ldi r20,hlo8(0xc3fa0000)
 551 02ce 53EC      		ldi r21,hhi8(0xc3fa0000)
 552 02d0 0E94 0000 		call __ltsf2
 553 02d4 8823      		tst r24
 554 02d6 04F4      		brge .L56
 555 02d8 0F2E      		mov __tmp_reg__,r31
 556 02da F0E0      		ldi r31,lo8(0xc3fa0000)
 557 02dc AF2E      		mov r10,r31
 558 02de F0E0      		ldi r31,hi8(0xc3fa0000)
 559 02e0 BF2E      		mov r11,r31
 560 02e2 FAEF      		ldi r31,hlo8(0xc3fa0000)
 561 02e4 CF2E      		mov r12,r31
 562 02e6 F3EC      		ldi r31,hhi8(0xc3fa0000)
 563 02e8 DF2E      		mov r13,r31
 564 02ea F02D      		mov r31,__tmp_reg__
 565               	.L56:
 566               	.LM64:
 567 02ec C801      		movw r24,r16
 568 02ee B701      		movw r22,r14
 569 02f0 20E0      		ldi r18,lo8(0x3f000000)
 570 02f2 30E0      		ldi r19,hi8(0x3f000000)
 571 02f4 40E0      		ldi r20,hlo8(0x3f000000)
 572 02f6 5FE3      		ldi r21,hhi8(0x3f000000)
 573 02f8 0E94 0000 		call __mulsf3
 574 02fc 7B01      		movw r14,r22
 575 02fe 8C01      		movw r16,r24
 576 0300 C601      		movw r24,r12
 577 0302 B501      		movw r22,r10
 578 0304 20E0      		ldi r18,lo8(0x0)
 579 0306 30E0      		ldi r19,hi8(0x0)
 580 0308 40E0      		ldi r20,hlo8(0x0)
 581 030a 50E0      		ldi r21,hhi8(0x0)
 582 030c 0E94 0000 		call __mulsf3
 583 0310 23E3      		ldi r18,lo8(0xbff33333)
 584 0312 33E3      		ldi r19,hi8(0xbff33333)
 585 0314 43EF      		ldi r20,hlo8(0xbff33333)
 586 0316 5FEB      		ldi r21,hhi8(0xbff33333)
 587 0318 0E94 0000 		call __mulsf3
 588 031c 9B01      		movw r18,r22
 589 031e AC01      		movw r20,r24
 590 0320 C801      		movw r24,r16
 591 0322 B701      		movw r22,r14
 592 0324 0E94 0000 		call __addsf3
 593 0328 7B01      		movw r14,r22
 594 032a 8C01      		movw r16,r24
 595 032c BE01      		movw r22,r28
 596 032e 8827      		clr r24
 597 0330 77FD      		sbrc r23,7
 598 0332 8095      		com r24
 599 0334 982F      		mov r25,r24
 600               	.LVL45:
 601 0336 0E94 0000 		call __floatsisf
 602               	.LVL46:
 603 033a 2AE9      		ldi r18,lo8(0xbe99999a)
 604 033c 39E9      		ldi r19,hi8(0xbe99999a)
 605 033e 49E9      		ldi r20,hlo8(0xbe99999a)
 606 0340 5EEB      		ldi r21,hhi8(0xbe99999a)
 607 0342 0E94 0000 		call __mulsf3
 608 0346 9B01      		movw r18,r22
 609 0348 AC01      		movw r20,r24
 610 034a C801      		movw r24,r16
 611 034c B701      		movw r22,r14
 612 034e 0E94 0000 		call __addsf3
 613 0352 7B01      		movw r14,r22
 614 0354 8C01      		movw r16,r24
 615               	.LVL47:
 616               	.LM65:
 617 0356 20E0      		ldi r18,lo8(0x42c80000)
 618 0358 30E0      		ldi r19,hi8(0x42c80000)
 619 035a 48EC      		ldi r20,hlo8(0x42c80000)
 620 035c 52E4      		ldi r21,hhi8(0x42c80000)
 621 035e 0E94 0000 		call __gtsf2
 622 0362 1816      		cp __zero_reg__,r24
 623 0364 04F4      		brge .L68
 624 0366 0F2E      		mov __tmp_reg__,r31
 625 0368 F0E0      		ldi r31,lo8(0x42c80000)
 626 036a EF2E      		mov r14,r31
 627 036c F0E0      		ldi r31,hi8(0x42c80000)
 628 036e FF2E      		mov r15,r31
 629 0370 F8EC      		ldi r31,hlo8(0x42c80000)
 630 0372 0F2F      		mov r16,r31
 631 0374 F2E4      		ldi r31,hhi8(0x42c80000)
 632 0376 1F2F      		mov r17,r31
 633 0378 F02D      		mov r31,__tmp_reg__
 634 037a 00C0      		rjmp .L60
 635               	.L68:
 636               	.LM66:
 637 037c C801      		movw r24,r16
 638 037e B701      		movw r22,r14
 639 0380 20E0      		ldi r18,lo8(0xc2c80000)
 640 0382 30E0      		ldi r19,hi8(0xc2c80000)
 641 0384 48EC      		ldi r20,hlo8(0xc2c80000)
 642 0386 52EC      		ldi r21,hhi8(0xc2c80000)
 643 0388 0E94 0000 		call __ltsf2
 644 038c 8823      		tst r24
 645 038e 04F4      		brge .L60
 646 0390 0F2E      		mov __tmp_reg__,r31
 647 0392 F0E0      		ldi r31,lo8(0xc2c80000)
 648 0394 EF2E      		mov r14,r31
 649 0396 F0E0      		ldi r31,hi8(0xc2c80000)
 650 0398 FF2E      		mov r15,r31
 651 039a F8EC      		ldi r31,hlo8(0xc2c80000)
 652 039c 0F2F      		mov r16,r31
 653 039e F2EC      		ldi r31,hhi8(0xc2c80000)
 654 03a0 1F2F      		mov r17,r31
 655 03a2 F02D      		mov r31,__tmp_reg__
 656               	.L60:
 657 03a4 C801      		movw r24,r16
 658 03a6 B701      		movw r22,r14
 659 03a8 0E94 0000 		call __fixsfsi
 660               	.LM67:
 661 03ac CB01      		movw r24,r22
 662               	/* epilogue start */
 663 03ae DF91      		pop r29
 664 03b0 CF91      		pop r28
 665 03b2 1F91      		pop r17
 666 03b4 0F91      		pop r16
 667 03b6 FF90      		pop r15
 668 03b8 EF90      		pop r14
 669               	.LVL48:
 670 03ba DF90      		pop r13
 671 03bc CF90      		pop r12
 672 03be BF90      		pop r11
 673 03c0 AF90      		pop r10
 674               	.LVL49:
 675 03c2 0895      		ret
 676               	.LFE19:
 678               	.global	epicFunction
 680               	epicFunction:
 681               	.LFB20:
 682               	.LM68:
 683               	.LVL50:
 684 03c4 CF92      		push r12
 685 03c6 DF92      		push r13
 686 03c8 EF92      		push r14
 687 03ca FF92      		push r15
 688 03cc 0F93      		push r16
 689 03ce 1F93      		push r17
 690 03d0 CF93      		push r28
 691 03d2 DF93      		push r29
 692               	/* prologue: function */
 693               	/* frame size = 0 */
 694 03d4 6B01      		movw r12,r22
 695               	.LM69:
 696 03d6 9A01      		movw r18,r20
 697 03d8 2C54      		subi r18,lo8(-(180))
 698 03da 3F4F      		sbci r19,hi8(-(180))
 699               	.LVL51:
 700               	.LM70:
 701 03dc 91E0      		ldi r25,hi8(360)
 702 03de 2836      		cpi r18,lo8(360)
 703 03e0 3907      		cpc r19,r25
 704 03e2 04F0      		brlt .L70
 705               	.LVL52:
 706               	.LM71:
 707 03e4 9A01      		movw r18,r20
 708 03e6 245B      		subi r18,lo8(-(-180))
 709 03e8 3040      		sbci r19,hi8(-(-180))
 710               	.L70:
 711               	.LBB31:
 712               	.LBB32:
 713               	.LM72:
 714 03ea E82F      		mov r30,r24
 715 03ec F0E0      		ldi r31,lo8(0)
 716               	.LVL53:
 717 03ee EE0F      		lsl r30
 718 03f0 FF1F      		rol r31
 719               	.LVL54:
 720 03f2 E050      		subi r30,lo8(-(motorWinkel))
 721 03f4 F040      		sbci r31,hi8(-(motorWinkel))
 722               	.LVL55:
 723 03f6 CAE5      		ldi r28,lo8(90)
 724 03f8 D0E0      		ldi r29,hi8(90)
 725               	.LVL56:
 726 03fa 8081      		ld r24,Z
 727 03fc 9181      		ldd r25,Z+1
 728 03fe C81B      		sub r28,r24
 729 0400 D90B      		sbc r29,r25
 730 0402 C901      		movw r24,r18
 731 0404 68E6      		ldi r22,lo8(360)
 732 0406 71E0      		ldi r23,hi8(360)
 733 0408 0E94 0000 		call __divmodhi4
 734 040c C80F      		add r28,r24
 735 040e D91F      		adc r29,r25
 736 0410 00C0      		rjmp .L71
 737               	.L72:
 738               	.LM73:
 739 0412 C859      		subi r28,lo8(-(360))
 740 0414 DE4F      		sbci r29,hi8(-(360))
 741               	.L71:
 742               	.LM74:
 743 0416 D7FD      		sbrc r29,7
 744 0418 00C0      		rjmp .L72
 745 041a 00C0      		rjmp .L80
 746               	.L74:
 747               	.LM75:
 748 041c C856      		subi r28,lo8(-(-360))
 749 041e D140      		sbci r29,hi8(-(-360))
 750               	.L80:
 751               	.LM76:
 752 0420 81E0      		ldi r24,hi8(361)
 753 0422 C936      		cpi r28,lo8(361)
 754 0424 D807      		cpc r29,r24
 755 0426 04F4      		brge .L74
 756               	.LM77:
 757 0428 CA35      		cpi r28,90
 758 042a D105      		cpc r29,__zero_reg__
 759 042c 04F4      		brge .L75
 760               	.LM78:
 761 042e CC0F      		lsl r28
 762 0430 DD1F      		rol r29
 763 0432 CC0F      		lsl r28
 764 0434 DD1F      		rol r29
 765 0436 C050      		subi r28,lo8(-(Sinus))
 766 0438 D040      		sbci r29,hi8(-(Sinus))
 767 043a E880      		ld r14,Y
 768 043c F980      		ldd r15,Y+1
 769 043e 0A81      		ldd r16,Y+2
 770 0440 1B81      		ldd r17,Y+3
 771 0442 00C0      		rjmp .L76
 772               	.L75:
 773               	.LM79:
 774 0444 C43B      		cpi r28,180
 775 0446 D105      		cpc r29,__zero_reg__
 776 0448 04F4      		brge .L77
 777               	.LM80:
 778 044a E4EB      		ldi r30,lo8(180)
 779 044c F0E0      		ldi r31,hi8(180)
 780               	.LVL57:
 781 044e EC1B      		sub r30,r28
 782 0450 FD0B      		sbc r31,r29
 783 0452 EE0F      		lsl r30
 784 0454 FF1F      		rol r31
 785 0456 EE0F      		lsl r30
 786 0458 FF1F      		rol r31
 787 045a E050      		subi r30,lo8(-(Sinus))
 788 045c F040      		sbci r31,hi8(-(Sinus))
 789 045e E080      		ld r14,Z
 790 0460 F180      		ldd r15,Z+1
 791 0462 0281      		ldd r16,Z+2
 792 0464 1381      		ldd r17,Z+3
 793 0466 00C0      		rjmp .L76
 794               	.LVL58:
 795               	.L77:
 796               	.LM81:
 797 0468 91E0      		ldi r25,hi8(270)
 798 046a CE30      		cpi r28,lo8(270)
 799 046c D907      		cpc r29,r25
 800 046e 04F4      		brge .L78
 801               	.LM82:
 802 0470 CC0F      		lsl r28
 803 0472 DD1F      		rol r29
 804 0474 CC0F      		lsl r28
 805 0476 DD1F      		rol r29
 806 0478 C050      		subi r28,lo8(-(Sinus-720))
 807 047a D040      		sbci r29,hi8(-(Sinus-720))
 808 047c 8881      		ld r24,Y
 809 047e 9981      		ldd r25,Y+1
 810 0480 AA81      		ldd r26,Y+2
 811 0482 BB81      		ldd r27,Y+3
 812 0484 00C0      		rjmp .L81
 813               	.L78:
 814               	.LM83:
 815 0486 E8E6      		ldi r30,lo8(360)
 816 0488 F1E0      		ldi r31,hi8(360)
 817               	.LVL59:
 818 048a EC1B      		sub r30,r28
 819 048c FD0B      		sbc r31,r29
 820 048e EE0F      		lsl r30
 821 0490 FF1F      		rol r31
 822 0492 EE0F      		lsl r30
 823 0494 FF1F      		rol r31
 824 0496 E050      		subi r30,lo8(-(Sinus))
 825 0498 F040      		sbci r31,hi8(-(Sinus))
 826 049a 8081      		ld r24,Z
 827 049c 9181      		ldd r25,Z+1
 828 049e A281      		ldd r26,Z+2
 829 04a0 B381      		ldd r27,Z+3
 830               	.LVL60:
 831               	.L81:
 832 04a2 7C01      		movw r14,r24
 833 04a4 8D01      		movw r16,r26
 834 04a6 17FB      		bst r17,7
 835 04a8 1095      		com r17
 836 04aa 17F9      		bld r17,7
 837 04ac 1095      		com r17
 838               	.L76:
 839 04ae C601      		movw r24,r12
 840 04b0 60E0      		ldi r22,lo8(256)
 841 04b2 71E0      		ldi r23,hi8(256)
 842 04b4 0E94 0000 		call __divmodhi4
 843 04b8 AA27      		clr r26
 844 04ba 97FD      		sbrc r25,7
 845 04bc A095      		com r26
 846 04be BA2F      		mov r27,r26
 847 04c0 BC01      		movw r22,r24
 848 04c2 CD01      		movw r24,r26
 849 04c4 0E94 0000 		call __floatsisf
 850               	.LVL61:
 851 04c8 9B01      		movw r18,r22
 852 04ca AC01      		movw r20,r24
 853 04cc C801      		movw r24,r16
 854 04ce B701      		movw r22,r14
 855 04d0 0E94 0000 		call __mulsf3
 856 04d4 0E94 0000 		call __fixsfsi
 857               	.LBE32:
 858               	.LBE31:
 859               	.LM84:
 860 04d8 CB01      		movw r24,r22
 861               	/* epilogue start */
 862 04da DF91      		pop r29
 863 04dc CF91      		pop r28
 864               	.LVL62:
 865 04de 1F91      		pop r17
 866 04e0 0F91      		pop r16
 867 04e2 FF90      		pop r15
 868 04e4 EF90      		pop r14
 869 04e6 DF90      		pop r13
 870 04e8 CF90      		pop r12
 871               	.LVL63:
 872 04ea 0895      		ret
 873               	.LFE20:
 875               	.global	main
 877               	main:
 878               	.LFB23:
 879               	.LM85:
 880 04ec 1F93      		push r17
 881 04ee CF93      		push r28
 882 04f0 DF93      		push r29
 883               	/* prologue: function */
 884               	/* frame size = 0 */
 885               	.LM86:
 886               	/* #APP */
 887               	 ;  111 "main.c" 1
 888 04f2 A895      		wdr
 889               	 ;  0 "" 2
 890               	.LM87:
 891               	/* #NOAPP */
 892 04f4 2FE0      		ldi r18,lo8(15)
 893 04f6 88E1      		ldi r24,lo8(24)
 894 04f8 90E0      		ldi r25,hi8(24)
 895               	/* #APP */
 896               	 ;  112 "main.c" 1
 897 04fa 0FB6      		in __tmp_reg__,__SREG__
 898 04fc F894      		cli
 899 04fe A895      		wdr
 900 0500 8093 6000 		sts 96,r24
 901 0504 0FBE      		out __SREG__,__tmp_reg__
 902 0506 2093 6000 		sts 96,r18
 903               		
 904               	 ;  0 "" 2
 905               	.LM88:
 906               	/* #NOAPP */
 907 050a 8FEF      		ldi r24,lo8(-1)
 908 050c 8AB9      		out 42-32,r24
 909               	.LM89:
 910 050e 5398      		cbi 42-32,3
 911               	.LM90:
 912 0510 5298      		cbi 42-32,2
 913               	.LM91:
 914 0512 84B9      		out 36-32,r24
 915               	.LM92:
 916 0514 429A      		sbi 40-32,2
 917               	.LM93:
 918 0516 439A      		sbi 40-32,3
 919               	.LM94:
 920 0518 459A      		sbi 40-32,5
 921               	.LM95:
 922 051a 469A      		sbi 40-32,6
 923               	.LM96:
 924 051c 479A      		sbi 40-32,7
 925               	.LM97:
 926 051e 5B9A      		sbi 43-32,3
 927               	.LM98:
 928 0520 5A9A      		sbi 43-32,2
 929               	.LM99:
 930 0522 0E94 0000 		call i2c_init
 931               	.LM100:
 932 0526 93EA      		ldi r25,lo8(-93)
 933 0528 94BD      		out 68-32,r25
 934               	.LM101:
 935 052a 83E0      		ldi r24,lo8(3)
 936 052c 85BD      		out 69-32,r24
 937               	.LM102:
 938 052e 9093 B000 		sts 176,r25
 939               	.LM103:
 940 0532 84E0      		ldi r24,lo8(4)
 941 0534 8093 B100 		sts 177,r24
 942               	.LM104:
 943 0538 81E0      		ldi r24,lo8(1)
 944 053a 8093 6F00 		sts 111,r24
 945               	.LM105:
 946 053e 8093 8100 		sts 129,r24
 947               	.LM106:
 948 0542 0E94 0000 		call ReadChannelInit
 949               	.LM107:
 950 0546 8EE0      		ldi r24,lo8(14)
 951 0548 90E0      		ldi r25,hi8(14)
 952 054a 0E94 0000 		call __eerd_word_m644p
 953 054e 9093 0000 		sts (startwert)+1,r25
 954 0552 8093 0000 		sts startwert,r24
 955               	.LM108:
 956 0556 04B6      		in __tmp_reg__,84-32
 957 0558 03FC      		sbrc __tmp_reg__,3
 958               	.LM109:
 959 055a 2F9A      		sbi 37-32,7
 960               	.L83:
 961               	.LM110:
 962 055c 84B7      		in r24,84-32
 963 055e 877F      		andi r24,lo8(-9)
 964 0560 84BF      		out 84-32,r24
 965               	.LM111:
 966 0562 0E94 0000 		call gyro_init
 967               	.LM112:
 968               	/* #APP */
 969               	 ;  145 "main.c" 1
 970 0566 7894      		sei
 971               	 ;  0 "" 2
 972               	/* #NOAPP */
 973               	.LBB33:
 974               	.LBB34:
 975               	.LBB35:
 976               	.LBB36:
 977               	.LBB37:
 978               	.LM113:
 979 0568 C8E8      		ldi r28,lo8(5000)
 980 056a D3E1      		ldi r29,hi8(5000)
 981               	.LBE37:
 982               	.LBE36:
 983               	.LBE35:
 984               	.LBE34:
 985               	.LBE33:
 986               	.LM114:
 987 056c 11E0      		ldi r17,lo8(1)
 988               	.L96:
 989               	.LM115:
 990 056e 3299      		sbic 38-32,2
 991 0570 00C0      		rjmp .L84
 992               	.LM116:
 993 0572 2F9A      		sbi 37-32,7
 994 0574 20E0      		ldi r18,lo8(0)
 995               	.LVL64:
 996               	.L85:
 997               	.LBB42:
 998               	.LBB41:
 999               	.LBB40:
 1000               	.LBB39:
 1001               	.LBB38:
 1002               	.LM117:
 1003 0576 CE01      		movw r24,r28
 1004               	.LVL65:
 1005               	/* #APP */
 1006               	 ;  105 "c:/winavr-20100110/lib/gcc/../../avr/include/util/delay_basic.h" 1
 1007 0578 0197      		1: sbiw r24,1
 1008 057a 01F4      		brne 1b
 1009               	 ;  0 "" 2
 1010               	/* #NOAPP */
 1011               	.LBE38:
 1012               	.LBE39:
 1013               	.LBE40:
 1014               	.LBE41:
 1015               	.LM118:
 1016               	/* #APP */
 1017               	 ;  155 "main.c" 1
 1018 057c A895      		wdr
 1019               	 ;  0 "" 2
 1020               	.LM119:
 1021               	/* #NOAPP */
 1022 057e 2F5F      		subi r18,lo8(-(1))
 1023 0580 2233      		cpi r18,lo8(50)
 1024 0582 01F4      		brne .L85
 1025               	.LBE42:
 1026               	.LM120:
 1027 0584 81E0      		ldi r24,lo8(1)
 1028 0586 90E0      		ldi r25,hi8(1)
 1029               	.LVL66:
 1030 0588 60E0      		ldi r22,lo8(0)
 1031 058a 70E0      		ldi r23,hi8(0)
 1032 058c 0E94 0000 		call __eewr_word_m644p
 1033               	.LVL67:
 1034               	.LM121:
 1035 0590 6091 0000 		lds r22,cmp
 1036 0594 7091 0000 		lds r23,(cmp)+1
 1037 0598 8EE0      		ldi r24,lo8(14)
 1038 059a 90E0      		ldi r25,hi8(14)
 1039 059c 0E94 0000 		call __eewr_word_m644p
 1040               	.LM122:
 1041 05a0 8091 0000 		lds r24,cmp
 1042 05a4 9091 0000 		lds r25,(cmp)+1
 1043 05a8 9093 0000 		sts (startwert)+1,r25
 1044 05ac 8093 0000 		sts startwert,r24
 1045               	.LM123:
 1046 05b0 2F98      		cbi 37-32,7
 1047               	.L84:
 1048               	.LM124:
 1049 05b2 3399      		sbic 38-32,3
 1050 05b4 00C0      		rjmp .L86
 1051               	.LM125:
 1052 05b6 8091 0000 		lds r24,shoots
 1053 05ba 8330      		cpi r24,lo8(3)
 1054 05bc 04F0      		brlt .+2
 1055 05be 00C0      		rjmp .L87
 1056               	.LM126:
 1057 05c0 8091 0000 		lds r24,us_l
 1058 05c4 9091 0000 		lds r25,(us_l)+1
 1059 05c8 6091 0000 		lds r22,us_r
 1060 05cc 7091 0000 		lds r23,(us_r)+1
 1061 05d0 4091 0000 		lds r20,us_a
 1062 05d4 5091 0000 		lds r21,(us_a)+1
 1063 05d8 0E94 0000 		call getShootangle
 1064 05dc 8093 0000 		sts CMPcorrection,r24
 1065               	.LM127:
 1066 05e0 9927      		clr r25
 1067 05e2 87FD      		sbrc r24,7
 1068 05e4 9095      		com r25
 1069 05e6 2091 0000 		lds r18,startwert
 1070 05ea 3091 0000 		lds r19,(startwert)+1
 1071 05ee 820F      		add r24,r18
 1072 05f0 931F      		adc r25,r19
 1073 05f2 0E94 0000 		call relativeRichtung
 1074 05f6 0697      		sbiw r24,6
 1075 05f8 04F4      		brge .L88
 1076               	.LM128:
 1077 05fa 8091 0000 		lds r24,ball
 1078 05fe 8823      		tst r24
 1079 0600 01F0      		breq .L88
 1080               	.LM129:
 1081 0602 1092 0000 		sts (time)+1,__zero_reg__
 1082 0606 1092 0000 		sts time,__zero_reg__
 1083               	.LM130:
 1084 060a 1093 0000 		sts set_time,r17
 1085               	.LM131:
 1086 060e 1092 0000 		sts ball,__zero_reg__
 1087               	.L88:
 1088               	.LM132:
 1089 0612 8091 0000 		lds r24,time
 1090 0616 9091 0000 		lds r25,(time)+1
 1091 061a 8536      		cpi r24,101
 1092 061c 9105      		cpc r25,__zero_reg__
 1093 061e 04F0      		brlt .L89
 1094               	.LM133:
 1095 0620 8091 0000 		lds r24,shoots
 1096 0624 8F5F      		subi r24,lo8(-(1))
 1097 0626 8093 0000 		sts shoots,r24
 1098               	.LM134:
 1099 062a 1092 0000 		sts (time)+1,__zero_reg__
 1100 062e 1092 0000 		sts time,__zero_reg__
 1101               	.L89:
 1102 0632 E0E0      		ldi r30,lo8(ADC_Werte)
 1103 0634 F0E0      		ldi r31,hi8(ADC_Werte)
 1104 0636 80E0      		ldi r24,lo8(0)
 1105 0638 90E0      		ldi r25,hi8(0)
 1106               	.LVL68:
 1107 063a 00C0      		rjmp .L90
 1108               	.LVL69:
 1109               	.L87:
 1110               	.LM135:
 1111 063c 1092 0000 		sts CMPcorrection,__zero_reg__
 1112 0640 00C0      		rjmp .L89
 1113               	.L86:
 1114               	.LM136:
 1115 0642 1092 0000 		sts CMPcorrection,__zero_reg__
 1116               	.LM137:
 1117 0646 8091 0000 		lds r24,ball
 1118 064a 8823      		tst r24
 1119 064c 01F4      		brne .L89
 1120               	.LM138:
 1121 064e 1093 0000 		sts ball,r17
 1122               	.LM139:
 1123 0652 1092 0000 		sts set_time,__zero_reg__
 1124               	.LM140:
 1125 0656 1092 0000 		sts shoots,__zero_reg__
 1126 065a 00C0      		rjmp .L89
 1127               	.LVL70:
 1128               	.L90:
 1129               	.LBB43:
 1130               	.LBB44:
 1131               	.LBB45:
 1132               	.LM141:
 1133 065c 2081      		ld r18,Z
 1134 065e 3181      		ldd r19,Z+1
 1135 0660 8217      		cp r24,r18
 1136 0662 9307      		cpc r25,r19
 1137 0664 00F4      		brsh .L91
 1138               	.LM142:
 1139 0666 C901      		movw r24,r18
 1140               	.L91:
 1141 0668 3296      		adiw r30,2
 1142               	.LM143:
 1143 066a 20E0      		ldi r18,hi8(ADC_Werte+16)
 1144 066c E030      		cpi r30,lo8(ADC_Werte+16)
 1145 066e F207      		cpc r31,r18
 1146 0670 01F4      		brne .L90
 1147               	.LBE45:
 1148               	.LBE44:
 1149               	.LBE43:
 1150               	.LM144:
 1151 0672 8955      		subi r24,lo8(601)
 1152 0674 9240      		sbci r25,hi8(601)
 1153 0676 04F0      		brlt .L92
 1154               	.LM145:
 1155 0678 8091 0000 		lds r24,cmp
 1156 067c 9091 0000 		lds r25,(cmp)+1
 1157               	.LVL71:
 1158 0680 2091 0000 		lds r18,startwert
 1159 0684 3091 0000 		lds r19,(startwert)+1
 1160 0688 281B      		sub r18,r24
 1161 068a 390B      		sbc r19,r25
 1162 068c 3093 0000 		sts (cmp_rel)+1,r19
 1163 0690 2093 0000 		sts cmp_rel,r18
 1164               	.LM146:
 1165 0694 8091 0000 		lds r24,cmp_rel
 1166 0698 9091 0000 		lds r25,(cmp_rel)+1
 1167 069c 885F      		subi r24,lo8(-1800)
 1168 069e 984F      		sbci r25,hi8(-1800)
 1169 06a0 04F4      		brge .L93
 1170               	.LM147:
 1171 06a2 8091 0000 		lds r24,cmp_rel
 1172 06a6 9091 0000 		lds r25,(cmp_rel)+1
 1173 06aa 805F      		subi r24,lo8(-(3600))
 1174 06ac 914F      		sbci r25,hi8(-(3600))
 1175 06ae 00C0      		rjmp .L100
 1176               	.L93:
 1177               	.LM148:
 1178 06b0 8091 0000 		lds r24,cmp_rel
 1179 06b4 9091 0000 		lds r25,(cmp_rel)+1
 1180 06b8 8950      		subi r24,lo8(1801)
 1181 06ba 9740      		sbci r25,hi8(1801)
 1182 06bc 04F0      		brlt .L94
 1183               	.LM149:
 1184 06be 8091 0000 		lds r24,cmp_rel
 1185 06c2 9091 0000 		lds r25,(cmp_rel)+1
 1186 06c6 8051      		subi r24,lo8(-(-3600))
 1187 06c8 9E40      		sbci r25,hi8(-(-3600))
 1188               	.L100:
 1189 06ca 9093 0000 		sts (cmp_rel)+1,r25
 1190 06ce 8093 0000 		sts cmp_rel,r24
 1191               	.L94:
 1192               	.LM150:
 1193 06d2 8091 0000 		lds r24,cmp_rel
 1194 06d6 9091 0000 		lds r25,(cmp_rel)+1
 1195 06da 6AE0      		ldi r22,lo8(10)
 1196 06dc 70E0      		ldi r23,hi8(10)
 1197 06de 0E94 0000 		call __divmodhi4
 1198 06e2 7093 0000 		sts (cmp_rel)+1,r23
 1199 06e6 6093 0000 		sts cmp_rel,r22
 1200 06ea 00C0      		rjmp .L95
 1201               	.LVL72:
 1202               	.L92:
 1203               	.LM151:
 1204 06ec 80E0      		ldi r24,lo8(0)
 1205               	.LVL73:
 1206 06ee 60E0      		ldi r22,lo8(0)
 1207 06f0 70E0      		ldi r23,hi8(0)
 1208 06f2 0E94 0000 		call MotorPower
 1209               	.LM152:
 1210 06f6 81E0      		ldi r24,lo8(1)
 1211 06f8 60E0      		ldi r22,lo8(0)
 1212 06fa 70E0      		ldi r23,hi8(0)
 1213 06fc 0E94 0000 		call MotorPower
 1214               	.LM153:
 1215 0700 82E0      		ldi r24,lo8(2)
 1216 0702 60E0      		ldi r22,lo8(0)
 1217 0704 70E0      		ldi r23,hi8(0)
 1218 0706 0E94 0000 		call MotorPower
 1219               	.L95:
 1220               	.LM154:
 1221               	/* #APP */
 1222               	 ;  208 "main.c" 1
 1223 070a A895      		wdr
 1224               	 ;  0 "" 2
 1225               	/* #NOAPP */
 1226 070c 00C0      		rjmp .L96
 1227               	.LFE23:
 1229               		.data
 1230               	.LC0:
 1231 0000 5553 7C6C 		.string	"US|l/r/a"
 1231      2F72 2F61 
 1231      00
 1232               	.LC1:
 1233 0009 434D 5000 		.string	"CMP"
 1234               	.LC2:
 1235 000d 4100      		.string	"A"
 1236               	.LC3:
 1237 000f 4200      		.string	"B"
 1238               	.LC4:
 1239 0011 4300      		.string	"C"
 1240               	.LC5:
 1241 0013 4400      		.string	"D"
 1242               	.LC6:
 1243 0015 4759 524F 		.string	"GYRO"
 1243      00
 1244               	.LC7:
 1245 001a 4500      		.string	"E"
 1246               	.LC8:
 1247 001c 4600      		.string	"F"
 1248               	.LC9:
 1249 001e 4700      		.string	"G"
 1250               	.LC10:
 1251 0020 4800      		.string	"H"
 1252               	.LC11:
 1253 0022 582F 5900 		.string	"X/Y"
 1254               		.text
 1255               	.global	__vector_15
 1257               	__vector_15:
 1258               	.LFB22:
 1259               	.LM155:
 1260 070e 1F92      		push __zero_reg__
 1261 0710 0F92      		push r0
 1262 0712 0FB6      		in r0,__SREG__
 1263 0714 0F92      		push r0
 1264 0716 1124      		clr __zero_reg__
 1265 0718 2F93      		push r18
 1266 071a 3F93      		push r19
 1267 071c 4F93      		push r20
 1268 071e 5F93      		push r21
 1269 0720 6F93      		push r22
 1270 0722 7F93      		push r23
 1271 0724 8F93      		push r24
 1272 0726 9F93      		push r25
 1273 0728 AF93      		push r26
 1274 072a BF93      		push r27
 1275 072c EF93      		push r30
 1276 072e FF93      		push r31
 1277               	/* prologue: Signal */
 1278               	/* frame size = 0 */
 1279               	.LM156:
 1280 0730 8091 0000 		lds r24,set_time
 1281 0734 8823      		tst r24
 1282 0736 01F0      		breq .L102
 1283               	.LM157:
 1284 0738 8091 0000 		lds r24,time
 1285 073c 9091 0000 		lds r25,(time)+1
 1286 0740 0196      		adiw r24,1
 1287 0742 9093 0000 		sts (time)+1,r25
 1288 0746 8093 0000 		sts time,r24
 1289               	.L102:
 1290               	.LM158:
 1291 074a 8091 0000 		lds r24,zaehler
 1292 074e 8130      		cpi r24,lo8(1)
 1293 0750 01F4      		brne .L103
 1294               	.LM159:
 1295 0752 80EE      		ldi r24,lo8(-32)
 1296 0754 0E94 0000 		call srf08_ready
 1297 0758 8823      		tst r24
 1298 075a 01F0      		breq .L104
 1299               	.LM160:
 1300 075c 80EE      		ldi r24,lo8(-32)
 1301 075e 0E94 0000 		call US_read
 1302 0762 9093 0000 		sts (us_a)+1,r25
 1303 0766 8093 0000 		sts us_a,r24
 1304               	.LM161:
 1305 076a 80EE      		ldi r24,lo8(-32)
 1306 076c 0E94 0000 		call US_start
 1307               	.L104:
 1308               	.LM162:
 1309 0770 82EE      		ldi r24,lo8(-30)
 1310 0772 0E94 0000 		call srf08_ready
 1311 0776 8823      		tst r24
 1312 0778 01F0      		breq .L105
 1313               	.LM163:
 1314 077a 82EE      		ldi r24,lo8(-30)
 1315 077c 0E94 0000 		call US_read
 1316 0780 9093 0000 		sts (us_l)+1,r25
 1317 0784 8093 0000 		sts us_l,r24
 1318               	.LM164:
 1319 0788 82EE      		ldi r24,lo8(-30)
 1320 078a 0E94 0000 		call US_start
 1321               	.L105:
 1322               	.LM165:
 1323 078e 86EE      		ldi r24,lo8(-26)
 1324 0790 0E94 0000 		call srf08_ready
 1325 0794 8823      		tst r24
 1326 0796 01F0      		breq .L103
 1327               	.LM166:
 1328 0798 86EE      		ldi r24,lo8(-26)
 1329 079a 0E94 0000 		call US_read
 1330 079e 9093 0000 		sts (us_r)+1,r25
 1331 07a2 8093 0000 		sts us_r,r24
 1332               	.LM167:
 1333 07a6 86EE      		ldi r24,lo8(-26)
 1334 07a8 0E94 0000 		call US_start
 1335               	.L103:
 1336               	.LM168:
 1337 07ac 8091 0000 		lds r24,zaehler
 1338 07b0 8230      		cpi r24,lo8(2)
 1339 07b2 01F4      		brne .L106
 1340               	.LM169:
 1341 07b4 0E94 0000 		call Gyro_byte
 1342               	.LM170:
 1343 07b8 0E94 0000 		call CMPS_grad
 1344 07bc 9093 0000 		sts (cmp)+1,r25
 1345 07c0 8093 0000 		sts cmp,r24
 1346               	.L106:
 1347               	.LM171:
 1348 07c4 8091 0000 		lds r24,zaehler
 1349 07c8 8330      		cpi r24,lo8(3)
 1350 07ca 01F0      		breq .+2
 1351 07cc 00C0      		rjmp .L107
 1352 07ce 3699      		sbic 38-32,6
 1353 07d0 00C0      		rjmp .L107
 1354               	.LM172:
 1355 07d2 8091 0000 		lds r24,lcd_clear
 1356 07d6 8823      		tst r24
 1357 07d8 01F0      		breq .L108
 1358               	.LM173:
 1359 07da 0E94 0000 		call clear_lcd
 1360               	.LM174:
 1361 07de 1092 0000 		sts lcd_clear,__zero_reg__
 1362 07e2 00C0      		rjmp .L109
 1363               	.L108:
 1364               	.LM175:
 1365 07e4 81E0      		ldi r24,lo8(1)
 1366 07e6 8093 0000 		sts lcd_clear,r24
 1367               	.L109:
 1368               	.LM176:
 1369 07ea 81E0      		ldi r24,lo8(1)
 1370 07ec 90E0      		ldi r25,hi8(1)
 1371 07ee 61E0      		ldi r22,lo8(1)
 1372 07f0 70E0      		ldi r23,hi8(1)
 1373 07f2 40E0      		ldi r20,lo8(.LC0)
 1374 07f4 50E0      		ldi r21,hi8(.LC0)
 1375 07f6 0E94 0000 		call display_output_string
 1376               	.LM177:
 1377 07fa 4091 0000 		lds r20,us_l
 1378 07fe 5091 0000 		lds r21,(us_l)+1
 1379 0802 81E0      		ldi r24,lo8(1)
 1380 0804 90E0      		ldi r25,hi8(1)
 1381 0806 6AE0      		ldi r22,lo8(10)
 1382 0808 70E0      		ldi r23,hi8(10)
 1383 080a 0E94 0000 		call display_output_int
 1384               	.LM178:
 1385 080e 4091 0000 		lds r20,us_r
 1386 0812 5091 0000 		lds r21,(us_r)+1
 1387 0816 81E0      		ldi r24,lo8(1)
 1388 0818 90E0      		ldi r25,hi8(1)
 1389 081a 6EE0      		ldi r22,lo8(14)
 1390 081c 70E0      		ldi r23,hi8(14)
 1391 081e 0E94 0000 		call display_output_int
 1392               	.LM179:
 1393 0822 4091 0000 		lds r20,us_a
 1394 0826 5091 0000 		lds r21,(us_a)+1
 1395 082a 81E0      		ldi r24,lo8(1)
 1396 082c 90E0      		ldi r25,hi8(1)
 1397 082e 62E1      		ldi r22,lo8(18)
 1398 0830 70E0      		ldi r23,hi8(18)
 1399 0832 0E94 0000 		call display_output_int
 1400               	.LM180:
 1401 0836 83E0      		ldi r24,lo8(3)
 1402 0838 90E0      		ldi r25,hi8(3)
 1403 083a 61E0      		ldi r22,lo8(1)
 1404 083c 70E0      		ldi r23,hi8(1)
 1405 083e 40E0      		ldi r20,lo8(.LC1)
 1406 0840 50E0      		ldi r21,hi8(.LC1)
 1407 0842 0E94 0000 		call display_output_string
 1408               	.LM181:
 1409 0846 4091 0000 		lds r20,cmp
 1410 084a 5091 0000 		lds r21,(cmp)+1
 1411 084e 83E0      		ldi r24,lo8(3)
 1412 0850 90E0      		ldi r25,hi8(3)
 1413 0852 65E0      		ldi r22,lo8(5)
 1414 0854 70E0      		ldi r23,hi8(5)
 1415 0856 0E94 0000 		call display_output_int
 1416               	.LM182:
 1417 085a 4091 0000 		lds r20,cmp_rel
 1418 085e 5091 0000 		lds r21,(cmp_rel)+1
 1419 0862 83E0      		ldi r24,lo8(3)
 1420 0864 90E0      		ldi r25,hi8(3)
 1421 0866 6AE0      		ldi r22,lo8(10)
 1422 0868 70E0      		ldi r23,hi8(10)
 1423 086a 0E94 0000 		call display_output_int
 1424 086e E0E0      		ldi r30,lo8(ADC_Werte)
 1425 0870 F0E0      		ldi r31,hi8(ADC_Werte)
 1426 0872 40E0      		ldi r20,lo8(0)
 1427 0874 50E0      		ldi r21,hi8(0)
 1428               	.LVL74:
 1429               	.L111:
 1430               	.LBB46:
 1431               	.LBB47:
 1432               	.LBB48:
 1433               	.LM183:
 1434 0876 8081      		ld r24,Z
 1435 0878 9181      		ldd r25,Z+1
 1436 087a 4817      		cp r20,r24
 1437 087c 5907      		cpc r21,r25
 1438 087e 00F4      		brsh .L110
 1439               	.LM184:
 1440 0880 AC01      		movw r20,r24
 1441               	.L110:
 1442 0882 3296      		adiw r30,2
 1443               	.LM185:
 1444 0884 80E0      		ldi r24,hi8(ADC_Werte+16)
 1445 0886 E030      		cpi r30,lo8(ADC_Werte+16)
 1446 0888 F807      		cpc r31,r24
 1447 088a 01F4      		brne .L111
 1448               	.LBE48:
 1449               	.LBE47:
 1450               	.LBE46:
 1451               	.LM186:
 1452 088c 83E0      		ldi r24,lo8(3)
 1453 088e 90E0      		ldi r25,hi8(3)
 1454 0890 6FE0      		ldi r22,lo8(15)
 1455 0892 70E0      		ldi r23,hi8(15)
 1456 0894 0E94 0000 		call display_output_int
 1457               	.LVL75:
 1458               	.LM187:
 1459 0898 8091 0000 		lds r24,ir_zaehler
 1460 089c 9091 0000 		lds r25,(ir_zaehler)+1
 1461 08a0 8436      		cpi r24,100
 1462 08a2 9105      		cpc r25,__zero_reg__
 1463 08a4 04F0      		brlt .+2
 1464 08a6 00C0      		rjmp .L112
 1465               	.LM188:
 1466 08a8 84E0      		ldi r24,lo8(4)
 1467 08aa 90E0      		ldi r25,hi8(4)
 1468 08ac 61E0      		ldi r22,lo8(1)
 1469 08ae 70E0      		ldi r23,hi8(1)
 1470 08b0 40E0      		ldi r20,lo8(.LC2)
 1471 08b2 50E0      		ldi r21,hi8(.LC2)
 1472 08b4 0E94 0000 		call display_output_string
 1473               	.LM189:
 1474 08b8 4091 0000 		lds r20,ADC_Werte
 1475 08bc 5091 0000 		lds r21,(ADC_Werte)+1
 1476 08c0 84E0      		ldi r24,lo8(4)
 1477 08c2 90E0      		ldi r25,hi8(4)
 1478 08c4 62E0      		ldi r22,lo8(2)
 1479 08c6 70E0      		ldi r23,hi8(2)
 1480 08c8 0E94 0000 		call display_output_int
 1481               	.LM190:
 1482 08cc 84E0      		ldi r24,lo8(4)
 1483 08ce 90E0      		ldi r25,hi8(4)
 1484 08d0 66E0      		ldi r22,lo8(6)
 1485 08d2 70E0      		ldi r23,hi8(6)
 1486 08d4 40E0      		ldi r20,lo8(.LC3)
 1487 08d6 50E0      		ldi r21,hi8(.LC3)
 1488 08d8 0E94 0000 		call display_output_string
 1489               	.LM191:
 1490 08dc 4091 0000 		lds r20,ADC_Werte+2
 1491 08e0 5091 0000 		lds r21,(ADC_Werte+2)+1
 1492 08e4 84E0      		ldi r24,lo8(4)
 1493 08e6 90E0      		ldi r25,hi8(4)
 1494 08e8 67E0      		ldi r22,lo8(7)
 1495 08ea 70E0      		ldi r23,hi8(7)
 1496 08ec 0E94 0000 		call display_output_int
 1497               	.LM192:
 1498 08f0 84E0      		ldi r24,lo8(4)
 1499 08f2 90E0      		ldi r25,hi8(4)
 1500 08f4 6BE0      		ldi r22,lo8(11)
 1501 08f6 70E0      		ldi r23,hi8(11)
 1502 08f8 40E0      		ldi r20,lo8(.LC4)
 1503 08fa 50E0      		ldi r21,hi8(.LC4)
 1504 08fc 0E94 0000 		call display_output_string
 1505               	.LM193:
 1506 0900 4091 0000 		lds r20,ADC_Werte+4
 1507 0904 5091 0000 		lds r21,(ADC_Werte+4)+1
 1508 0908 84E0      		ldi r24,lo8(4)
 1509 090a 90E0      		ldi r25,hi8(4)
 1510 090c 6CE0      		ldi r22,lo8(12)
 1511 090e 70E0      		ldi r23,hi8(12)
 1512 0910 0E94 0000 		call display_output_int
 1513               	.LM194:
 1514 0914 84E0      		ldi r24,lo8(4)
 1515 0916 90E0      		ldi r25,hi8(4)
 1516 0918 60E1      		ldi r22,lo8(16)
 1517 091a 70E0      		ldi r23,hi8(16)
 1518 091c 40E0      		ldi r20,lo8(.LC5)
 1519 091e 50E0      		ldi r21,hi8(.LC5)
 1520 0920 0E94 0000 		call display_output_string
 1521               	.LM195:
 1522 0924 4091 0000 		lds r20,ADC_Werte+6
 1523 0928 5091 0000 		lds r21,(ADC_Werte+6)+1
 1524 092c 84E0      		ldi r24,lo8(4)
 1525 092e 90E0      		ldi r25,hi8(4)
 1526 0930 61E1      		ldi r22,lo8(17)
 1527 0932 70E0      		ldi r23,hi8(17)
 1528 0934 0E94 0000 		call display_output_int
 1529               	.LM196:
 1530 0938 82E0      		ldi r24,lo8(2)
 1531 093a 90E0      		ldi r25,hi8(2)
 1532 093c 61E0      		ldi r22,lo8(1)
 1533 093e 70E0      		ldi r23,hi8(1)
 1534 0940 40E0      		ldi r20,lo8(.LC6)
 1535 0942 50E0      		ldi r21,hi8(.LC6)
 1536 0944 0E94 0000 		call display_output_string
 1537               	.LM197:
 1538 0948 4091 0000 		lds r20,yaw
 1539 094c 5091 0000 		lds r21,(yaw)+1
 1540 0950 82E0      		ldi r24,lo8(2)
 1541 0952 90E0      		ldi r25,hi8(2)
 1542 0954 66E0      		ldi r22,lo8(6)
 1543 0956 70E0      		ldi r23,hi8(6)
 1544 0958 0E94 0000 		call display_output_int
 1545               	.LM198:
 1546 095c 4091 0000 		lds r20,pitch
 1547 0960 5091 0000 		lds r21,(pitch)+1
 1548 0964 82E0      		ldi r24,lo8(2)
 1549 0966 90E0      		ldi r25,hi8(2)
 1550 0968 6AE0      		ldi r22,lo8(10)
 1551 096a 70E0      		ldi r23,hi8(10)
 1552 096c 0E94 0000 		call display_output_int
 1553               	.LM199:
 1554 0970 4091 0000 		lds r20,roll
 1555 0974 5091 0000 		lds r21,(roll)+1
 1556 0978 82E0      		ldi r24,lo8(2)
 1557 097a 90E0      		ldi r25,hi8(2)
 1558 097c 6EE0      		ldi r22,lo8(14)
 1559 097e 70E0      		ldi r23,hi8(14)
 1560 0980 00C0      		rjmp .L118
 1561               	.L112:
 1562               	.LM200:
 1563 0982 883C      		cpi r24,200
 1564 0984 9105      		cpc r25,__zero_reg__
 1565 0986 04F0      		brlt .+2
 1566 0988 00C0      		rjmp .L113
 1567               	.LM201:
 1568 098a 84E0      		ldi r24,lo8(4)
 1569 098c 90E0      		ldi r25,hi8(4)
 1570 098e 61E0      		ldi r22,lo8(1)
 1571 0990 70E0      		ldi r23,hi8(1)
 1572 0992 40E0      		ldi r20,lo8(.LC7)
 1573 0994 50E0      		ldi r21,hi8(.LC7)
 1574 0996 0E94 0000 		call display_output_string
 1575               	.LM202:
 1576 099a 4091 0000 		lds r20,ADC_Werte+8
 1577 099e 5091 0000 		lds r21,(ADC_Werte+8)+1
 1578 09a2 84E0      		ldi r24,lo8(4)
 1579 09a4 90E0      		ldi r25,hi8(4)
 1580 09a6 62E0      		ldi r22,lo8(2)
 1581 09a8 70E0      		ldi r23,hi8(2)
 1582 09aa 0E94 0000 		call display_output_int
 1583               	.LM203:
 1584 09ae 84E0      		ldi r24,lo8(4)
 1585 09b0 90E0      		ldi r25,hi8(4)
 1586 09b2 66E0      		ldi r22,lo8(6)
 1587 09b4 70E0      		ldi r23,hi8(6)
 1588 09b6 40E0      		ldi r20,lo8(.LC8)
 1589 09b8 50E0      		ldi r21,hi8(.LC8)
 1590 09ba 0E94 0000 		call display_output_string
 1591               	.LM204:
 1592 09be 4091 0000 		lds r20,ADC_Werte+10
 1593 09c2 5091 0000 		lds r21,(ADC_Werte+10)+1
 1594 09c6 84E0      		ldi r24,lo8(4)
 1595 09c8 90E0      		ldi r25,hi8(4)
 1596 09ca 67E0      		ldi r22,lo8(7)
 1597 09cc 70E0      		ldi r23,hi8(7)
 1598 09ce 0E94 0000 		call display_output_int
 1599               	.LM205:
 1600 09d2 84E0      		ldi r24,lo8(4)
 1601 09d4 90E0      		ldi r25,hi8(4)
 1602 09d6 6BE0      		ldi r22,lo8(11)
 1603 09d8 70E0      		ldi r23,hi8(11)
 1604 09da 40E0      		ldi r20,lo8(.LC9)
 1605 09dc 50E0      		ldi r21,hi8(.LC9)
 1606 09de 0E94 0000 		call display_output_string
 1607               	.LM206:
 1608 09e2 4091 0000 		lds r20,ADC_Werte+12
 1609 09e6 5091 0000 		lds r21,(ADC_Werte+12)+1
 1610 09ea 84E0      		ldi r24,lo8(4)
 1611 09ec 90E0      		ldi r25,hi8(4)
 1612 09ee 6CE0      		ldi r22,lo8(12)
 1613 09f0 70E0      		ldi r23,hi8(12)
 1614 09f2 0E94 0000 		call display_output_int
 1615               	.LM207:
 1616 09f6 84E0      		ldi r24,lo8(4)
 1617 09f8 90E0      		ldi r25,hi8(4)
 1618 09fa 60E1      		ldi r22,lo8(16)
 1619 09fc 70E0      		ldi r23,hi8(16)
 1620 09fe 40E0      		ldi r20,lo8(.LC10)
 1621 0a00 50E0      		ldi r21,hi8(.LC10)
 1622 0a02 0E94 0000 		call display_output_string
 1623               	.LM208:
 1624 0a06 4091 0000 		lds r20,ADC_Werte+14
 1625 0a0a 5091 0000 		lds r21,(ADC_Werte+14)+1
 1626 0a0e 84E0      		ldi r24,lo8(4)
 1627 0a10 90E0      		ldi r25,hi8(4)
 1628 0a12 61E1      		ldi r22,lo8(17)
 1629 0a14 70E0      		ldi r23,hi8(17)
 1630 0a16 0E94 0000 		call display_output_int
 1631               	.LM209:
 1632 0a1a 82E0      		ldi r24,lo8(2)
 1633 0a1c 90E0      		ldi r25,hi8(2)
 1634 0a1e 61E0      		ldi r22,lo8(1)
 1635 0a20 70E0      		ldi r23,hi8(1)
 1636 0a22 40E0      		ldi r20,lo8(.LC11)
 1637 0a24 50E0      		ldi r21,hi8(.LC11)
 1638 0a26 0E94 0000 		call display_output_string
 1639               	.LM210:
 1640 0a2a 4091 0000 		lds r20,x
 1641 0a2e 82E0      		ldi r24,lo8(2)
 1642 0a30 90E0      		ldi r25,hi8(2)
 1643 0a32 66E0      		ldi r22,lo8(6)
 1644 0a34 70E0      		ldi r23,hi8(6)
 1645 0a36 50E0      		ldi r21,lo8(0)
 1646 0a38 0E94 0000 		call display_output_int
 1647               	.LM211:
 1648 0a3c 4091 0000 		lds r20,y
 1649 0a40 82E0      		ldi r24,lo8(2)
 1650 0a42 90E0      		ldi r25,hi8(2)
 1651 0a44 6AE0      		ldi r22,lo8(10)
 1652 0a46 70E0      		ldi r23,hi8(10)
 1653 0a48 50E0      		ldi r21,lo8(0)
 1654               	.L118:
 1655 0a4a 0E94 0000 		call display_output_int
 1656               	.LM212:
 1657 0a4e 8091 0000 		lds r24,ir_zaehler
 1658 0a52 9091 0000 		lds r25,(ir_zaehler)+1
 1659 0a56 0196      		adiw r24,1
 1660 0a58 9093 0000 		sts (ir_zaehler)+1,r25
 1661 0a5c 8093 0000 		sts ir_zaehler,r24
 1662 0a60 00C0      		rjmp .L107
 1663               	.L113:
 1664               	.LM213:
 1665 0a62 1092 0000 		sts (ir_zaehler)+1,__zero_reg__
 1666 0a66 1092 0000 		sts ir_zaehler,__zero_reg__
 1667               	.L107:
 1668               	.LM214:
 1669 0a6a 8091 0000 		lds r24,zaehler
 1670 0a6e 8330      		cpi r24,lo8(3)
 1671 0a70 01F4      		brne .L114
 1672               	.LM215:
 1673 0a72 81E0      		ldi r24,lo8(1)
 1674 0a74 00C0      		rjmp .L119
 1675               	.L114:
 1676               	.LM216:
 1677 0a76 8F5F      		subi r24,lo8(-(1))
 1678               	.L119:
 1679 0a78 8093 0000 		sts zaehler,r24
 1680               	/* epilogue start */
 1681               	.LM217:
 1682 0a7c FF91      		pop r31
 1683 0a7e EF91      		pop r30
 1684 0a80 BF91      		pop r27
 1685 0a82 AF91      		pop r26
 1686 0a84 9F91      		pop r25
 1687 0a86 8F91      		pop r24
 1688 0a88 7F91      		pop r23
 1689 0a8a 6F91      		pop r22
 1690 0a8c 5F91      		pop r21
 1691 0a8e 4F91      		pop r20
 1692 0a90 3F91      		pop r19
 1693 0a92 2F91      		pop r18
 1694 0a94 0F90      		pop r0
 1695 0a96 0FBE      		out __SREG__,r0
 1696 0a98 0F90      		pop r0
 1697 0a9a 1F90      		pop __zero_reg__
 1698 0a9c 1895      		reti
 1699               	.LFE22:
 1701               	.global	getIR_angle
 1703               	getIR_angle:
 1704               	.LFB15:
 1705               	.LM218:
 1706 0a9e 2F92      		push r2
 1707 0aa0 3F92      		push r3
 1708 0aa2 4F92      		push r4
 1709 0aa4 5F92      		push r5
 1710 0aa6 6F92      		push r6
 1711 0aa8 7F92      		push r7
 1712 0aaa 8F92      		push r8
 1713 0aac 9F92      		push r9
 1714 0aae AF92      		push r10
 1715 0ab0 BF92      		push r11
 1716 0ab2 CF92      		push r12
 1717 0ab4 DF92      		push r13
 1718 0ab6 EF92      		push r14
 1719 0ab8 FF92      		push r15
 1720 0aba 0F93      		push r16
 1721 0abc 1F93      		push r17
 1722 0abe DF93      		push r29
 1723 0ac0 CF93      		push r28
 1724 0ac2 00D0      		rcall .
 1725 0ac4 00D0      		rcall .
 1726 0ac6 00D0      		rcall .
 1727 0ac8 CDB7      		in r28,__SP_L__
 1728 0aca DEB7      		in r29,__SP_H__
 1729               	/* prologue: function */
 1730               	/* frame size = 6 */
 1731               	.LM219:
 1732 0acc 1A82      		std Y+2,__zero_reg__
 1733 0ace 1982      		std Y+1,__zero_reg__
 1734               	.LVL76:
 1735 0ad0 2224      		clr r2
 1736 0ad2 3324      		clr r3
 1737               	.LVL77:
 1738 0ad4 4424      		clr r4
 1739 0ad6 5524      		clr r5
 1740               	.L137:
 1741               	.LBB49:
 1742               	.LM220:
 1743 0ad8 F201      		movw r30,r4
 1744 0ada E050      		subi r30,lo8(-(ADC_Werte))
 1745 0adc F040      		sbci r31,hi8(-(ADC_Werte))
 1746 0ade 6081      		ld r22,Z
 1747 0ae0 7181      		ldd r23,Z+1
 1748 0ae2 6536      		cpi r22,101
 1749 0ae4 7105      		cpc r23,__zero_reg__
 1750 0ae6 00F4      		brsh .+2
 1751 0ae8 00C0      		rjmp .L121
 1752               	.LM221:
 1753 0aea 80E0      		ldi r24,lo8(0)
 1754 0aec 90E0      		ldi r25,hi8(0)
 1755 0aee 0E94 0000 		call __floatunsisf
 1756 0af2 6B83      		std Y+3,r22
 1757 0af4 7C83      		std Y+4,r23
 1758 0af6 8D83      		std Y+5,r24
 1759 0af8 9E83      		std Y+6,r25
 1760 0afa F201      		movw r30,r4
 1761 0afc E050      		subi r30,lo8(-(irGrad))
 1762 0afe F040      		sbci r31,hi8(-(irGrad))
 1763 0b00 2081      		ld r18,Z
 1764 0b02 3181      		ldd r19,Z+1
 1765               	.LVL78:
 1766               	.LBB50:
 1767               	.LBB51:
 1768               	.LM222:
 1769 0b04 F901      		movw r30,r18
 1770               	.LVL79:
 1771 0b06 E65A      		subi r30,lo8(-(90))
 1772 0b08 FF4F      		sbci r31,hi8(-(90))
 1773 0b0a 00C0      		rjmp .L122
 1774               	.L123:
 1775               	.LM223:
 1776 0b0c E859      		subi r30,lo8(-(360))
 1777 0b0e FE4F      		sbci r31,hi8(-(360))
 1778               	.L122:
 1779               	.LM224:
 1780 0b10 F7FD      		sbrc r31,7
 1781 0b12 00C0      		rjmp .L123
 1782 0b14 00C0      		rjmp .L141
 1783               	.L125:
 1784               	.LM225:
 1785 0b16 E856      		subi r30,lo8(-(-360))
 1786 0b18 F140      		sbci r31,hi8(-(-360))
 1787               	.L141:
 1788               	.LM226:
 1789 0b1a 81E0      		ldi r24,hi8(361)
 1790 0b1c E936      		cpi r30,lo8(361)
 1791 0b1e F807      		cpc r31,r24
 1792 0b20 04F4      		brge .L125
 1793               	.LM227:
 1794 0b22 EA35      		cpi r30,90
 1795 0b24 F105      		cpc r31,__zero_reg__
 1796 0b26 04F0      		brlt .L145
 1797               	.L126:
 1798               	.LM228:
 1799 0b28 E43B      		cpi r30,180
 1800 0b2a F105      		cpc r31,__zero_reg__
 1801 0b2c 04F4      		brge .L128
 1802               	.LM229:
 1803 0b2e 84EB      		ldi r24,lo8(180)
 1804 0b30 90E0      		ldi r25,hi8(180)
 1805 0b32 8E1B      		sub r24,r30
 1806 0b34 9F0B      		sbc r25,r31
 1807 0b36 FC01      		movw r30,r24
 1808               	.LVL80:
 1809               	.L145:
 1810 0b38 EE0F      		lsl r30
 1811 0b3a FF1F      		rol r31
 1812 0b3c EE0F      		lsl r30
 1813 0b3e FF1F      		rol r31
 1814               	.LVL81:
 1815 0b40 E050      		subi r30,lo8(-(Sinus))
 1816 0b42 F040      		sbci r31,hi8(-(Sinus))
 1817 0b44 6080      		ld r6,Z
 1818 0b46 7180      		ldd r7,Z+1
 1819 0b48 8280      		ldd r8,Z+2
 1820 0b4a 9380      		ldd r9,Z+3
 1821 0b4c 00C0      		rjmp .L142
 1822               	.LVL82:
 1823               	.L128:
 1824               	.LM230:
 1825 0b4e 91E0      		ldi r25,hi8(270)
 1826 0b50 EE30      		cpi r30,lo8(270)
 1827 0b52 F907      		cpc r31,r25
 1828 0b54 04F4      		brge .L129
 1829               	.LM231:
 1830 0b56 EE0F      		lsl r30
 1831 0b58 FF1F      		rol r31
 1832 0b5a EE0F      		lsl r30
 1833 0b5c FF1F      		rol r31
 1834 0b5e E050      		subi r30,lo8(-(Sinus-720))
 1835 0b60 F040      		sbci r31,hi8(-(Sinus-720))
 1836 0b62 00C0      		rjmp .L144
 1837               	.L129:
 1838               	.LM232:
 1839 0b64 88E6      		ldi r24,lo8(360)
 1840 0b66 91E0      		ldi r25,hi8(360)
 1841 0b68 8E1B      		sub r24,r30
 1842 0b6a 9F0B      		sbc r25,r31
 1843 0b6c FC01      		movw r30,r24
 1844               	.LVL83:
 1845 0b6e EE0F      		lsl r30
 1846 0b70 FF1F      		rol r31
 1847 0b72 EE0F      		lsl r30
 1848 0b74 FF1F      		rol r31
 1849 0b76 E050      		subi r30,lo8(-(Sinus))
 1850 0b78 F040      		sbci r31,hi8(-(Sinus))
 1851               	.LVL84:
 1852               	.L144:
 1853 0b7a 8081      		ld r24,Z
 1854 0b7c 9181      		ldd r25,Z+1
 1855 0b7e A281      		ldd r26,Z+2
 1856 0b80 B381      		ldd r27,Z+3
 1857               	.LVL85:
 1858 0b82 3C01      		movw r6,r24
 1859 0b84 4D01      		movw r8,r26
 1860 0b86 97FA      		bst r9,7
 1861 0b88 9094      		com r9
 1862 0b8a 97F8      		bld r9,7
 1863 0b8c 9094      		com r9
 1864 0b8e 00C0      		rjmp .L142
 1865               	.L130:
 1866               	.LBE51:
 1867               	.LBE50:
 1868               	.LBB52:
 1869               	.LBB53:
 1870               	.LM233:
 1871 0b90 2859      		subi r18,lo8(-(360))
 1872 0b92 3E4F      		sbci r19,hi8(-(360))
 1873               	.L142:
 1874               	.LM234:
 1875 0b94 37FD      		sbrc r19,7
 1876 0b96 00C0      		rjmp .L130
 1877 0b98 00C0      		rjmp .L143
 1878               	.L132:
 1879               	.LM235:
 1880 0b9a 2856      		subi r18,lo8(-(-360))
 1881 0b9c 3140      		sbci r19,hi8(-(-360))
 1882               	.L143:
 1883               	.LM236:
 1884 0b9e 91E0      		ldi r25,hi8(361)
 1885 0ba0 2936      		cpi r18,lo8(361)
 1886 0ba2 3907      		cpc r19,r25
 1887 0ba4 04F4      		brge .L132
 1888               	.LM237:
 1889 0ba6 2A35      		cpi r18,90
 1890 0ba8 3105      		cpc r19,__zero_reg__
 1891 0baa 04F4      		brge .L133
 1892               	.LM238:
 1893 0bac 220F      		lsl r18
 1894 0bae 331F      		rol r19
 1895 0bb0 220F      		lsl r18
 1896 0bb2 331F      		rol r19
 1897 0bb4 2050      		subi r18,lo8(-(Sinus))
 1898 0bb6 3040      		sbci r19,hi8(-(Sinus))
 1899 0bb8 F901      		movw r30,r18
 1900 0bba 00C0      		rjmp .L146
 1901               	.L133:
 1902               	.LM239:
 1903 0bbc 243B      		cpi r18,180
 1904 0bbe 3105      		cpc r19,__zero_reg__
 1905 0bc0 04F4      		brge .L135
 1906               	.LM240:
 1907 0bc2 E4EB      		ldi r30,lo8(180)
 1908 0bc4 F0E0      		ldi r31,hi8(180)
 1909 0bc6 E21B      		sub r30,r18
 1910 0bc8 F30B      		sbc r31,r19
 1911 0bca EE0F      		lsl r30
 1912 0bcc FF1F      		rol r31
 1913 0bce EE0F      		lsl r30
 1914 0bd0 FF1F      		rol r31
 1915 0bd2 E050      		subi r30,lo8(-(Sinus))
 1916 0bd4 F040      		sbci r31,hi8(-(Sinus))
 1917               	.L146:
 1918 0bd6 A080      		ld r10,Z
 1919 0bd8 B180      		ldd r11,Z+1
 1920 0bda C280      		ldd r12,Z+2
 1921 0bdc D380      		ldd r13,Z+3
 1922 0bde 00C0      		rjmp .L134
 1923               	.L135:
 1924               	.LM241:
 1925 0be0 F1E0      		ldi r31,hi8(270)
 1926 0be2 2E30      		cpi r18,lo8(270)
 1927 0be4 3F07      		cpc r19,r31
 1928 0be6 04F4      		brge .L136
 1929               	.LM242:
 1930 0be8 220F      		lsl r18
 1931 0bea 331F      		rol r19
 1932 0bec 220F      		lsl r18
 1933 0bee 331F      		rol r19
 1934 0bf0 2050      		subi r18,lo8(-(Sinus-720))
 1935 0bf2 3040      		sbci r19,hi8(-(Sinus-720))
 1936 0bf4 F901      		movw r30,r18
 1937 0bf6 00C0      		rjmp .L147
 1938               	.L136:
 1939               	.LM243:
 1940 0bf8 E8E6      		ldi r30,lo8(360)
 1941 0bfa F1E0      		ldi r31,hi8(360)
 1942 0bfc E21B      		sub r30,r18
 1943 0bfe F30B      		sbc r31,r19
 1944 0c00 EE0F      		lsl r30
 1945 0c02 FF1F      		rol r31
 1946 0c04 EE0F      		lsl r30
 1947 0c06 FF1F      		rol r31
 1948 0c08 E050      		subi r30,lo8(-(Sinus))
 1949 0c0a F040      		sbci r31,hi8(-(Sinus))
 1950               	.L147:
 1951 0c0c 8081      		ld r24,Z
 1952 0c0e 9181      		ldd r25,Z+1
 1953 0c10 A281      		ldd r26,Z+2
 1954 0c12 B381      		ldd r27,Z+3
 1955 0c14 5C01      		movw r10,r24
 1956 0c16 6D01      		movw r12,r26
 1957 0c18 D7FA      		bst r13,7
 1958 0c1a D094      		com r13
 1959 0c1c D7F8      		bld r13,7
 1960 0c1e D094      		com r13
 1961               	.L134:
 1962               	.LBE53:
 1963               	.LBE52:
 1964               	.LM244:
 1965 0c20 2981      		ldd r18,Y+1
 1966 0c22 3A81      		ldd r19,Y+2
 1967               	.LVL86:
 1968 0c24 B901      		movw r22,r18
 1969 0c26 8827      		clr r24
 1970 0c28 77FD      		sbrc r23,7
 1971 0c2a 8095      		com r24
 1972 0c2c 982F      		mov r25,r24
 1973               	.LVL87:
 1974 0c2e 0E94 0000 		call __floatsisf
 1975               	.LVL88:
 1976 0c32 7B01      		movw r14,r22
 1977 0c34 8C01      		movw r16,r24
 1978 0c36 6B81      		ldd r22,Y+3
 1979 0c38 7C81      		ldd r23,Y+4
 1980 0c3a 8D81      		ldd r24,Y+5
 1981 0c3c 9E81      		ldd r25,Y+6
 1982 0c3e A401      		movw r20,r8
 1983 0c40 9301      		movw r18,r6
 1984 0c42 0E94 0000 		call __mulsf3
 1985 0c46 9B01      		movw r18,r22
 1986 0c48 AC01      		movw r20,r24
 1987 0c4a C801      		movw r24,r16
 1988 0c4c B701      		movw r22,r14
 1989 0c4e 0E94 0000 		call __addsf3
 1990 0c52 0E94 0000 		call __fixsfsi
 1991 0c56 7A83      		std Y+2,r23
 1992 0c58 6983      		std Y+1,r22
 1993               	.LVL89:
 1994               	.LM245:
 1995 0c5a B101      		movw r22,r2
 1996 0c5c 8827      		clr r24
 1997 0c5e 77FD      		sbrc r23,7
 1998 0c60 8095      		com r24
 1999 0c62 982F      		mov r25,r24
 2000               	.LVL90:
 2001 0c64 0E94 0000 		call __floatsisf
 2002               	.LVL91:
 2003 0c68 7B01      		movw r14,r22
 2004 0c6a 8C01      		movw r16,r24
 2005 0c6c 6B81      		ldd r22,Y+3
 2006 0c6e 7C81      		ldd r23,Y+4
 2007 0c70 8D81      		ldd r24,Y+5
 2008 0c72 9E81      		ldd r25,Y+6
 2009 0c74 A601      		movw r20,r12
 2010 0c76 9501      		movw r18,r10
 2011 0c78 0E94 0000 		call __mulsf3
 2012 0c7c 9B01      		movw r18,r22
 2013 0c7e AC01      		movw r20,r24
 2014 0c80 C801      		movw r24,r16
 2015 0c82 B701      		movw r22,r14
 2016 0c84 0E94 0000 		call __addsf3
 2017 0c88 0E94 0000 		call __fixsfsi
 2018 0c8c 1B01      		movw r2,r22
 2019               	.LVL92:
 2020               	.L121:
 2021 0c8e 82E0      		ldi r24,lo8(2)
 2022 0c90 90E0      		ldi r25,hi8(2)
 2023 0c92 480E      		add r4,r24
 2024 0c94 591E      		adc r5,r25
 2025               	.LM246:
 2026 0c96 90E1      		ldi r25,lo8(16)
 2027 0c98 4916      		cp r4,r25
 2028 0c9a 5104      		cpc r5,__zero_reg__
 2029 0c9c 01F0      		breq .+2
 2030 0c9e 00C0      		rjmp .L137
 2031               	.LBE49:
 2032               	.LM247:
 2033 0ca0 B101      		movw r22,r2
 2034 0ca2 8827      		clr r24
 2035 0ca4 77FD      		sbrc r23,7
 2036 0ca6 8095      		com r24
 2037 0ca8 982F      		mov r25,r24
 2038               	.LVL93:
 2039 0caa 0E94 0000 		call __floatsisf
 2040               	.LVL94:
 2041 0cae 7B01      		movw r14,r22
 2042 0cb0 8C01      		movw r16,r24
 2043 0cb2 E981      		ldd r30,Y+1
 2044 0cb4 FA81      		ldd r31,Y+2
 2045 0cb6 BF01      		movw r22,r30
 2046 0cb8 8827      		clr r24
 2047 0cba 77FD      		sbrc r23,7
 2048 0cbc 8095      		com r24
 2049 0cbe 982F      		mov r25,r24
 2050               	.LVL95:
 2051 0cc0 0E94 0000 		call __floatsisf
 2052               	.LVL96:
 2053 0cc4 9B01      		movw r18,r22
 2054 0cc6 AC01      		movw r20,r24
 2055 0cc8 C801      		movw r24,r16
 2056 0cca B701      		movw r22,r14
 2057 0ccc 0E94 0000 		call atan2
 2058 0cd0 20E0      		ldi r18,lo8(0x43340000)
 2059 0cd2 30E0      		ldi r19,hi8(0x43340000)
 2060 0cd4 44E3      		ldi r20,hlo8(0x43340000)
 2061 0cd6 53E4      		ldi r21,hhi8(0x43340000)
 2062 0cd8 0E94 0000 		call __mulsf3
 2063 0cdc 2BED      		ldi r18,lo8(0x40490fdb)
 2064 0cde 3FE0      		ldi r19,hi8(0x40490fdb)
 2065 0ce0 49E4      		ldi r20,hlo8(0x40490fdb)
 2066 0ce2 50E4      		ldi r21,hhi8(0x40490fdb)
 2067 0ce4 0E94 0000 		call __divsf3
 2068 0ce8 0E94 0000 		call __fixsfsi
 2069 0cec 9B01      		movw r18,r22
 2070               	.LVL97:
 2071               	.LM248:
 2072 0cee 77FF      		sbrs r23,7
 2073 0cf0 00C0      		rjmp .L138
 2074               	.LM249:
 2075 0cf2 2859      		subi r18,lo8(-(360))
 2076 0cf4 3E4F      		sbci r19,hi8(-(360))
 2077               	.L138:
 2078               	.LM250:
 2079 0cf6 C901      		movw r24,r18
 2080               	.LVL98:
 2081               	/* epilogue start */
 2082 0cf8 2696      		adiw r28,6
 2083 0cfa 0FB6      		in __tmp_reg__,__SREG__
 2084 0cfc F894      		cli
 2085 0cfe DEBF      		out __SP_H__,r29
 2086 0d00 0FBE      		out __SREG__,__tmp_reg__
 2087 0d02 CDBF      		out __SP_L__,r28
 2088 0d04 CF91      		pop r28
 2089 0d06 DF91      		pop r29
 2090 0d08 1F91      		pop r17
 2091 0d0a 0F91      		pop r16
 2092 0d0c FF90      		pop r15
 2093 0d0e EF90      		pop r14
 2094 0d10 DF90      		pop r13
 2095 0d12 CF90      		pop r12
 2096 0d14 BF90      		pop r11
 2097 0d16 AF90      		pop r10
 2098 0d18 9F90      		pop r9
 2099 0d1a 8F90      		pop r8
 2100 0d1c 7F90      		pop r7
 2101 0d1e 6F90      		pop r6
 2102 0d20 5F90      		pop r5
 2103 0d22 4F90      		pop r4
 2104 0d24 3F90      		pop r3
 2105 0d26 2F90      		pop r2
 2106 0d28 0895      		ret
 2107               	.LFE15:
 2109               	.global	getIR_direction
 2111               	getIR_direction:
 2112               	.LFB16:
 2113               	.LM251:
 2114               	/* prologue: function */
 2115               	/* frame size = 0 */
 2116               	.LM252:
 2117 0d2a 0E94 0000 		call getIR_angle
 2118 0d2e 9C01      		movw r18,r24
 2119               	.LVL99:
 2120               	.LM253:
 2121 0d30 853B      		cpi r24,181
 2122 0d32 9105      		cpc r25,__zero_reg__
 2123 0d34 04F0      		brlt .L149
 2124               	.LVL100:
 2125               	.LM254:
 2126 0d36 2856      		subi r18,lo8(-(-360))
 2127 0d38 3140      		sbci r19,hi8(-(-360))
 2128               	.LVL101:
 2129               	.L149:
 2130 0d3a E0E0      		ldi r30,lo8(ADC_Werte)
 2131 0d3c F0E0      		ldi r31,hi8(ADC_Werte)
 2132 0d3e 80E0      		ldi r24,lo8(0)
 2133 0d40 90E0      		ldi r25,hi8(0)
 2134               	.LVL102:
 2135               	.L151:
 2136               	.LBB54:
 2137               	.LBB55:
 2138               	.LBB56:
 2139               	.LM255:
 2140 0d42 4081      		ld r20,Z
 2141 0d44 5181      		ldd r21,Z+1
 2142 0d46 8417      		cp r24,r20
 2143 0d48 9507      		cpc r25,r21
 2144 0d4a 00F4      		brsh .L150
 2145               	.LM256:
 2146 0d4c CA01      		movw r24,r20
 2147               	.L150:
 2148 0d4e 3296      		adiw r30,2
 2149               	.LM257:
 2150 0d50 40E0      		ldi r20,hi8(ADC_Werte+16)
 2151 0d52 E030      		cpi r30,lo8(ADC_Werte+16)
 2152 0d54 F407      		cpc r31,r20
 2153 0d56 01F4      		brne .L151
 2154               	.LBE56:
 2155               	.LBE55:
 2156               	.LBE54:
 2157               	.LM258:
 2158 0d58 8855      		subi r24,lo8(600)
 2159 0d5a 9240      		sbci r25,hi8(600)
 2160 0d5c 04F0      		brlt .L153
 2161               	.LM259:
 2162 0d5e C901      		movw r24,r18
 2163               	.LVL103:
 2164 0d60 875A      		subi r24,lo8(-(89))
 2165 0d62 9F4F      		sbci r25,hi8(-(89))
 2166 0d64 833B      		cpi r24,179
 2167 0d66 9105      		cpc r25,__zero_reg__
 2168 0d68 00F4      		brsh .L154
 2169               	.LM260:
 2170 0d6a 220F      		lsl r18
 2171 0d6c 331F      		rol r19
 2172               	.LVL104:
 2173 0d6e 00C0      		rjmp .L153
 2174               	.LVL105:
 2175               	.L154:
 2176               	.LM261:
 2177 0d70 37FD      		sbrc r19,7
 2178 0d72 00C0      		rjmp .L155
 2179 0d74 82E3      		ldi r24,lo8(50)
 2180 0d76 90E0      		ldi r25,hi8(50)
 2181 0d78 00C0      		rjmp .L156
 2182               	.L155:
 2183 0d7a 8EEC      		ldi r24,lo8(-50)
 2184 0d7c 9FEF      		ldi r25,hi8(-50)
 2185               	.L156:
 2186 0d7e 280F      		add r18,r24
 2187 0d80 391F      		adc r19,r25
 2188               	.LVL106:
 2189               	.L153:
 2190               	.LM262:
 2191 0d82 C901      		movw r24,r18
 2192               	.LVL107:
 2193               	/* epilogue start */
 2194 0d84 0895      		ret
 2195               	.LFE16:
 2197               	.global	doDriveIR
 2199               	doDriveIR:
 2200               	.LFB21:
 2201               	.LM263:
 2202               	.LVL108:
 2203 0d86 CF92      		push r12
 2204 0d88 DF92      		push r13
 2205 0d8a EF92      		push r14
 2206 0d8c FF92      		push r15
 2207 0d8e 1F93      		push r17
 2208 0d90 CF93      		push r28
 2209 0d92 DF93      		push r29
 2210               	/* prologue: function */
 2211               	/* frame size = 0 */
 2212 0d94 6A01      		movw r12,r20
 2213               	.LM264:
 2214 0d96 0E94 0000 		call getPID
 2215               	.LVL109:
 2216 0d9a 7C01      		movw r14,r24
 2217               	.LVL110:
 2218               	.LM265:
 2219 0d9c 0E94 0000 		call getIR_direction
 2220 0da0 EC01      		movw r28,r24
 2221               	.LVL111:
 2222 0da2 10E0      		ldi r17,lo8(0)
 2223               	.LVL112:
 2224               	.L161:
 2225               	.LBB57:
 2226               	.LM266:
 2227 0da4 812F      		mov r24,r17
 2228 0da6 B601      		movw r22,r12
 2229 0da8 AE01      		movw r20,r28
 2230 0daa 0E94 0000 		call epicFunction
 2231               	.LM267:
 2232 0dae BC01      		movw r22,r24
 2233 0db0 6E0D      		add r22,r14
 2234 0db2 7F1D      		adc r23,r15
 2235               	.LM268:
 2236 0db4 1130      		cpi r17,lo8(1)
 2237 0db6 01F4      		brne .L160
 2238 0db8 7095      		com r23
 2239 0dba 6195      		neg r22
 2240 0dbc 7F4F      		sbci r23,lo8(-1)
 2241               	.L160:
 2242 0dbe 812F      		mov r24,r17
 2243 0dc0 0E94 0000 		call MotorPower
 2244               	.LM269:
 2245 0dc4 1F5F      		subi r17,lo8(-(1))
 2246 0dc6 1330      		cpi r17,lo8(3)
 2247 0dc8 01F4      		brne .L161
 2248               	/* epilogue start */
 2249               	.LBE57:
 2250               	.LM270:
 2251 0dca DF91      		pop r29
 2252 0dcc CF91      		pop r28
 2253               	.LVL113:
 2254 0dce 1F91      		pop r17
 2255               	.LVL114:
 2256 0dd0 FF90      		pop r15
 2257 0dd2 EF90      		pop r14
 2258               	.LVL115:
 2259 0dd4 DF90      		pop r13
 2260 0dd6 CF90      		pop r12
 2261               	.LVL116:
 2262 0dd8 0895      		ret
 2263               	.LFE21:
 2265               	.global	Sinus
 2266               		.data
 2269               	Sinus:
 2270 0026 00        		.byte	0
 2271 0027 00        		.byte	0
 2272 0028 00        		.byte	0
 2273 0029 00        		.byte	0
 2274 002a 5B        		.byte	91
 2275 002b F8        		.byte	-8
 2276 002c 8E        		.byte	-114
 2277 002d 3C        		.byte	60
 2278 002e C7        		.byte	-57
 2279 002f F2        		.byte	-14
 2280 0030 0E        		.byte	14
 2281 0031 3D        		.byte	61
 2282 0032 3B        		.byte	59
 2283 0033 5E        		.byte	94
 2284 0034 56        		.byte	86
 2285 0035 3D        		.byte	61
 2286 0036 7B        		.byte	123
 2287 0037 DC        		.byte	-36
 2288 0038 8E        		.byte	-114
 2289 0039 3D        		.byte	61
 2290 003a B5        		.byte	-75
 2291 003b 7E        		.byte	126
 2292 003c B2        		.byte	-78
 2293 003d 3D        		.byte	61
 2294 003e 04        		.byte	4
 2295 003f 13        		.byte	19
 2296 0040 D6        		.byte	-42
 2297 0041 3D        		.byte	61
 2298 0042 A2        		.byte	-94
 2299 0043 96        		.byte	-106
 2300 0044 F9        		.byte	-7
 2301 0045 3D        		.byte	61
 2302 0046 65        		.byte	101
 2303 0047 83        		.byte	-125
 2304 0048 0E        		.byte	14
 2305 0049 3E        		.byte	62
 2306 004a 5C        		.byte	92
 2307 004b 30        		.byte	48
 2308 004c 20        		.byte	32
 2309 004d 3E        		.byte	62
 2310 004e D4        		.byte	-44
 2311 004f D0        		.byte	-48
 2312 0050 31        		.byte	49
 2313 0051 3E        		.byte	62
 2314 0052 6F        		.byte	111
 2315 0053 63        		.byte	99
 2316 0054 43        		.byte	67
 2317 0055 3E        		.byte	62
 2318 0056 CD        		.byte	-51
 2319 0057 E6        		.byte	-26
 2320 0058 54        		.byte	84
 2321 0059 3E        		.byte	62
 2322 005a 91        		.byte	-111
 2323 005b 59        		.byte	89
 2324 005c 66        		.byte	102
 2325 005d 3E        		.byte	62
 2326 005e 60        		.byte	96
 2327 005f BA        		.byte	-70
 2328 0060 77        		.byte	119
 2329 0061 3E        		.byte	62
 2330 0062 EE        		.byte	-18
 2331 0063 83        		.byte	-125
 2332 0064 84        		.byte	-124
 2333 0065 3E        		.byte	62
 2334 0066 57        		.byte	87
 2335 0067 20        		.byte	32
 2336 0068 8D        		.byte	-115
 2337 0069 3E        		.byte	62
 2338 006a BE        		.byte	-66
 2339 006b B1        		.byte	-79
 2340 006c 95        		.byte	-107
 2341 006d 3E        		.byte	62
 2342 006e 7A        		.byte	122
 2343 006f 37        		.byte	55
 2344 0070 9E        		.byte	-98
 2345 0071 3E        		.byte	62
 2346 0072 DE        		.byte	-34
 2347 0073 B0        		.byte	-80
 2348 0074 A6        		.byte	-90
 2349 0075 3E        		.byte	62
 2350 0076 44        		.byte	68
 2351 0077 1D        		.byte	29
 2352 0078 AF        		.byte	-81
 2353 0079 3E        		.byte	62
 2354 007a 01        		.byte	1
 2355 007b 7C        		.byte	124
 2356 007c B7        		.byte	-73
 2357 007d 3E        		.byte	62
 2358 007e 6F        		.byte	111
 2359 007f CC        		.byte	-52
 2360 0080 BF        		.byte	-65
 2361 0081 3E        		.byte	62
 2362 0082 E9        		.byte	-23
 2363 0083 0D        		.byte	13
 2364 0084 C8        		.byte	-56
 2365 0085 3E        		.byte	62
 2366 0086 C9        		.byte	-55
 2367 0087 3F        		.byte	63
 2368 0088 D0        		.byte	-48
 2369 0089 3E        		.byte	62
 2370 008a 6C        		.byte	108
 2371 008b 61        		.byte	97
 2372 008c D8        		.byte	-40
 2373 008d 3E        		.byte	62
 2374 008e 2F        		.byte	47
 2375 008f 72        		.byte	114
 2376 0090 E0        		.byte	-32
 2377 0091 3E        		.byte	62
 2378 0092 71        		.byte	113
 2379 0093 71        		.byte	113
 2380 0094 E8        		.byte	-24
 2381 0095 3E        		.byte	62
 2382 0096 94        		.byte	-108
 2383 0097 5E        		.byte	94
 2384 0098 F0        		.byte	-16
 2385 0099 3E        		.byte	62
 2386 009a F7        		.byte	-9
 2387 009b 38        		.byte	56
 2388 009c F8        		.byte	-8
 2389 009d 3E        		.byte	62
 2390 009e 00        		.byte	0
 2391 009f 00        		.byte	0
 2392 00a0 00        		.byte	0
 2393 00a1 3F        		.byte	63
 2394 00a2 89        		.byte	-119
 2395 00a3 D9        		.byte	-39
 2396 00a4 03        		.byte	3
 2397 00a5 3F        		.byte	63
 2398 00a6 CA        		.byte	-54
 2399 00a7 A8        		.byte	-88
 2400 00a8 07        		.byte	7
 2401 00a9 3F        		.byte	63
 2402 00aa 77        		.byte	119
 2403 00ab 6D        		.byte	109
 2404 00ac 0B        		.byte	11
 2405 00ad 3F        		.byte	63
 2406 00ae 44        		.byte	68
 2407 00af 27        		.byte	39
 2408 00b0 0F        		.byte	15
 2409 00b1 3F        		.byte	63
 2410 00b2 E8        		.byte	-24
 2411 00b3 D5        		.byte	-43
 2412 00b4 12        		.byte	18
 2413 00b5 3F        		.byte	63
 2414 00b6 18        		.byte	24
 2415 00b7 79        		.byte	121
 2416 00b8 16        		.byte	22
 2417 00b9 3F        		.byte	63
 2418 00ba 8D        		.byte	-115
 2419 00bb 10        		.byte	16
 2420 00bc 1A        		.byte	26
 2421 00bd 3F        		.byte	63
 2422 00be FE        		.byte	-2
 2423 00bf 9B        		.byte	-101
 2424 00c0 1D        		.byte	29
 2425 00c1 3F        		.byte	63
 2426 00c2 24        		.byte	36
 2427 00c3 1B        		.byte	27
 2428 00c4 21        		.byte	33
 2429 00c5 3F        		.byte	63
 2430 00c6 BB        		.byte	-69
 2431 00c7 8D        		.byte	-115
 2432 00c8 24        		.byte	36
 2433 00c9 3F        		.byte	63
 2434 00ca 7C        		.byte	124
 2435 00cb F3        		.byte	-13
 2436 00cc 27        		.byte	39
 2437 00cd 3F        		.byte	63
 2438 00ce 25        		.byte	37
 2439 00cf 4C        		.byte	76
 2440 00d0 2B        		.byte	43
 2441 00d1 3F        		.byte	63
 2442 00d2 72        		.byte	114
 2443 00d3 97        		.byte	-105
 2444 00d4 2E        		.byte	46
 2445 00d5 3F        		.byte	63
 2446 00d6 22        		.byte	34
 2447 00d7 D5        		.byte	-43
 2448 00d8 31        		.byte	49
 2449 00d9 3F        		.byte	63
 2450 00da F3        		.byte	-13
 2451 00db 04        		.byte	4
 2452 00dc 35        		.byte	53
 2453 00dd 3F        		.byte	63
 2454 00de A7        		.byte	-89
 2455 00df 26        		.byte	38
 2456 00e0 38        		.byte	56
 2457 00e1 3F        		.byte	63
 2458 00e2 FF        		.byte	-1
 2459 00e3 39        		.byte	57
 2460 00e4 3B        		.byte	59
 2461 00e5 3F        		.byte	63
 2462 00e6 BD        		.byte	-67
 2463 00e7 3E        		.byte	62
 2464 00e8 3E        		.byte	62
 2465 00e9 3F        		.byte	63
 2466 00ea A6        		.byte	-90
 2467 00eb 34        		.byte	52
 2468 00ec 41        		.byte	65
 2469 00ed 3F        		.byte	63
 2470 00ee 7D        		.byte	125
 2471 00ef 1B        		.byte	27
 2472 00f0 44        		.byte	68
 2473 00f1 3F        		.byte	63
 2474 00f2 0A        		.byte	10
 2475 00f3 F3        		.byte	-13
 2476 00f4 46        		.byte	70
 2477 00f5 3F        		.byte	63
 2478 00f6 13        		.byte	19
 2479 00f7 BB        		.byte	-69
 2480 00f8 49        		.byte	73
 2481 00f9 3F        		.byte	63
 2482 00fa 60        		.byte	96
 2483 00fb 73        		.byte	115
 2484 00fc 4C        		.byte	76
 2485 00fd 3F        		.byte	63
 2486 00fe BD        		.byte	-67
 2487 00ff 1B        		.byte	27
 2488 0100 4F        		.byte	79
 2489 0101 3F        		.byte	63
 2490 0102 F3        		.byte	-13
 2491 0103 B3        		.byte	-77
 2492 0104 51        		.byte	81
 2493 0105 3F        		.byte	63
 2494 0106 CE        		.byte	-50
 2495 0107 3B        		.byte	59
 2496 0108 54        		.byte	84
 2497 0109 3F        		.byte	63
 2498 010a 1D        		.byte	29
 2499 010b B3        		.byte	-77
 2500 010c 56        		.byte	86
 2501 010d 3F        		.byte	63
 2502 010e AE        		.byte	-82
 2503 010f 19        		.byte	25
 2504 0110 59        		.byte	89
 2505 0111 3F        		.byte	63
 2506 0112 51        		.byte	81
 2507 0113 6F        		.byte	111
 2508 0114 5B        		.byte	91
 2509 0115 3F        		.byte	63
 2510 0116 D7        		.byte	-41
 2511 0117 B3        		.byte	-77
 2512 0118 5D        		.byte	93
 2513 0119 3F        		.byte	63
 2514 011a 14        		.byte	20
 2515 011b E7        		.byte	-25
 2516 011c 5F        		.byte	95
 2517 011d 3F        		.byte	63
 2518 011e DA        		.byte	-38
 2519 011f 08        		.byte	8
 2520 0120 62        		.byte	98
 2521 0121 3F        		.byte	63
 2522 0122 01        		.byte	1
 2523 0123 19        		.byte	25
 2524 0124 64        		.byte	100
 2525 0125 3F        		.byte	63
 2526 0126 5E        		.byte	94
 2527 0127 17        		.byte	23
 2528 0128 66        		.byte	102
 2529 0129 3F        		.byte	63
 2530 012a CA        		.byte	-54
 2531 012b 03        		.byte	3
 2532 012c 68        		.byte	104
 2533 012d 3F        		.byte	63
 2534 012e 1E        		.byte	30
 2535 012f DE        		.byte	-34
 2536 0130 69        		.byte	105
 2537 0131 3F        		.byte	63
 2538 0132 35        		.byte	53
 2539 0133 A6        		.byte	-90
 2540 0134 6B        		.byte	107
 2541 0135 3F        		.byte	63
 2542 0136 EC        		.byte	-20
 2543 0137 5B        		.byte	91
 2544 0138 6D        		.byte	109
 2545 0139 3F        		.byte	63
 2546 013a 21        		.byte	33
 2547 013b FF        		.byte	-1
 2548 013c 6E        		.byte	110
 2549 013d 3F        		.byte	63
 2550 013e B2        		.byte	-78
 2551 013f 8F        		.byte	-113
 2552 0140 70        		.byte	112
 2553 0141 3F        		.byte	63
 2554 0142 81        		.byte	-127
 2555 0143 0D        		.byte	13
 2556 0144 72        		.byte	114
 2557 0145 3F        		.byte	63
 2558 0146 71        		.byte	113
 2559 0147 78        		.byte	120
 2560 0148 73        		.byte	115
 2561 0149 3F        		.byte	63
 2562 014a 64        		.byte	100
 2563 014b D0        		.byte	-48
 2564 014c 74        		.byte	116
 2565 014d 3F        		.byte	63
 2566 014e 3F        		.byte	63
 2567 014f 15        		.byte	21
 2568 0150 76        		.byte	118
 2569 0151 3F        		.byte	63
 2570 0152 EA        		.byte	-22
 2571 0153 46        		.byte	70
 2572 0154 77        		.byte	119
 2573 0155 3F        		.byte	63
 2574 0156 4D        		.byte	77
 2575 0157 65        		.byte	101
 2576 0158 78        		.byte	120
 2577 0159 3F        		.byte	63
 2578 015a 51        		.byte	81
 2579 015b 70        		.byte	112
 2580 015c 79        		.byte	121
 2581 015d 3F        		.byte	63
 2582 015e E2        		.byte	-30
 2583 015f 67        		.byte	103
 2584 0160 7A        		.byte	122
 2585 0161 3F        		.byte	63
 2586 0162 EB        		.byte	-21
 2587 0163 4B        		.byte	75
 2588 0164 7B        		.byte	123
 2589 0165 3F        		.byte	63
 2590 0166 5C        		.byte	92
 2591 0167 1C        		.byte	28
 2592 0168 7C        		.byte	124
 2593 0169 3F        		.byte	63
 2594 016a 25        		.byte	37
 2595 016b D9        		.byte	-39
 2596 016c 7C        		.byte	124
 2597 016d 3F        		.byte	63
 2598 016e 35        		.byte	53
 2599 016f 82        		.byte	-126
 2600 0170 7D        		.byte	125
 2601 0171 3F        		.byte	63
 2602 0172 81        		.byte	-127
 2603 0173 17        		.byte	23
 2604 0174 7E        		.byte	126
 2605 0175 3F        		.byte	63
 2606 0176 FD        		.byte	-3
 2607 0177 98        		.byte	-104
 2608 0178 7E        		.byte	126
 2609 0179 3F        		.byte	63
 2610 017a 9E        		.byte	-98
 2611 017b 06        		.byte	6
 2612 017c 7F        		.byte	127
 2613 017d 3F        		.byte	63
 2614 017e 5C        		.byte	92
 2615 017f 60        		.byte	96
 2616 0180 7F        		.byte	127
 2617 0181 3F        		.byte	63
 2618 0182 2F        		.byte	47
 2619 0183 A6        		.byte	-90
 2620 0184 7F        		.byte	127
 2621 0185 3F        		.byte	63
 2622 0186 14        		.byte	20
 2623 0187 D8        		.byte	-40
 2624 0188 7F        		.byte	127
 2625 0189 3F        		.byte	63
 2626 018a 05        		.byte	5
 2627 018b F6        		.byte	-10
 2628 018c 7F        		.byte	127
 2629 018d 3F        		.byte	63
 2630 018e 00        		.byte	0
 2631 018f 00        		.byte	0
 2632 0190 80        		.byte	-128
 2633 0191 3F        		.byte	63
 2634               	.global	muxIR
 2635               	.global	muxIR
 2636               		.section .bss
 2639               	muxIR:
 2640 0000 00        		.skip 1,0
 2641               	.global	ADC_Werte
 2642               	.global	ADC_Werte
 2645               	ADC_Werte:
 2646 0001 0000 0000 		.skip 16,0
 2646      0000 0000 
 2646      0000 0000 
 2646      0000 0000 
 2647               	.global	ADC_Werte_TP
 2648               	.global	ADC_Werte_TP
 2651               	ADC_Werte_TP:
 2652 0011 0000 0000 		.skip 16,0
 2652      0000 0000 
 2652      0000 0000 
 2652      0000 0000 
 2653               	.global	ADC_Offset
 2654               	.global	ADC_Offset
 2657               	ADC_Offset:
 2658 0021 0000 0000 		.skip 16,0
 2658      0000 0000 
 2658      0000 0000 
 2658      0000 0000 
 2659               	.global	motorWinkel
 2660               		.data
 2663               	motorWinkel:
 2664 0192 4A01      		.word	330
 2665 0194 5A00      		.word	90
 2666 0196 D200      		.word	210
 2667               	.global	irGrad
 2670               	irGrad:
 2671 0198 1700      		.word	23
 2672 019a 4400      		.word	68
 2673 019c 7100      		.word	113
 2674 019e 9E00      		.word	158
 2675 01a0 CB00      		.word	203
 2676 01a2 F800      		.word	248
 2677 01a4 2501      		.word	293
 2678 01a6 5201      		.word	338
 2679               	.global	CMPcorrection
 2680               	.global	CMPcorrection
 2681               		.section .bss
 2684               	CMPcorrection:
 2685 0031 00        		.skip 1,0
 2686               	.global	leer
 2687               		.section	.eeprom,"aw",@progbits
 2690               	leer:
 2691 0000 00        		.skip 1,0
 2692               	.global	test
 2695               	test:
 2696 0001 01        		.byte	1
 2697               	.global	in_calibrate
 2698               	.global	in_calibrate
 2699               		.section .bss
 2702               	in_calibrate:
 2703 0032 00        		.skip 1,0
 2704               	.global	step_calibrate
 2705               	.global	step_calibrate
 2708               	step_calibrate:
 2709 0033 00        		.skip 1,0
 2710               	.global	zaehler
 2711               		.data
 2714               	zaehler:
 2715 01a8 01        		.byte	1
 2716               	.global	ir_zaehler
 2717               	.global	ir_zaehler
 2718               		.section .bss
 2721               	ir_zaehler:
 2722 0034 0000      		.skip 2,0
 2723               	.global	us_l
 2724               	.global	us_l
 2727               	us_l:
 2728 0036 0000      		.skip 2,0
 2729               	.global	us_r
 2730               	.global	us_r
 2733               	us_r:
 2734 0038 0000      		.skip 2,0
 2735               	.global	us_a
 2736               	.global	us_a
 2739               	us_a:
 2740 003a 0000      		.skip 2,0
 2741               	.global	cmp
 2742               	.global	cmp
 2745               	cmp:
 2746 003c 0000      		.skip 2,0
 2747               	.global	cmp_rel
 2748               	.global	cmp_rel
 2751               	cmp_rel:
 2752 003e 0000      		.skip 2,0
 2753               	.global	time
 2754               	.global	time
 2757               	time:
 2758 0040 0000      		.skip 2,0
 2759               	.global	set_time
 2760               	.global	set_time
 2763               	set_time:
 2764 0042 00        		.skip 1,0
 2765               	.global	ball
 2766               		.data
 2769               	ball:
 2770 01a9 01        		.byte	1
 2771               	.global	lcd_clear
 2774               	lcd_clear:
 2775 01aa 01        		.byte	1
 2776               		.comm x,1,1
 2777               		.comm y,1,1
 2778               		.comm shoots,1,1
 2779               		.comm startwert,2,1
 2900               	.Letext0:
DEFINED SYMBOLS
                            *ABS*:00000000 main.c
C:\DOKUME~1\rag\LOKALE~1\Temp/cckrp5li.s:2      *ABS*:0000003f __SREG__
C:\DOKUME~1\rag\LOKALE~1\Temp/cckrp5li.s:3      *ABS*:0000003e __SP_H__
C:\DOKUME~1\rag\LOKALE~1\Temp/cckrp5li.s:4      *ABS*:0000003d __SP_L__
C:\DOKUME~1\rag\LOKALE~1\Temp/cckrp5li.s:5      *ABS*:00000034 __CCP__
C:\DOKUME~1\rag\LOKALE~1\Temp/cckrp5li.s:6      *ABS*:00000000 __tmp_reg__
C:\DOKUME~1\rag\LOKALE~1\Temp/cckrp5li.s:7      *ABS*:00000001 __zero_reg__
C:\DOKUME~1\rag\LOKALE~1\Temp/cckrp5li.s:18     .text:00000000 MotorPower
C:\DOKUME~1\rag\LOKALE~1\Temp/cckrp5li.s:119    .text:0000006e ReadChannelInit
C:\DOKUME~1\rag\LOKALE~1\Temp/cckrp5li.s:153    .text:00000096 __vector_24
C:\DOKUME~1\rag\LOKALE~1\Temp/cckrp5li.s:2639   .bss:00000000 muxIR
C:\DOKUME~1\rag\LOKALE~1\Temp/cckrp5li.s:2657   .bss:00000021 ADC_Offset
C:\DOKUME~1\rag\LOKALE~1\Temp/cckrp5li.s:2645   .bss:00000001 ADC_Werte
C:\DOKUME~1\rag\LOKALE~1\Temp/cckrp5li.s:2651   .bss:00000011 ADC_Werte_TP
C:\DOKUME~1\rag\LOKALE~1\Temp/cckrp5li.s:254    .text:0000014e getIR_max
C:\DOKUME~1\rag\LOKALE~1\Temp/cckrp5li.s:292    .text:00000170 getLocation
                            *COM*:00000001 x
                            *COM*:00000001 y
C:\DOKUME~1\rag\LOKALE~1\Temp/cckrp5li.s:335    .text:000001a0 getShootangle
C:\DOKUME~1\rag\LOKALE~1\Temp/cckrp5li.s:457    .text:00000234 getPID
C:\DOKUME~1\rag\LOKALE~1\Temp/cckrp5li.s:2684   .bss:00000031 CMPcorrection
C:\DOKUME~1\rag\LOKALE~1\Temp/cckrp5li.s:680    .text:000003c4 epicFunction
C:\DOKUME~1\rag\LOKALE~1\Temp/cckrp5li.s:2663   .data:00000192 motorWinkel
C:\DOKUME~1\rag\LOKALE~1\Temp/cckrp5li.s:2269   .data:00000026 Sinus
C:\DOKUME~1\rag\LOKALE~1\Temp/cckrp5li.s:877    .text:000004ec main
                            *COM*:00000002 startwert
C:\DOKUME~1\rag\LOKALE~1\Temp/cckrp5li.s:2745   .bss:0000003c cmp
                            *COM*:00000001 shoots
C:\DOKUME~1\rag\LOKALE~1\Temp/cckrp5li.s:2727   .bss:00000036 us_l
C:\DOKUME~1\rag\LOKALE~1\Temp/cckrp5li.s:2733   .bss:00000038 us_r
C:\DOKUME~1\rag\LOKALE~1\Temp/cckrp5li.s:2739   .bss:0000003a us_a
C:\DOKUME~1\rag\LOKALE~1\Temp/cckrp5li.s:2769   .data:000001a9 ball
C:\DOKUME~1\rag\LOKALE~1\Temp/cckrp5li.s:2757   .bss:00000040 time
C:\DOKUME~1\rag\LOKALE~1\Temp/cckrp5li.s:2763   .bss:00000042 set_time
C:\DOKUME~1\rag\LOKALE~1\Temp/cckrp5li.s:2751   .bss:0000003e cmp_rel
C:\DOKUME~1\rag\LOKALE~1\Temp/cckrp5li.s:1257   .text:0000070e __vector_15
C:\DOKUME~1\rag\LOKALE~1\Temp/cckrp5li.s:2714   .data:000001a8 zaehler
C:\DOKUME~1\rag\LOKALE~1\Temp/cckrp5li.s:2774   .data:000001aa lcd_clear
C:\DOKUME~1\rag\LOKALE~1\Temp/cckrp5li.s:2721   .bss:00000034 ir_zaehler
C:\DOKUME~1\rag\LOKALE~1\Temp/cckrp5li.s:1703   .text:00000a9e getIR_angle
C:\DOKUME~1\rag\LOKALE~1\Temp/cckrp5li.s:2670   .data:00000198 irGrad
C:\DOKUME~1\rag\LOKALE~1\Temp/cckrp5li.s:2111   .text:00000d2a getIR_direction
C:\DOKUME~1\rag\LOKALE~1\Temp/cckrp5li.s:2199   .text:00000d86 doDriveIR
C:\DOKUME~1\rag\LOKALE~1\Temp/cckrp5li.s:2690   .eeprom:00000000 leer
C:\DOKUME~1\rag\LOKALE~1\Temp/cckrp5li.s:2695   .eeprom:00000001 test
C:\DOKUME~1\rag\LOKALE~1\Temp/cckrp5li.s:2702   .bss:00000032 in_calibrate
C:\DOKUME~1\rag\LOKALE~1\Temp/cckrp5li.s:2708   .bss:00000033 step_calibrate

UNDEFINED SYMBOLS
__divmodhi4
__mulsf3
__fixsfsi
__floatsisf
__addsf3
__gtsf2
__ltsf2
i2c_init
__eerd_word_m644p
gyro_init
__eewr_word_m644p
relativeRichtung
srf08_ready
US_read
US_start
Gyro_byte
CMPS_grad
clear_lcd
display_output_string
display_output_int
yaw
pitch
roll
__floatunsisf
atan2
__divsf3
__do_copy_data
__do_clear_bss
