   1               		.file	"main.c"
   2               	__SREG__ = 0x3f
   3               	__SP_H__ = 0x3e
   4               	__SP_L__ = 0x3d
   5               	__CCP__  = 0x34
   6               	__tmp_reg__ = 0
   7               	__zero_reg__ = 1
  15               	.Ltext0:
  16               	.global	MotorPower
  18               	MotorPower:
  19               	.LFB11:
  20               	.LM1:
  21               	.LVL0:
  22               	/* prologue: function */
  23               	/* frame size = 0 */
  24               	.LM2:
  25 0000 9B01      		movw r18,r22
  26 0002 77FF      		sbrs r23,7
  27 0004 00C0      		rjmp .L2
  28 0006 2227      		clr r18
  29 0008 3327      		clr r19
  30 000a 261B      		sub r18,r22
  31 000c 370B      		sbc r19,r23
  32               	.L2:
  33 000e 2F3F      		cpi r18,255
  34 0010 3105      		cpc r19,__zero_reg__
  35 0012 01F0      		breq .L3
  36 0014 04F0      		brlt .L3
  37 0016 9FEF      		ldi r25,lo8(-1)
  38               	.LVL1:
  39 0018 00C0      		rjmp .L4
  40               	.LVL2:
  41               	.L3:
  42               	.LM3:
  43 001a 922F      		mov r25,r18
  44               	.LVL3:
  45               	.L4:
  46               	.LM4:
  47 001c 8130      		cpi r24,lo8(1)
  48 001e 01F0      		breq .L7
  49 0020 8130      		cpi r24,lo8(1)
  50 0022 00F0      		brlo .L6
  51 0024 8230      		cpi r24,lo8(2)
  52 0026 01F0      		breq .L8
  53 0028 8330      		cpi r24,lo8(3)
  54 002a 01F4      		brne .L18
  55 002c 00C0      		rjmp .L19
  56               	.L6:
  57               	.LM5:
  58 002e 77FF      		sbrs r23,7
  59 0030 00C0      		rjmp .L10
  60               	.LM6:
  61 0032 299A      		sbi 37-32,1
  62 0034 00C0      		rjmp .L11
  63               	.L10:
  64               	.LM7:
  65 0036 2998      		cbi 37-32,1
  66               	.L11:
  67               	.LM8:
  68 0038 97BD      		out 71-32,r25
  69 003a 0895      		ret
  70               	.L7:
  71               	.LM9:
  72 003c 77FF      		sbrs r23,7
  73 003e 00C0      		rjmp .L12
  74               	.LM10:
  75 0040 2A9A      		sbi 37-32,2
  76 0042 00C0      		rjmp .L13
  77               	.L12:
  78               	.LM11:
  79 0044 2A98      		cbi 37-32,2
  80               	.L13:
  81               	.LM12:
  82 0046 98BD      		out 72-32,r25
  83 0048 0895      		ret
  84               	.L8:
  85               	.LM13:
  86 004a 1616      		cp __zero_reg__,r22
  87 004c 1706      		cpc __zero_reg__,r23
  88 004e 04F4      		brge .L14
  89               	.LM14:
  90 0050 5C9A      		sbi 43-32,4
  91 0052 00C0      		rjmp .L15
  92               	.L14:
  93               	.LM15:
  94 0054 5C98      		cbi 43-32,4
  95               	.L15:
  96               	.LM16:
  97 0056 9093 B300 		sts 179,r25
  98 005a 0895      		ret
  99               	.L19:
 100               	.LM17:
 101 005c 1616      		cp __zero_reg__,r22
 102 005e 1706      		cpc __zero_reg__,r23
 103 0060 04F4      		brge .L16
 104               	.LM18:
 105 0062 5D9A      		sbi 43-32,5
 106 0064 00C0      		rjmp .L17
 107               	.L16:
 108               	.LM19:
 109 0066 5D98      		cbi 43-32,5
 110               	.L17:
 111               	.LM20:
 112 0068 9093 B400 		sts 180,r25
 113               	.L18:
 114 006c 0895      		ret
 115               	.LFE11:
 117               	.global	ReadChannelInit
 119               	ReadChannelInit:
 120               	.LFB12:
 121               	.LM21:
 122               	.LVL4:
 123               	/* prologue: function */
 124               	/* frame size = 0 */
 125               	.LM22:
 126 006e 9091 7C00 		lds r25,124
 127 0072 9064      		ori r25,lo8(64)
 128 0074 9093 7C00 		sts 124,r25
 129               	.LM23:
 130 0078 97E8      		ldi r25,lo8(-121)
 131 007a 9093 7A00 		sts 122,r25
 132               	.LM24:
 133 007e 8823      		tst r24
 134 0080 01F0      		breq .L21
 135               	.LM25:
 136 0082 8091 7A00 		lds r24,122
 137               	.LVL5:
 138 0086 8864      		ori r24,lo8(72)
 139 0088 00C0      		rjmp .L24
 140               	.LVL6:
 141               	.L21:
 142               	.LM26:
 143 008a 8091 7A00 		lds r24,122
 144               	.LVL7:
 145 008e 877F      		andi r24,lo8(-9)
 146               	.L24:
 147 0090 8093 7A00 		sts 122,r24
 148 0094 0895      		ret
 149               	.LFE12:
 151               	.global	__vector_24
 153               	__vector_24:
 154               	.LFB13:
 155               	.LM27:
 156 0096 1F92      		push __zero_reg__
 157 0098 0F92      		push r0
 158 009a 0FB6      		in r0,__SREG__
 159 009c 0F92      		push r0
 160 009e 1124      		clr __zero_reg__
 161 00a0 2F93      		push r18
 162 00a2 3F93      		push r19
 163 00a4 4F93      		push r20
 164 00a6 5F93      		push r21
 165 00a8 6F93      		push r22
 166 00aa 8F93      		push r24
 167 00ac 9F93      		push r25
 168 00ae AF93      		push r26
 169 00b0 BF93      		push r27
 170 00b2 EF93      		push r30
 171 00b4 FF93      		push r31
 172               	/* prologue: Signal */
 173               	/* frame size = 0 */
 174               	.LM28:
 175 00b6 2091 7800 		lds r18,120
 176 00ba 3091 7900 		lds r19,(120)+1
 177 00be 6091 0000 		lds r22,muxIR
 178 00c2 E62F      		mov r30,r22
 179 00c4 F0E0      		ldi r31,lo8(0)
 180 00c6 EE0F      		lsl r30
 181 00c8 FF1F      		rol r31
 182 00ca DF01      		movw r26,r30
 183 00cc A050      		subi r26,lo8(-(ADC_Offset))
 184 00ce B040      		sbci r27,hi8(-(ADC_Offset))
 185 00d0 8D91      		ld r24,X+
 186 00d2 9C91      		ld r25,X
 187 00d4 281B      		sub r18,r24
 188 00d6 390B      		sbc r19,r25
 189 00d8 DF01      		movw r26,r30
 190 00da A050      		subi r26,lo8(-(ADC_Werte))
 191 00dc B040      		sbci r27,hi8(-(ADC_Werte))
 192 00de 2D93      		st X+,r18
 193 00e0 3C93      		st X,r19
 194               	.LM29:
 195 00e2 E050      		subi r30,lo8(-(ADC_Werte_TP))
 196 00e4 F040      		sbci r31,hi8(-(ADC_Werte_TP))
 197 00e6 4081      		ld r20,Z
 198 00e8 5181      		ldd r21,Z+1
 199 00ea CA01      		movw r24,r20
 200 00ec A6E0      		ldi r26,6
 201 00ee 880F      	1:	lsl r24
 202 00f0 991F      		rol r25
 203 00f2 AA95      		dec r26
 204 00f4 01F4      		brne 1b
 205 00f6 841B      		sub r24,r20
 206 00f8 950B      		sbc r25,r21
 207 00fa 280F      		add r18,r24
 208 00fc 391F      		adc r19,r25
 209 00fe 86E0      		ldi r24,6
 210 0100 3695      	1:	lsr r19
 211 0102 2795      		ror r18
 212 0104 8A95      		dec r24
 213 0106 01F4      		brne 1b
 214 0108 3183      		std Z+1,r19
 215 010a 2083      		st Z,r18
 216               	.LM30:
 217 010c 6F5F      		subi r22,lo8(-(1))
 218 010e 6093 0000 		sts muxIR,r22
 219 0112 6830      		cpi r22,lo8(8)
 220 0114 00F0      		brlo .L26
 221               	.LM31:
 222 0116 1092 0000 		sts muxIR,__zero_reg__
 223               	.L26:
 224               	.LM32:
 225 011a 8091 0000 		lds r24,muxIR
 226 011e 8064      		ori r24,lo8(64)
 227 0120 8093 7C00 		sts 124,r24
 228               	.LM33:
 229 0124 8091 7A00 		lds r24,122
 230 0128 8064      		ori r24,lo8(64)
 231 012a 8093 7A00 		sts 122,r24
 232               	/* epilogue start */
 233               	.LM34:
 234 012e FF91      		pop r31
 235 0130 EF91      		pop r30
 236 0132 BF91      		pop r27
 237 0134 AF91      		pop r26
 238 0136 9F91      		pop r25
 239 0138 8F91      		pop r24
 240 013a 6F91      		pop r22
 241 013c 5F91      		pop r21
 242 013e 4F91      		pop r20
 243 0140 3F91      		pop r19
 244 0142 2F91      		pop r18
 245 0144 0F90      		pop r0
 246 0146 0FBE      		out __SREG__,r0
 247 0148 0F90      		pop r0
 248 014a 1F90      		pop __zero_reg__
 249 014c 1895      		reti
 250               	.LFE13:
 252               	.global	getIR_max
 254               	getIR_max:
 255               	.LFB14:
 256               	.LM35:
 257               	/* prologue: function */
 258               	/* frame size = 0 */
 259               	.LM36:
 260 014e E0E0      		ldi r30,lo8(ADC_Werte)
 261 0150 F0E0      		ldi r31,hi8(ADC_Werte)
 262 0152 20E0      		ldi r18,lo8(0)
 263 0154 30E0      		ldi r19,hi8(0)
 264               	.LVL8:
 265               	.L30:
 266               	.LBB35:
 267               	.LM37:
 268 0156 8081      		ld r24,Z
 269 0158 9181      		ldd r25,Z+1
 270 015a 2817      		cp r18,r24
 271 015c 3907      		cpc r19,r25
 272 015e 00F4      		brsh .L29
 273               	.LM38:
 274 0160 9C01      		movw r18,r24
 275               	.L29:
 276 0162 3296      		adiw r30,2
 277               	.LM39:
 278 0164 80E0      		ldi r24,hi8(ADC_Werte+16)
 279 0166 E030      		cpi r30,lo8(ADC_Werte+16)
 280 0168 F807      		cpc r31,r24
 281 016a 01F4      		brne .L30
 282               	.LBE35:
 283               	.LM40:
 284 016c C901      		movw r24,r18
 285               	.LVL9:
 286               	/* epilogue start */
 287 016e 0895      		ret
 288               	.LFE14:
 290               	.global	shoot_test
 292               	shoot_test:
 293               	.LFB17:
 294               	.LM41:
 295               	/* prologue: function */
 296               	/* frame size = 0 */
 297               	.LM42:
 298 0170 8091 0000 		lds r24,schuss
 299 0174 8823      		tst r24
 300 0176 01F0      		breq .L35
 301               	.LM43:
 302 0178 289A      		sbi 37-32,0
 303               	.LBB36:
 304               	.LBB37:
 305               	.LBB38:
 306               	.LBB39:
 307               	.LM44:
 308 017a 80E5      		ldi r24,lo8(-15536)
 309 017c 93EC      		ldi r25,hi8(-15536)
 310               	.LVL10:
 311               	/* #APP */
 312               	 ;  105 "c:/winavr-20100110/lib/gcc/../../avr/include/util/delay_basic.h" 1
 313 017e 0197      		1: sbiw r24,1
 314 0180 01F4      		brne 1b
 315               	 ;  0 "" 2
 316               	/* #NOAPP */
 317               	.LBE39:
 318               	.LBE38:
 319               	.LBE37:
 320               	.LBE36:
 321               	.LM45:
 322 0182 2898      		cbi 37-32,0
 323               	.LM46:
 324 0184 1092 0000 		sts schuss,__zero_reg__
 325               	.L35:
 326 0188 0895      		ret
 327               	.LFE17:
 329               	.global	getPID
 331               	getPID:
 332               	.LFB18:
 333               	.LM47:
 334               	.LVL11:
 335 018a AF92      		push r10
 336 018c BF92      		push r11
 337 018e CF92      		push r12
 338 0190 DF92      		push r13
 339 0192 EF92      		push r14
 340 0194 FF92      		push r15
 341 0196 0F93      		push r16
 342 0198 1F93      		push r17
 343 019a CF93      		push r28
 344 019c DF93      		push r29
 345               	/* prologue: function */
 346               	/* frame size = 0 */
 347 019e EB01      		movw r28,r22
 348               	.LM48:
 349 01a0 2091 0000 		lds r18,CMPcorrection
 350 01a4 3091 0000 		lds r19,(CMPcorrection)+1
 351               	.LVL12:
 352 01a8 280F      		add r18,r24
 353 01aa 391F      		adc r19,r25
 354               	.LM49:
 355 01ac 253B      		cpi r18,181
 356 01ae 3105      		cpc r19,__zero_reg__
 357 01b0 04F0      		brlt .L37
 358               	.LVL13:
 359               	.LM50:
 360 01b2 2856      		subi r18,lo8(-(-360))
 361 01b4 3140      		sbci r19,hi8(-(-360))
 362 01b6 00C0      		rjmp .L38
 363               	.L37:
 364               	.LM51:
 365 01b8 8FEF      		ldi r24,hi8(-180)
 366 01ba 2C34      		cpi r18,lo8(-180)
 367 01bc 3807      		cpc r19,r24
 368 01be 04F4      		brge .L38
 369               	.LM52:
 370 01c0 2859      		subi r18,lo8(-(360))
 371 01c2 3E4F      		sbci r19,hi8(-(360))
 372               	.L38:
 373               	.LM53:
 374 01c4 B901      		movw r22,r18
 375 01c6 8827      		clr r24
 376 01c8 77FD      		sbrc r23,7
 377 01ca 8095      		com r24
 378 01cc 982F      		mov r25,r24
 379               	.LVL14:
 380 01ce 0E94 0000 		call __floatsisf
 381               	.LVL15:
 382 01d2 7B01      		movw r14,r22
 383 01d4 8C01      		movw r16,r24
 384 01d6 22E5      		ldi r18,lo8(0x3c1d4952)
 385 01d8 39E4      		ldi r19,hi8(0x3c1d4952)
 386 01da 4DE1      		ldi r20,hlo8(0x3c1d4952)
 387 01dc 5CE3      		ldi r21,hhi8(0x3c1d4952)
 388 01de 0E94 0000 		call __mulsf3
 389 01e2 20E0      		ldi r18,lo8(0x0)
 390 01e4 30E0      		ldi r19,hi8(0x0)
 391 01e6 40E0      		ldi r20,hlo8(0x0)
 392 01e8 50E0      		ldi r21,hhi8(0x0)
 393 01ea 0E94 0000 		call __addsf3
 394 01ee 5B01      		movw r10,r22
 395 01f0 6C01      		movw r12,r24
 396               	.LVL16:
 397               	.LM54:
 398 01f2 20E0      		ldi r18,lo8(0x43fa0000)
 399 01f4 30E0      		ldi r19,hi8(0x43fa0000)
 400 01f6 4AEF      		ldi r20,hlo8(0x43fa0000)
 401 01f8 53E4      		ldi r21,hhi8(0x43fa0000)
 402 01fa 0E94 0000 		call __gtsf2
 403 01fe 1816      		cp __zero_reg__,r24
 404 0200 04F4      		brge .L52
 405 0202 0F2E      		mov __tmp_reg__,r31
 406 0204 F0E0      		ldi r31,lo8(0x43fa0000)
 407 0206 AF2E      		mov r10,r31
 408 0208 F0E0      		ldi r31,hi8(0x43fa0000)
 409 020a BF2E      		mov r11,r31
 410 020c FAEF      		ldi r31,hlo8(0x43fa0000)
 411 020e CF2E      		mov r12,r31
 412 0210 F3E4      		ldi r31,hhi8(0x43fa0000)
 413 0212 DF2E      		mov r13,r31
 414 0214 F02D      		mov r31,__tmp_reg__
 415 0216 00C0      		rjmp .L41
 416               	.L52:
 417               	.LM55:
 418 0218 C601      		movw r24,r12
 419 021a B501      		movw r22,r10
 420 021c 20E0      		ldi r18,lo8(0xc3fa0000)
 421 021e 30E0      		ldi r19,hi8(0xc3fa0000)
 422 0220 4AEF      		ldi r20,hlo8(0xc3fa0000)
 423 0222 53EC      		ldi r21,hhi8(0xc3fa0000)
 424 0224 0E94 0000 		call __ltsf2
 425 0228 8823      		tst r24
 426 022a 04F4      		brge .L41
 427 022c 0F2E      		mov __tmp_reg__,r31
 428 022e F0E0      		ldi r31,lo8(0xc3fa0000)
 429 0230 AF2E      		mov r10,r31
 430 0232 F0E0      		ldi r31,hi8(0xc3fa0000)
 431 0234 BF2E      		mov r11,r31
 432 0236 FAEF      		ldi r31,hlo8(0xc3fa0000)
 433 0238 CF2E      		mov r12,r31
 434 023a F3EC      		ldi r31,hhi8(0xc3fa0000)
 435 023c DF2E      		mov r13,r31
 436 023e F02D      		mov r31,__tmp_reg__
 437               	.L41:
 438               	.LM56:
 439 0240 C801      		movw r24,r16
 440 0242 B701      		movw r22,r14
 441 0244 20E0      		ldi r18,lo8(0x3f000000)
 442 0246 30E0      		ldi r19,hi8(0x3f000000)
 443 0248 40E0      		ldi r20,hlo8(0x3f000000)
 444 024a 5FE3      		ldi r21,hhi8(0x3f000000)
 445 024c 0E94 0000 		call __mulsf3
 446 0250 7B01      		movw r14,r22
 447 0252 8C01      		movw r16,r24
 448 0254 C601      		movw r24,r12
 449 0256 B501      		movw r22,r10
 450 0258 20E0      		ldi r18,lo8(0x0)
 451 025a 30E0      		ldi r19,hi8(0x0)
 452 025c 40E0      		ldi r20,hlo8(0x0)
 453 025e 50E0      		ldi r21,hhi8(0x0)
 454 0260 0E94 0000 		call __mulsf3
 455 0264 23E3      		ldi r18,lo8(0xbff33333)
 456 0266 33E3      		ldi r19,hi8(0xbff33333)
 457 0268 43EF      		ldi r20,hlo8(0xbff33333)
 458 026a 5FEB      		ldi r21,hhi8(0xbff33333)
 459 026c 0E94 0000 		call __mulsf3
 460 0270 9B01      		movw r18,r22
 461 0272 AC01      		movw r20,r24
 462 0274 C801      		movw r24,r16
 463 0276 B701      		movw r22,r14
 464 0278 0E94 0000 		call __addsf3
 465 027c 7B01      		movw r14,r22
 466 027e 8C01      		movw r16,r24
 467 0280 BE01      		movw r22,r28
 468 0282 8827      		clr r24
 469 0284 77FD      		sbrc r23,7
 470 0286 8095      		com r24
 471 0288 982F      		mov r25,r24
 472               	.LVL17:
 473 028a 0E94 0000 		call __floatsisf
 474               	.LVL18:
 475 028e 2AE9      		ldi r18,lo8(0xbe99999a)
 476 0290 39E9      		ldi r19,hi8(0xbe99999a)
 477 0292 49E9      		ldi r20,hlo8(0xbe99999a)
 478 0294 5EEB      		ldi r21,hhi8(0xbe99999a)
 479 0296 0E94 0000 		call __mulsf3
 480 029a 9B01      		movw r18,r22
 481 029c AC01      		movw r20,r24
 482 029e C801      		movw r24,r16
 483 02a0 B701      		movw r22,r14
 484 02a2 0E94 0000 		call __addsf3
 485 02a6 7B01      		movw r14,r22
 486 02a8 8C01      		movw r16,r24
 487               	.LVL19:
 488               	.LM57:
 489 02aa 20E0      		ldi r18,lo8(0x42c80000)
 490 02ac 30E0      		ldi r19,hi8(0x42c80000)
 491 02ae 48EC      		ldi r20,hlo8(0x42c80000)
 492 02b0 52E4      		ldi r21,hhi8(0x42c80000)
 493 02b2 0E94 0000 		call __gtsf2
 494 02b6 1816      		cp __zero_reg__,r24
 495 02b8 04F4      		brge .L53
 496 02ba 0F2E      		mov __tmp_reg__,r31
 497 02bc F0E0      		ldi r31,lo8(0x42c80000)
 498 02be EF2E      		mov r14,r31
 499 02c0 F0E0      		ldi r31,hi8(0x42c80000)
 500 02c2 FF2E      		mov r15,r31
 501 02c4 F8EC      		ldi r31,hlo8(0x42c80000)
 502 02c6 0F2F      		mov r16,r31
 503 02c8 F2E4      		ldi r31,hhi8(0x42c80000)
 504 02ca 1F2F      		mov r17,r31
 505 02cc F02D      		mov r31,__tmp_reg__
 506 02ce 00C0      		rjmp .L45
 507               	.L53:
 508               	.LM58:
 509 02d0 C801      		movw r24,r16
 510 02d2 B701      		movw r22,r14
 511 02d4 20E0      		ldi r18,lo8(0xc2c80000)
 512 02d6 30E0      		ldi r19,hi8(0xc2c80000)
 513 02d8 48EC      		ldi r20,hlo8(0xc2c80000)
 514 02da 52EC      		ldi r21,hhi8(0xc2c80000)
 515 02dc 0E94 0000 		call __ltsf2
 516 02e0 8823      		tst r24
 517 02e2 04F4      		brge .L45
 518 02e4 0F2E      		mov __tmp_reg__,r31
 519 02e6 F0E0      		ldi r31,lo8(0xc2c80000)
 520 02e8 EF2E      		mov r14,r31
 521 02ea F0E0      		ldi r31,hi8(0xc2c80000)
 522 02ec FF2E      		mov r15,r31
 523 02ee F8EC      		ldi r31,hlo8(0xc2c80000)
 524 02f0 0F2F      		mov r16,r31
 525 02f2 F2EC      		ldi r31,hhi8(0xc2c80000)
 526 02f4 1F2F      		mov r17,r31
 527 02f6 F02D      		mov r31,__tmp_reg__
 528               	.L45:
 529 02f8 C801      		movw r24,r16
 530 02fa B701      		movw r22,r14
 531 02fc 0E94 0000 		call __fixsfsi
 532               	.LM59:
 533 0300 CB01      		movw r24,r22
 534               	/* epilogue start */
 535 0302 DF91      		pop r29
 536 0304 CF91      		pop r28
 537 0306 1F91      		pop r17
 538 0308 0F91      		pop r16
 539 030a FF90      		pop r15
 540 030c EF90      		pop r14
 541               	.LVL20:
 542 030e DF90      		pop r13
 543 0310 CF90      		pop r12
 544 0312 BF90      		pop r11
 545 0314 AF90      		pop r10
 546               	.LVL21:
 547 0316 0895      		ret
 548               	.LFE18:
 550               	.global	epicFunction
 552               	epicFunction:
 553               	.LFB19:
 554               	.LM60:
 555               	.LVL22:
 556 0318 CF92      		push r12
 557 031a DF92      		push r13
 558 031c EF92      		push r14
 559 031e FF92      		push r15
 560 0320 0F93      		push r16
 561 0322 1F93      		push r17
 562 0324 CF93      		push r28
 563 0326 DF93      		push r29
 564               	/* prologue: function */
 565               	/* frame size = 0 */
 566 0328 6B01      		movw r12,r22
 567               	.LM61:
 568 032a 9A01      		movw r18,r20
 569 032c 2C54      		subi r18,lo8(-(180))
 570 032e 3F4F      		sbci r19,hi8(-(180))
 571               	.LVL23:
 572               	.LM62:
 573 0330 91E0      		ldi r25,hi8(360)
 574 0332 2836      		cpi r18,lo8(360)
 575 0334 3907      		cpc r19,r25
 576 0336 04F0      		brlt .L55
 577               	.LVL24:
 578               	.LM63:
 579 0338 9A01      		movw r18,r20
 580 033a 245B      		subi r18,lo8(-(-180))
 581 033c 3040      		sbci r19,hi8(-(-180))
 582               	.L55:
 583               	.LBB40:
 584               	.LBB41:
 585               	.LM64:
 586 033e E82F      		mov r30,r24
 587 0340 F0E0      		ldi r31,lo8(0)
 588               	.LVL25:
 589 0342 EE0F      		lsl r30
 590 0344 FF1F      		rol r31
 591               	.LVL26:
 592 0346 E050      		subi r30,lo8(-(motorWinkel))
 593 0348 F040      		sbci r31,hi8(-(motorWinkel))
 594               	.LVL27:
 595 034a CAE5      		ldi r28,lo8(90)
 596 034c D0E0      		ldi r29,hi8(90)
 597               	.LVL28:
 598 034e 8081      		ld r24,Z
 599 0350 9181      		ldd r25,Z+1
 600 0352 C81B      		sub r28,r24
 601 0354 D90B      		sbc r29,r25
 602 0356 C901      		movw r24,r18
 603 0358 68E6      		ldi r22,lo8(360)
 604 035a 71E0      		ldi r23,hi8(360)
 605 035c 0E94 0000 		call __divmodhi4
 606 0360 C80F      		add r28,r24
 607 0362 D91F      		adc r29,r25
 608 0364 00C0      		rjmp .L56
 609               	.L57:
 610               	.LM65:
 611 0366 C859      		subi r28,lo8(-(360))
 612 0368 DE4F      		sbci r29,hi8(-(360))
 613               	.L56:
 614               	.LM66:
 615 036a D7FD      		sbrc r29,7
 616 036c 00C0      		rjmp .L57
 617 036e 00C0      		rjmp .L65
 618               	.L59:
 619               	.LM67:
 620 0370 C856      		subi r28,lo8(-(-360))
 621 0372 D140      		sbci r29,hi8(-(-360))
 622               	.L65:
 623               	.LM68:
 624 0374 81E0      		ldi r24,hi8(361)
 625 0376 C936      		cpi r28,lo8(361)
 626 0378 D807      		cpc r29,r24
 627 037a 04F4      		brge .L59
 628               	.LM69:
 629 037c CA35      		cpi r28,90
 630 037e D105      		cpc r29,__zero_reg__
 631 0380 04F4      		brge .L60
 632               	.LM70:
 633 0382 CC0F      		lsl r28
 634 0384 DD1F      		rol r29
 635 0386 CC0F      		lsl r28
 636 0388 DD1F      		rol r29
 637 038a C050      		subi r28,lo8(-(Sinus))
 638 038c D040      		sbci r29,hi8(-(Sinus))
 639 038e E880      		ld r14,Y
 640 0390 F980      		ldd r15,Y+1
 641 0392 0A81      		ldd r16,Y+2
 642 0394 1B81      		ldd r17,Y+3
 643 0396 00C0      		rjmp .L61
 644               	.L60:
 645               	.LM71:
 646 0398 C43B      		cpi r28,180
 647 039a D105      		cpc r29,__zero_reg__
 648 039c 04F4      		brge .L62
 649               	.LM72:
 650 039e E4EB      		ldi r30,lo8(180)
 651 03a0 F0E0      		ldi r31,hi8(180)
 652               	.LVL29:
 653 03a2 EC1B      		sub r30,r28
 654 03a4 FD0B      		sbc r31,r29
 655 03a6 EE0F      		lsl r30
 656 03a8 FF1F      		rol r31
 657 03aa EE0F      		lsl r30
 658 03ac FF1F      		rol r31
 659 03ae E050      		subi r30,lo8(-(Sinus))
 660 03b0 F040      		sbci r31,hi8(-(Sinus))
 661 03b2 E080      		ld r14,Z
 662 03b4 F180      		ldd r15,Z+1
 663 03b6 0281      		ldd r16,Z+2
 664 03b8 1381      		ldd r17,Z+3
 665 03ba 00C0      		rjmp .L61
 666               	.LVL30:
 667               	.L62:
 668               	.LM73:
 669 03bc 91E0      		ldi r25,hi8(270)
 670 03be CE30      		cpi r28,lo8(270)
 671 03c0 D907      		cpc r29,r25
 672 03c2 04F4      		brge .L63
 673               	.LM74:
 674 03c4 CC0F      		lsl r28
 675 03c6 DD1F      		rol r29
 676 03c8 CC0F      		lsl r28
 677 03ca DD1F      		rol r29
 678 03cc C050      		subi r28,lo8(-(Sinus-720))
 679 03ce D040      		sbci r29,hi8(-(Sinus-720))
 680 03d0 8881      		ld r24,Y
 681 03d2 9981      		ldd r25,Y+1
 682 03d4 AA81      		ldd r26,Y+2
 683 03d6 BB81      		ldd r27,Y+3
 684 03d8 00C0      		rjmp .L66
 685               	.L63:
 686               	.LM75:
 687 03da E8E6      		ldi r30,lo8(360)
 688 03dc F1E0      		ldi r31,hi8(360)
 689               	.LVL31:
 690 03de EC1B      		sub r30,r28
 691 03e0 FD0B      		sbc r31,r29
 692 03e2 EE0F      		lsl r30
 693 03e4 FF1F      		rol r31
 694 03e6 EE0F      		lsl r30
 695 03e8 FF1F      		rol r31
 696 03ea E050      		subi r30,lo8(-(Sinus))
 697 03ec F040      		sbci r31,hi8(-(Sinus))
 698 03ee 8081      		ld r24,Z
 699 03f0 9181      		ldd r25,Z+1
 700 03f2 A281      		ldd r26,Z+2
 701 03f4 B381      		ldd r27,Z+3
 702               	.LVL32:
 703               	.L66:
 704 03f6 7C01      		movw r14,r24
 705 03f8 8D01      		movw r16,r26
 706 03fa 17FB      		bst r17,7
 707 03fc 1095      		com r17
 708 03fe 17F9      		bld r17,7
 709 0400 1095      		com r17
 710               	.L61:
 711 0402 C601      		movw r24,r12
 712 0404 60E0      		ldi r22,lo8(256)
 713 0406 71E0      		ldi r23,hi8(256)
 714 0408 0E94 0000 		call __divmodhi4
 715 040c AA27      		clr r26
 716 040e 97FD      		sbrc r25,7
 717 0410 A095      		com r26
 718 0412 BA2F      		mov r27,r26
 719 0414 BC01      		movw r22,r24
 720 0416 CD01      		movw r24,r26
 721 0418 0E94 0000 		call __floatsisf
 722               	.LVL33:
 723 041c 9B01      		movw r18,r22
 724 041e AC01      		movw r20,r24
 725 0420 C801      		movw r24,r16
 726 0422 B701      		movw r22,r14
 727 0424 0E94 0000 		call __mulsf3
 728 0428 0E94 0000 		call __fixsfsi
 729               	.LBE41:
 730               	.LBE40:
 731               	.LM76:
 732 042c CB01      		movw r24,r22
 733               	/* epilogue start */
 734 042e DF91      		pop r29
 735 0430 CF91      		pop r28
 736               	.LVL34:
 737 0432 1F91      		pop r17
 738 0434 0F91      		pop r16
 739 0436 FF90      		pop r15
 740 0438 EF90      		pop r14
 741 043a DF90      		pop r13
 742 043c CF90      		pop r12
 743               	.LVL35:
 744 043e 0895      		ret
 745               	.LFE19:
 747               		.data
 748               	.LC0:
 749 0000 5553 7C6C 		.string	"US|l/r/a"
 749      2F72 2F61 
 749      00
 750               	.LC1:
 751 0009 434D 5000 		.string	"CMP"
 752               	.LC2:
 753 000d 4759 524F 		.string	"GYRO"
 753      00
 754               	.LC3:
 755 0012 4100      		.string	"A"
 756               	.LC4:
 757 0014 4200      		.string	"B"
 758               	.LC5:
 759 0016 4300      		.string	"C"
 760               	.LC6:
 761 0018 4400      		.string	"D"
 762               	.LC7:
 763 001a 4500      		.string	"E"
 764               	.LC8:
 765 001c 4600      		.string	"F"
 766               	.LC9:
 767 001e 4700      		.string	"G"
 768               	.LC10:
 769 0020 4800      		.string	"H"
 770               		.text
 771               	.global	__vector_15
 773               	__vector_15:
 774               	.LFB21:
 775               	.LM77:
 776 0440 1F92      		push __zero_reg__
 777 0442 0F92      		push r0
 778 0444 0FB6      		in r0,__SREG__
 779 0446 0F92      		push r0
 780 0448 1124      		clr __zero_reg__
 781 044a 2F93      		push r18
 782 044c 3F93      		push r19
 783 044e 4F93      		push r20
 784 0450 5F93      		push r21
 785 0452 6F93      		push r22
 786 0454 7F93      		push r23
 787 0456 8F93      		push r24
 788 0458 9F93      		push r25
 789 045a AF93      		push r26
 790 045c BF93      		push r27
 791 045e EF93      		push r30
 792 0460 FF93      		push r31
 793               	/* prologue: Signal */
 794               	/* frame size = 0 */
 795               	.LM78:
 796 0462 8091 0000 		lds r24,zaehler
 797 0466 8130      		cpi r24,lo8(1)
 798 0468 01F4      		brne .L68
 799               	.LM79:
 800 046a 80EE      		ldi r24,lo8(-32)
 801 046c 0E94 0000 		call srf08_ready
 802 0470 8823      		tst r24
 803 0472 01F0      		breq .L69
 804               	.LM80:
 805 0474 80EE      		ldi r24,lo8(-32)
 806 0476 0E94 0000 		call US_read
 807 047a 9093 0000 		sts (us_a)+1,r25
 808 047e 8093 0000 		sts us_a,r24
 809               	.LM81:
 810 0482 80EE      		ldi r24,lo8(-32)
 811 0484 0E94 0000 		call US_start
 812               	.L69:
 813               	.LM82:
 814 0488 82EE      		ldi r24,lo8(-30)
 815 048a 0E94 0000 		call srf08_ready
 816 048e 8823      		tst r24
 817 0490 01F0      		breq .L70
 818               	.LM83:
 819 0492 82EE      		ldi r24,lo8(-30)
 820 0494 0E94 0000 		call US_read
 821 0498 9093 0000 		sts (us_l)+1,r25
 822 049c 8093 0000 		sts us_l,r24
 823               	.LM84:
 824 04a0 82EE      		ldi r24,lo8(-30)
 825 04a2 0E94 0000 		call US_start
 826               	.L70:
 827               	.LM85:
 828 04a6 86EE      		ldi r24,lo8(-26)
 829 04a8 0E94 0000 		call srf08_ready
 830 04ac 8823      		tst r24
 831 04ae 01F0      		breq .L68
 832               	.LM86:
 833 04b0 86EE      		ldi r24,lo8(-26)
 834 04b2 0E94 0000 		call US_read
 835 04b6 9093 0000 		sts (us_r)+1,r25
 836 04ba 8093 0000 		sts us_r,r24
 837               	.LM87:
 838 04be 86EE      		ldi r24,lo8(-26)
 839 04c0 0E94 0000 		call US_start
 840               	.L68:
 841               	.LM88:
 842 04c4 8091 0000 		lds r24,zaehler
 843 04c8 8230      		cpi r24,lo8(2)
 844 04ca 01F4      		brne .L71
 845               	.LM89:
 846 04cc 0E94 0000 		call Gyro_byte
 847               	.LM90:
 848 04d0 0E94 0000 		call CMPS_grad
 849 04d4 9093 0000 		sts (cmp)+1,r25
 850 04d8 8093 0000 		sts cmp,r24
 851               	.LM91:
 852 04dc 8091 0000 		lds r24,startwert
 853 04e0 9091 0000 		lds r25,(startwert)+1
 854 04e4 0E94 0000 		call relativeRichtung
 855 04e8 9093 0000 		sts (cmp_rel)+1,r25
 856 04ec 8093 0000 		sts cmp_rel,r24
 857               	.L71:
 858               	.LM92:
 859 04f0 8091 0000 		lds r24,zaehler
 860 04f4 8330      		cpi r24,lo8(3)
 861 04f6 01F0      		breq .+2
 862 04f8 00C0      		rjmp .L72
 863 04fa 369B      		sbis 38-32,6
 864 04fc 00C0      		rjmp .L72
 865               	.LM93:
 866 04fe 8091 0000 		lds r24,zaehler_2
 867 0502 8823      		tst r24
 868 0504 01F4      		brne .L73
 869               	.LM94:
 870 0506 0E94 0000 		call clear_lcd
 871               	.LM95:
 872 050a 8AE0      		ldi r24,lo8(10)
 873 050c 8093 0000 		sts zaehler_2,r24
 874 0510 00C0      		rjmp .L74
 875               	.L73:
 876               	.LM96:
 877 0512 1092 0000 		sts zaehler_2,__zero_reg__
 878               	.L74:
 879               	.LM97:
 880 0516 81E0      		ldi r24,lo8(1)
 881 0518 90E0      		ldi r25,hi8(1)
 882 051a 61E0      		ldi r22,lo8(1)
 883 051c 70E0      		ldi r23,hi8(1)
 884 051e 40E0      		ldi r20,lo8(.LC0)
 885 0520 50E0      		ldi r21,hi8(.LC0)
 886 0522 0E94 0000 		call display_output_string
 887               	.LM98:
 888 0526 4091 0000 		lds r20,us_l
 889 052a 5091 0000 		lds r21,(us_l)+1
 890 052e 81E0      		ldi r24,lo8(1)
 891 0530 90E0      		ldi r25,hi8(1)
 892 0532 6AE0      		ldi r22,lo8(10)
 893 0534 70E0      		ldi r23,hi8(10)
 894 0536 0E94 0000 		call display_output_int
 895               	.LM99:
 896 053a 4091 0000 		lds r20,us_r
 897 053e 5091 0000 		lds r21,(us_r)+1
 898 0542 81E0      		ldi r24,lo8(1)
 899 0544 90E0      		ldi r25,hi8(1)
 900 0546 6EE0      		ldi r22,lo8(14)
 901 0548 70E0      		ldi r23,hi8(14)
 902 054a 0E94 0000 		call display_output_int
 903               	.LM100:
 904 054e 4091 0000 		lds r20,us_a
 905 0552 5091 0000 		lds r21,(us_a)+1
 906 0556 81E0      		ldi r24,lo8(1)
 907 0558 90E0      		ldi r25,hi8(1)
 908 055a 62E1      		ldi r22,lo8(18)
 909 055c 70E0      		ldi r23,hi8(18)
 910 055e 0E94 0000 		call display_output_int
 911               	.LM101:
 912 0562 83E0      		ldi r24,lo8(3)
 913 0564 90E0      		ldi r25,hi8(3)
 914 0566 61E0      		ldi r22,lo8(1)
 915 0568 70E0      		ldi r23,hi8(1)
 916 056a 40E0      		ldi r20,lo8(.LC1)
 917 056c 50E0      		ldi r21,hi8(.LC1)
 918 056e 0E94 0000 		call display_output_string
 919               	.LM102:
 920 0572 4091 0000 		lds r20,cmp
 921 0576 5091 0000 		lds r21,(cmp)+1
 922 057a 83E0      		ldi r24,lo8(3)
 923 057c 90E0      		ldi r25,hi8(3)
 924 057e 65E0      		ldi r22,lo8(5)
 925 0580 70E0      		ldi r23,hi8(5)
 926 0582 0E94 0000 		call display_output_int
 927               	.LM103:
 928 0586 4091 0000 		lds r20,cmp_rel
 929 058a 5091 0000 		lds r21,(cmp_rel)+1
 930 058e 83E0      		ldi r24,lo8(3)
 931 0590 90E0      		ldi r25,hi8(3)
 932 0592 6AE0      		ldi r22,lo8(10)
 933 0594 70E0      		ldi r23,hi8(10)
 934 0596 0E94 0000 		call display_output_int
 935 059a E0E0      		ldi r30,lo8(ADC_Werte)
 936 059c F0E0      		ldi r31,hi8(ADC_Werte)
 937 059e 40E0      		ldi r20,lo8(0)
 938 05a0 50E0      		ldi r21,hi8(0)
 939               	.LVL36:
 940               	.L76:
 941               	.LBB42:
 942               	.LBB43:
 943               	.LBB44:
 944               	.LM104:
 945 05a2 8081      		ld r24,Z
 946 05a4 9181      		ldd r25,Z+1
 947 05a6 4817      		cp r20,r24
 948 05a8 5907      		cpc r21,r25
 949 05aa 00F4      		brsh .L75
 950               	.LM105:
 951 05ac AC01      		movw r20,r24
 952               	.L75:
 953 05ae 3296      		adiw r30,2
 954               	.LM106:
 955 05b0 80E0      		ldi r24,hi8(ADC_Werte+16)
 956 05b2 E030      		cpi r30,lo8(ADC_Werte+16)
 957 05b4 F807      		cpc r31,r24
 958 05b6 01F4      		brne .L76
 959               	.LBE44:
 960               	.LBE43:
 961               	.LBE42:
 962               	.LM107:
 963 05b8 83E0      		ldi r24,lo8(3)
 964 05ba 90E0      		ldi r25,hi8(3)
 965 05bc 61E1      		ldi r22,lo8(17)
 966 05be 70E0      		ldi r23,hi8(17)
 967 05c0 0E94 0000 		call display_output_int
 968               	.LVL37:
 969               	.LM108:
 970 05c4 82E0      		ldi r24,lo8(2)
 971 05c6 90E0      		ldi r25,hi8(2)
 972 05c8 61E0      		ldi r22,lo8(1)
 973 05ca 70E0      		ldi r23,hi8(1)
 974 05cc 40E0      		ldi r20,lo8(.LC2)
 975 05ce 50E0      		ldi r21,hi8(.LC2)
 976 05d0 0E94 0000 		call display_output_string
 977               	.LM109:
 978 05d4 4091 0000 		lds r20,yaw
 979 05d8 5091 0000 		lds r21,(yaw)+1
 980 05dc 82E0      		ldi r24,lo8(2)
 981 05de 90E0      		ldi r25,hi8(2)
 982 05e0 66E0      		ldi r22,lo8(6)
 983 05e2 70E0      		ldi r23,hi8(6)
 984 05e4 0E94 0000 		call display_output_int
 985               	.LM110:
 986 05e8 4091 0000 		lds r20,pitch
 987 05ec 5091 0000 		lds r21,(pitch)+1
 988 05f0 82E0      		ldi r24,lo8(2)
 989 05f2 90E0      		ldi r25,hi8(2)
 990 05f4 6AE0      		ldi r22,lo8(10)
 991 05f6 70E0      		ldi r23,hi8(10)
 992 05f8 0E94 0000 		call display_output_int
 993               	.LM111:
 994 05fc 4091 0000 		lds r20,roll
 995 0600 5091 0000 		lds r21,(roll)+1
 996 0604 82E0      		ldi r24,lo8(2)
 997 0606 90E0      		ldi r25,hi8(2)
 998 0608 6EE0      		ldi r22,lo8(14)
 999 060a 70E0      		ldi r23,hi8(14)
 1000 060c 0E94 0000 		call display_output_int
 1001               	.LM112:
 1002 0610 8091 0000 		lds r24,ir_zaehler
 1003 0614 9091 0000 		lds r25,(ir_zaehler)+1
 1004 0618 8436      		cpi r24,100
 1005 061a 9105      		cpc r25,__zero_reg__
 1006 061c 04F0      		brlt .+2
 1007 061e 00C0      		rjmp .L77
 1008               	.LM113:
 1009 0620 84E0      		ldi r24,lo8(4)
 1010 0622 90E0      		ldi r25,hi8(4)
 1011 0624 61E0      		ldi r22,lo8(1)
 1012 0626 70E0      		ldi r23,hi8(1)
 1013 0628 40E0      		ldi r20,lo8(.LC3)
 1014 062a 50E0      		ldi r21,hi8(.LC3)
 1015 062c 0E94 0000 		call display_output_string
 1016               	.LM114:
 1017 0630 4091 0000 		lds r20,ADC_Werte
 1018 0634 5091 0000 		lds r21,(ADC_Werte)+1
 1019 0638 84E0      		ldi r24,lo8(4)
 1020 063a 90E0      		ldi r25,hi8(4)
 1021 063c 62E0      		ldi r22,lo8(2)
 1022 063e 70E0      		ldi r23,hi8(2)
 1023 0640 0E94 0000 		call display_output_int
 1024               	.LM115:
 1025 0644 84E0      		ldi r24,lo8(4)
 1026 0646 90E0      		ldi r25,hi8(4)
 1027 0648 66E0      		ldi r22,lo8(6)
 1028 064a 70E0      		ldi r23,hi8(6)
 1029 064c 40E0      		ldi r20,lo8(.LC4)
 1030 064e 50E0      		ldi r21,hi8(.LC4)
 1031 0650 0E94 0000 		call display_output_string
 1032               	.LM116:
 1033 0654 4091 0000 		lds r20,ADC_Werte+2
 1034 0658 5091 0000 		lds r21,(ADC_Werte+2)+1
 1035 065c 84E0      		ldi r24,lo8(4)
 1036 065e 90E0      		ldi r25,hi8(4)
 1037 0660 67E0      		ldi r22,lo8(7)
 1038 0662 70E0      		ldi r23,hi8(7)
 1039 0664 0E94 0000 		call display_output_int
 1040               	.LM117:
 1041 0668 84E0      		ldi r24,lo8(4)
 1042 066a 90E0      		ldi r25,hi8(4)
 1043 066c 6BE0      		ldi r22,lo8(11)
 1044 066e 70E0      		ldi r23,hi8(11)
 1045 0670 40E0      		ldi r20,lo8(.LC5)
 1046 0672 50E0      		ldi r21,hi8(.LC5)
 1047 0674 0E94 0000 		call display_output_string
 1048               	.LM118:
 1049 0678 4091 0000 		lds r20,ADC_Werte+4
 1050 067c 5091 0000 		lds r21,(ADC_Werte+4)+1
 1051 0680 84E0      		ldi r24,lo8(4)
 1052 0682 90E0      		ldi r25,hi8(4)
 1053 0684 6CE0      		ldi r22,lo8(12)
 1054 0686 70E0      		ldi r23,hi8(12)
 1055 0688 0E94 0000 		call display_output_int
 1056               	.LM119:
 1057 068c 84E0      		ldi r24,lo8(4)
 1058 068e 90E0      		ldi r25,hi8(4)
 1059 0690 60E1      		ldi r22,lo8(16)
 1060 0692 70E0      		ldi r23,hi8(16)
 1061 0694 40E0      		ldi r20,lo8(.LC6)
 1062 0696 50E0      		ldi r21,hi8(.LC6)
 1063 0698 0E94 0000 		call display_output_string
 1064               	.LM120:
 1065 069c 4091 0000 		lds r20,ADC_Werte+6
 1066 06a0 5091 0000 		lds r21,(ADC_Werte+6)+1
 1067 06a4 00C0      		rjmp .L83
 1068               	.L77:
 1069               	.LM121:
 1070 06a6 883C      		cpi r24,200
 1071 06a8 9105      		cpc r25,__zero_reg__
 1072 06aa 04F0      		brlt .+2
 1073 06ac 00C0      		rjmp .L78
 1074               	.LM122:
 1075 06ae 84E0      		ldi r24,lo8(4)
 1076 06b0 90E0      		ldi r25,hi8(4)
 1077 06b2 61E0      		ldi r22,lo8(1)
 1078 06b4 70E0      		ldi r23,hi8(1)
 1079 06b6 40E0      		ldi r20,lo8(.LC7)
 1080 06b8 50E0      		ldi r21,hi8(.LC7)
 1081 06ba 0E94 0000 		call display_output_string
 1082               	.LM123:
 1083 06be 4091 0000 		lds r20,ADC_Werte+8
 1084 06c2 5091 0000 		lds r21,(ADC_Werte+8)+1
 1085 06c6 84E0      		ldi r24,lo8(4)
 1086 06c8 90E0      		ldi r25,hi8(4)
 1087 06ca 62E0      		ldi r22,lo8(2)
 1088 06cc 70E0      		ldi r23,hi8(2)
 1089 06ce 0E94 0000 		call display_output_int
 1090               	.LM124:
 1091 06d2 84E0      		ldi r24,lo8(4)
 1092 06d4 90E0      		ldi r25,hi8(4)
 1093 06d6 66E0      		ldi r22,lo8(6)
 1094 06d8 70E0      		ldi r23,hi8(6)
 1095 06da 40E0      		ldi r20,lo8(.LC8)
 1096 06dc 50E0      		ldi r21,hi8(.LC8)
 1097 06de 0E94 0000 		call display_output_string
 1098               	.LM125:
 1099 06e2 4091 0000 		lds r20,ADC_Werte+10
 1100 06e6 5091 0000 		lds r21,(ADC_Werte+10)+1
 1101 06ea 84E0      		ldi r24,lo8(4)
 1102 06ec 90E0      		ldi r25,hi8(4)
 1103 06ee 67E0      		ldi r22,lo8(7)
 1104 06f0 70E0      		ldi r23,hi8(7)
 1105 06f2 0E94 0000 		call display_output_int
 1106               	.LM126:
 1107 06f6 84E0      		ldi r24,lo8(4)
 1108 06f8 90E0      		ldi r25,hi8(4)
 1109 06fa 6BE0      		ldi r22,lo8(11)
 1110 06fc 70E0      		ldi r23,hi8(11)
 1111 06fe 40E0      		ldi r20,lo8(.LC9)
 1112 0700 50E0      		ldi r21,hi8(.LC9)
 1113 0702 0E94 0000 		call display_output_string
 1114               	.LM127:
 1115 0706 4091 0000 		lds r20,ADC_Werte+12
 1116 070a 5091 0000 		lds r21,(ADC_Werte+12)+1
 1117 070e 84E0      		ldi r24,lo8(4)
 1118 0710 90E0      		ldi r25,hi8(4)
 1119 0712 6CE0      		ldi r22,lo8(12)
 1120 0714 70E0      		ldi r23,hi8(12)
 1121 0716 0E94 0000 		call display_output_int
 1122               	.LM128:
 1123 071a 84E0      		ldi r24,lo8(4)
 1124 071c 90E0      		ldi r25,hi8(4)
 1125 071e 60E1      		ldi r22,lo8(16)
 1126 0720 70E0      		ldi r23,hi8(16)
 1127 0722 40E0      		ldi r20,lo8(.LC10)
 1128 0724 50E0      		ldi r21,hi8(.LC10)
 1129 0726 0E94 0000 		call display_output_string
 1130               	.LM129:
 1131 072a 4091 0000 		lds r20,ADC_Werte+14
 1132 072e 5091 0000 		lds r21,(ADC_Werte+14)+1
 1133               	.L83:
 1134 0732 84E0      		ldi r24,lo8(4)
 1135 0734 90E0      		ldi r25,hi8(4)
 1136 0736 61E1      		ldi r22,lo8(17)
 1137 0738 70E0      		ldi r23,hi8(17)
 1138 073a 0E94 0000 		call display_output_int
 1139               	.LM130:
 1140 073e 8091 0000 		lds r24,ir_zaehler
 1141 0742 9091 0000 		lds r25,(ir_zaehler)+1
 1142 0746 0196      		adiw r24,1
 1143 0748 9093 0000 		sts (ir_zaehler)+1,r25
 1144 074c 8093 0000 		sts ir_zaehler,r24
 1145 0750 00C0      		rjmp .L72
 1146               	.L78:
 1147               	.LM131:
 1148 0752 1092 0000 		sts (ir_zaehler)+1,__zero_reg__
 1149 0756 1092 0000 		sts ir_zaehler,__zero_reg__
 1150               	.L72:
 1151               	.LM132:
 1152 075a 8091 0000 		lds r24,zaehler
 1153 075e 8330      		cpi r24,lo8(3)
 1154 0760 01F4      		brne .L79
 1155               	.LM133:
 1156 0762 81E0      		ldi r24,lo8(1)
 1157 0764 00C0      		rjmp .L84
 1158               	.L79:
 1159               	.LM134:
 1160 0766 8F5F      		subi r24,lo8(-(1))
 1161               	.L84:
 1162 0768 8093 0000 		sts zaehler,r24
 1163               	/* epilogue start */
 1164               	.LM135:
 1165 076c FF91      		pop r31
 1166 076e EF91      		pop r30
 1167 0770 BF91      		pop r27
 1168 0772 AF91      		pop r26
 1169 0774 9F91      		pop r25
 1170 0776 8F91      		pop r24
 1171 0778 7F91      		pop r23
 1172 077a 6F91      		pop r22
 1173 077c 5F91      		pop r21
 1174 077e 4F91      		pop r20
 1175 0780 3F91      		pop r19
 1176 0782 2F91      		pop r18
 1177 0784 0F90      		pop r0
 1178 0786 0FBE      		out __SREG__,r0
 1179 0788 0F90      		pop r0
 1180 078a 1F90      		pop __zero_reg__
 1181 078c 1895      		reti
 1182               	.LFE21:
 1184               	.global	getIR_angle
 1186               	getIR_angle:
 1187               	.LFB15:
 1188               	.LM136:
 1189 078e 2F92      		push r2
 1190 0790 3F92      		push r3
 1191 0792 4F92      		push r4
 1192 0794 5F92      		push r5
 1193 0796 6F92      		push r6
 1194 0798 7F92      		push r7
 1195 079a 8F92      		push r8
 1196 079c 9F92      		push r9
 1197 079e AF92      		push r10
 1198 07a0 BF92      		push r11
 1199 07a2 CF92      		push r12
 1200 07a4 DF92      		push r13
 1201 07a6 EF92      		push r14
 1202 07a8 FF92      		push r15
 1203 07aa 0F93      		push r16
 1204 07ac 1F93      		push r17
 1205 07ae DF93      		push r29
 1206 07b0 CF93      		push r28
 1207 07b2 00D0      		rcall .
 1208 07b4 00D0      		rcall .
 1209 07b6 00D0      		rcall .
 1210 07b8 CDB7      		in r28,__SP_L__
 1211 07ba DEB7      		in r29,__SP_H__
 1212               	/* prologue: function */
 1213               	/* frame size = 6 */
 1214               	.LM137:
 1215 07bc 1A82      		std Y+2,__zero_reg__
 1216 07be 1982      		std Y+1,__zero_reg__
 1217               	.LVL38:
 1218 07c0 2224      		clr r2
 1219 07c2 3324      		clr r3
 1220               	.LVL39:
 1221 07c4 4424      		clr r4
 1222 07c6 5524      		clr r5
 1223               	.L102:
 1224               	.LBB45:
 1225               	.LM138:
 1226 07c8 F201      		movw r30,r4
 1227 07ca E050      		subi r30,lo8(-(ADC_Werte))
 1228 07cc F040      		sbci r31,hi8(-(ADC_Werte))
 1229 07ce 6081      		ld r22,Z
 1230 07d0 7181      		ldd r23,Z+1
 1231 07d2 6536      		cpi r22,101
 1232 07d4 7105      		cpc r23,__zero_reg__
 1233 07d6 00F4      		brsh .+2
 1234 07d8 00C0      		rjmp .L86
 1235               	.LM139:
 1236 07da 80E0      		ldi r24,lo8(0)
 1237 07dc 90E0      		ldi r25,hi8(0)
 1238 07de 0E94 0000 		call __floatunsisf
 1239 07e2 6B83      		std Y+3,r22
 1240 07e4 7C83      		std Y+4,r23
 1241 07e6 8D83      		std Y+5,r24
 1242 07e8 9E83      		std Y+6,r25
 1243 07ea F201      		movw r30,r4
 1244 07ec E050      		subi r30,lo8(-(irGrad))
 1245 07ee F040      		sbci r31,hi8(-(irGrad))
 1246 07f0 2081      		ld r18,Z
 1247 07f2 3181      		ldd r19,Z+1
 1248               	.LVL40:
 1249               	.LBB46:
 1250               	.LBB47:
 1251               	.LM140:
 1252 07f4 F901      		movw r30,r18
 1253               	.LVL41:
 1254 07f6 E65A      		subi r30,lo8(-(90))
 1255 07f8 FF4F      		sbci r31,hi8(-(90))
 1256 07fa 00C0      		rjmp .L87
 1257               	.L88:
 1258               	.LM141:
 1259 07fc E859      		subi r30,lo8(-(360))
 1260 07fe FE4F      		sbci r31,hi8(-(360))
 1261               	.L87:
 1262               	.LM142:
 1263 0800 F7FD      		sbrc r31,7
 1264 0802 00C0      		rjmp .L88
 1265 0804 00C0      		rjmp .L106
 1266               	.L90:
 1267               	.LM143:
 1268 0806 E856      		subi r30,lo8(-(-360))
 1269 0808 F140      		sbci r31,hi8(-(-360))
 1270               	.L106:
 1271               	.LM144:
 1272 080a 81E0      		ldi r24,hi8(361)
 1273 080c E936      		cpi r30,lo8(361)
 1274 080e F807      		cpc r31,r24
 1275 0810 04F4      		brge .L90
 1276               	.LM145:
 1277 0812 EA35      		cpi r30,90
 1278 0814 F105      		cpc r31,__zero_reg__
 1279 0816 04F0      		brlt .L110
 1280               	.L91:
 1281               	.LM146:
 1282 0818 E43B      		cpi r30,180
 1283 081a F105      		cpc r31,__zero_reg__
 1284 081c 04F4      		brge .L93
 1285               	.LM147:
 1286 081e 84EB      		ldi r24,lo8(180)
 1287 0820 90E0      		ldi r25,hi8(180)
 1288 0822 8E1B      		sub r24,r30
 1289 0824 9F0B      		sbc r25,r31
 1290 0826 FC01      		movw r30,r24
 1291               	.LVL42:
 1292               	.L110:
 1293 0828 EE0F      		lsl r30
 1294 082a FF1F      		rol r31
 1295 082c EE0F      		lsl r30
 1296 082e FF1F      		rol r31
 1297               	.LVL43:
 1298 0830 E050      		subi r30,lo8(-(Sinus))
 1299 0832 F040      		sbci r31,hi8(-(Sinus))
 1300 0834 6080      		ld r6,Z
 1301 0836 7180      		ldd r7,Z+1
 1302 0838 8280      		ldd r8,Z+2
 1303 083a 9380      		ldd r9,Z+3
 1304 083c 00C0      		rjmp .L107
 1305               	.LVL44:
 1306               	.L93:
 1307               	.LM148:
 1308 083e 91E0      		ldi r25,hi8(270)
 1309 0840 EE30      		cpi r30,lo8(270)
 1310 0842 F907      		cpc r31,r25
 1311 0844 04F4      		brge .L94
 1312               	.LM149:
 1313 0846 EE0F      		lsl r30
 1314 0848 FF1F      		rol r31
 1315 084a EE0F      		lsl r30
 1316 084c FF1F      		rol r31
 1317 084e E050      		subi r30,lo8(-(Sinus-720))
 1318 0850 F040      		sbci r31,hi8(-(Sinus-720))
 1319 0852 00C0      		rjmp .L109
 1320               	.L94:
 1321               	.LM150:
 1322 0854 88E6      		ldi r24,lo8(360)
 1323 0856 91E0      		ldi r25,hi8(360)
 1324 0858 8E1B      		sub r24,r30
 1325 085a 9F0B      		sbc r25,r31
 1326 085c FC01      		movw r30,r24
 1327               	.LVL45:
 1328 085e EE0F      		lsl r30
 1329 0860 FF1F      		rol r31
 1330 0862 EE0F      		lsl r30
 1331 0864 FF1F      		rol r31
 1332 0866 E050      		subi r30,lo8(-(Sinus))
 1333 0868 F040      		sbci r31,hi8(-(Sinus))
 1334               	.LVL46:
 1335               	.L109:
 1336 086a 8081      		ld r24,Z
 1337 086c 9181      		ldd r25,Z+1
 1338 086e A281      		ldd r26,Z+2
 1339 0870 B381      		ldd r27,Z+3
 1340               	.LVL47:
 1341 0872 3C01      		movw r6,r24
 1342 0874 4D01      		movw r8,r26
 1343 0876 97FA      		bst r9,7
 1344 0878 9094      		com r9
 1345 087a 97F8      		bld r9,7
 1346 087c 9094      		com r9
 1347 087e 00C0      		rjmp .L107
 1348               	.L95:
 1349               	.LBE47:
 1350               	.LBE46:
 1351               	.LBB48:
 1352               	.LBB49:
 1353               	.LM151:
 1354 0880 2859      		subi r18,lo8(-(360))
 1355 0882 3E4F      		sbci r19,hi8(-(360))
 1356               	.L107:
 1357               	.LM152:
 1358 0884 37FD      		sbrc r19,7
 1359 0886 00C0      		rjmp .L95
 1360 0888 00C0      		rjmp .L108
 1361               	.L97:
 1362               	.LM153:
 1363 088a 2856      		subi r18,lo8(-(-360))
 1364 088c 3140      		sbci r19,hi8(-(-360))
 1365               	.L108:
 1366               	.LM154:
 1367 088e 91E0      		ldi r25,hi8(361)
 1368 0890 2936      		cpi r18,lo8(361)
 1369 0892 3907      		cpc r19,r25
 1370 0894 04F4      		brge .L97
 1371               	.LM155:
 1372 0896 2A35      		cpi r18,90
 1373 0898 3105      		cpc r19,__zero_reg__
 1374 089a 04F4      		brge .L98
 1375               	.LM156:
 1376 089c 220F      		lsl r18
 1377 089e 331F      		rol r19
 1378 08a0 220F      		lsl r18
 1379 08a2 331F      		rol r19
 1380 08a4 2050      		subi r18,lo8(-(Sinus))
 1381 08a6 3040      		sbci r19,hi8(-(Sinus))
 1382 08a8 F901      		movw r30,r18
 1383 08aa 00C0      		rjmp .L111
 1384               	.L98:
 1385               	.LM157:
 1386 08ac 243B      		cpi r18,180
 1387 08ae 3105      		cpc r19,__zero_reg__
 1388 08b0 04F4      		brge .L100
 1389               	.LM158:
 1390 08b2 E4EB      		ldi r30,lo8(180)
 1391 08b4 F0E0      		ldi r31,hi8(180)
 1392 08b6 E21B      		sub r30,r18
 1393 08b8 F30B      		sbc r31,r19
 1394 08ba EE0F      		lsl r30
 1395 08bc FF1F      		rol r31
 1396 08be EE0F      		lsl r30
 1397 08c0 FF1F      		rol r31
 1398 08c2 E050      		subi r30,lo8(-(Sinus))
 1399 08c4 F040      		sbci r31,hi8(-(Sinus))
 1400               	.L111:
 1401 08c6 A080      		ld r10,Z
 1402 08c8 B180      		ldd r11,Z+1
 1403 08ca C280      		ldd r12,Z+2
 1404 08cc D380      		ldd r13,Z+3
 1405 08ce 00C0      		rjmp .L99
 1406               	.L100:
 1407               	.LM159:
 1408 08d0 F1E0      		ldi r31,hi8(270)
 1409 08d2 2E30      		cpi r18,lo8(270)
 1410 08d4 3F07      		cpc r19,r31
 1411 08d6 04F4      		brge .L101
 1412               	.LM160:
 1413 08d8 220F      		lsl r18
 1414 08da 331F      		rol r19
 1415 08dc 220F      		lsl r18
 1416 08de 331F      		rol r19
 1417 08e0 2050      		subi r18,lo8(-(Sinus-720))
 1418 08e2 3040      		sbci r19,hi8(-(Sinus-720))
 1419 08e4 F901      		movw r30,r18
 1420 08e6 00C0      		rjmp .L112
 1421               	.L101:
 1422               	.LM161:
 1423 08e8 E8E6      		ldi r30,lo8(360)
 1424 08ea F1E0      		ldi r31,hi8(360)
 1425 08ec E21B      		sub r30,r18
 1426 08ee F30B      		sbc r31,r19
 1427 08f0 EE0F      		lsl r30
 1428 08f2 FF1F      		rol r31
 1429 08f4 EE0F      		lsl r30
 1430 08f6 FF1F      		rol r31
 1431 08f8 E050      		subi r30,lo8(-(Sinus))
 1432 08fa F040      		sbci r31,hi8(-(Sinus))
 1433               	.L112:
 1434 08fc 8081      		ld r24,Z
 1435 08fe 9181      		ldd r25,Z+1
 1436 0900 A281      		ldd r26,Z+2
 1437 0902 B381      		ldd r27,Z+3
 1438 0904 5C01      		movw r10,r24
 1439 0906 6D01      		movw r12,r26
 1440 0908 D7FA      		bst r13,7
 1441 090a D094      		com r13
 1442 090c D7F8      		bld r13,7
 1443 090e D094      		com r13
 1444               	.L99:
 1445               	.LBE49:
 1446               	.LBE48:
 1447               	.LM162:
 1448 0910 2981      		ldd r18,Y+1
 1449 0912 3A81      		ldd r19,Y+2
 1450               	.LVL48:
 1451 0914 B901      		movw r22,r18
 1452 0916 8827      		clr r24
 1453 0918 77FD      		sbrc r23,7
 1454 091a 8095      		com r24
 1455 091c 982F      		mov r25,r24
 1456               	.LVL49:
 1457 091e 0E94 0000 		call __floatsisf
 1458               	.LVL50:
 1459 0922 7B01      		movw r14,r22
 1460 0924 8C01      		movw r16,r24
 1461 0926 6B81      		ldd r22,Y+3
 1462 0928 7C81      		ldd r23,Y+4
 1463 092a 8D81      		ldd r24,Y+5
 1464 092c 9E81      		ldd r25,Y+6
 1465 092e A401      		movw r20,r8
 1466 0930 9301      		movw r18,r6
 1467 0932 0E94 0000 		call __mulsf3
 1468 0936 9B01      		movw r18,r22
 1469 0938 AC01      		movw r20,r24
 1470 093a C801      		movw r24,r16
 1471 093c B701      		movw r22,r14
 1472 093e 0E94 0000 		call __addsf3
 1473 0942 0E94 0000 		call __fixsfsi
 1474 0946 7A83      		std Y+2,r23
 1475 0948 6983      		std Y+1,r22
 1476               	.LVL51:
 1477               	.LM163:
 1478 094a B101      		movw r22,r2
 1479 094c 8827      		clr r24
 1480 094e 77FD      		sbrc r23,7
 1481 0950 8095      		com r24
 1482 0952 982F      		mov r25,r24
 1483               	.LVL52:
 1484 0954 0E94 0000 		call __floatsisf
 1485               	.LVL53:
 1486 0958 7B01      		movw r14,r22
 1487 095a 8C01      		movw r16,r24
 1488 095c 6B81      		ldd r22,Y+3
 1489 095e 7C81      		ldd r23,Y+4
 1490 0960 8D81      		ldd r24,Y+5
 1491 0962 9E81      		ldd r25,Y+6
 1492 0964 A601      		movw r20,r12
 1493 0966 9501      		movw r18,r10
 1494 0968 0E94 0000 		call __mulsf3
 1495 096c 9B01      		movw r18,r22
 1496 096e AC01      		movw r20,r24
 1497 0970 C801      		movw r24,r16
 1498 0972 B701      		movw r22,r14
 1499 0974 0E94 0000 		call __addsf3
 1500 0978 0E94 0000 		call __fixsfsi
 1501 097c 1B01      		movw r2,r22
 1502               	.LVL54:
 1503               	.L86:
 1504 097e 82E0      		ldi r24,lo8(2)
 1505 0980 90E0      		ldi r25,hi8(2)
 1506 0982 480E      		add r4,r24
 1507 0984 591E      		adc r5,r25
 1508               	.LM164:
 1509 0986 90E1      		ldi r25,lo8(16)
 1510 0988 4916      		cp r4,r25
 1511 098a 5104      		cpc r5,__zero_reg__
 1512 098c 01F0      		breq .+2
 1513 098e 00C0      		rjmp .L102
 1514               	.LBE45:
 1515               	.LM165:
 1516 0990 B101      		movw r22,r2
 1517 0992 8827      		clr r24
 1518 0994 77FD      		sbrc r23,7
 1519 0996 8095      		com r24
 1520 0998 982F      		mov r25,r24
 1521               	.LVL55:
 1522 099a 0E94 0000 		call __floatsisf
 1523               	.LVL56:
 1524 099e 7B01      		movw r14,r22
 1525 09a0 8C01      		movw r16,r24
 1526 09a2 E981      		ldd r30,Y+1
 1527 09a4 FA81      		ldd r31,Y+2
 1528 09a6 BF01      		movw r22,r30
 1529 09a8 8827      		clr r24
 1530 09aa 77FD      		sbrc r23,7
 1531 09ac 8095      		com r24
 1532 09ae 982F      		mov r25,r24
 1533               	.LVL57:
 1534 09b0 0E94 0000 		call __floatsisf
 1535               	.LVL58:
 1536 09b4 9B01      		movw r18,r22
 1537 09b6 AC01      		movw r20,r24
 1538 09b8 C801      		movw r24,r16
 1539 09ba B701      		movw r22,r14
 1540 09bc 0E94 0000 		call atan2
 1541 09c0 20E0      		ldi r18,lo8(0x43340000)
 1542 09c2 30E0      		ldi r19,hi8(0x43340000)
 1543 09c4 44E3      		ldi r20,hlo8(0x43340000)
 1544 09c6 53E4      		ldi r21,hhi8(0x43340000)
 1545 09c8 0E94 0000 		call __mulsf3
 1546 09cc 2BED      		ldi r18,lo8(0x40490fdb)
 1547 09ce 3FE0      		ldi r19,hi8(0x40490fdb)
 1548 09d0 49E4      		ldi r20,hlo8(0x40490fdb)
 1549 09d2 50E4      		ldi r21,hhi8(0x40490fdb)
 1550 09d4 0E94 0000 		call __divsf3
 1551 09d8 0E94 0000 		call __fixsfsi
 1552 09dc 9B01      		movw r18,r22
 1553               	.LVL59:
 1554               	.LM166:
 1555 09de 77FF      		sbrs r23,7
 1556 09e0 00C0      		rjmp .L103
 1557               	.LM167:
 1558 09e2 2859      		subi r18,lo8(-(360))
 1559 09e4 3E4F      		sbci r19,hi8(-(360))
 1560               	.L103:
 1561               	.LM168:
 1562 09e6 C901      		movw r24,r18
 1563               	.LVL60:
 1564               	/* epilogue start */
 1565 09e8 2696      		adiw r28,6
 1566 09ea 0FB6      		in __tmp_reg__,__SREG__
 1567 09ec F894      		cli
 1568 09ee DEBF      		out __SP_H__,r29
 1569 09f0 0FBE      		out __SREG__,__tmp_reg__
 1570 09f2 CDBF      		out __SP_L__,r28
 1571 09f4 CF91      		pop r28
 1572 09f6 DF91      		pop r29
 1573 09f8 1F91      		pop r17
 1574 09fa 0F91      		pop r16
 1575 09fc FF90      		pop r15
 1576 09fe EF90      		pop r14
 1577 0a00 DF90      		pop r13
 1578 0a02 CF90      		pop r12
 1579 0a04 BF90      		pop r11
 1580 0a06 AF90      		pop r10
 1581 0a08 9F90      		pop r9
 1582 0a0a 8F90      		pop r8
 1583 0a0c 7F90      		pop r7
 1584 0a0e 6F90      		pop r6
 1585 0a10 5F90      		pop r5
 1586 0a12 4F90      		pop r4
 1587 0a14 3F90      		pop r3
 1588 0a16 2F90      		pop r2
 1589 0a18 0895      		ret
 1590               	.LFE15:
 1592               	.global	getIR_direction
 1594               	getIR_direction:
 1595               	.LFB16:
 1596               	.LM169:
 1597               	/* prologue: function */
 1598               	/* frame size = 0 */
 1599               	.LM170:
 1600 0a1a 0E94 0000 		call getIR_angle
 1601 0a1e 9C01      		movw r18,r24
 1602               	.LVL61:
 1603               	.LM171:
 1604 0a20 853B      		cpi r24,181
 1605 0a22 9105      		cpc r25,__zero_reg__
 1606 0a24 04F0      		brlt .L114
 1607               	.LVL62:
 1608               	.LM172:
 1609 0a26 2856      		subi r18,lo8(-(-360))
 1610 0a28 3140      		sbci r19,hi8(-(-360))
 1611               	.LVL63:
 1612               	.L114:
 1613 0a2a E0E0      		ldi r30,lo8(ADC_Werte)
 1614 0a2c F0E0      		ldi r31,hi8(ADC_Werte)
 1615 0a2e 80E0      		ldi r24,lo8(0)
 1616 0a30 90E0      		ldi r25,hi8(0)
 1617               	.LVL64:
 1618               	.L116:
 1619               	.LBB50:
 1620               	.LBB51:
 1621               	.LBB52:
 1622               	.LM173:
 1623 0a32 4081      		ld r20,Z
 1624 0a34 5181      		ldd r21,Z+1
 1625 0a36 8417      		cp r24,r20
 1626 0a38 9507      		cpc r25,r21
 1627 0a3a 00F4      		brsh .L115
 1628               	.LM174:
 1629 0a3c CA01      		movw r24,r20
 1630               	.L115:
 1631 0a3e 3296      		adiw r30,2
 1632               	.LM175:
 1633 0a40 40E0      		ldi r20,hi8(ADC_Werte+16)
 1634 0a42 E030      		cpi r30,lo8(ADC_Werte+16)
 1635 0a44 F407      		cpc r31,r20
 1636 0a46 01F4      		brne .L116
 1637               	.LBE52:
 1638               	.LBE51:
 1639               	.LBE50:
 1640               	.LM176:
 1641 0a48 8855      		subi r24,lo8(600)
 1642 0a4a 9240      		sbci r25,hi8(600)
 1643 0a4c 04F0      		brlt .L118
 1644               	.LM177:
 1645 0a4e C901      		movw r24,r18
 1646               	.LVL65:
 1647 0a50 875A      		subi r24,lo8(-(89))
 1648 0a52 9F4F      		sbci r25,hi8(-(89))
 1649 0a54 833B      		cpi r24,179
 1650 0a56 9105      		cpc r25,__zero_reg__
 1651 0a58 00F4      		brsh .L119
 1652               	.LM178:
 1653 0a5a 220F      		lsl r18
 1654 0a5c 331F      		rol r19
 1655               	.LVL66:
 1656 0a5e 00C0      		rjmp .L118
 1657               	.LVL67:
 1658               	.L119:
 1659               	.LM179:
 1660 0a60 37FD      		sbrc r19,7
 1661 0a62 00C0      		rjmp .L120
 1662 0a64 82E3      		ldi r24,lo8(50)
 1663 0a66 90E0      		ldi r25,hi8(50)
 1664 0a68 00C0      		rjmp .L121
 1665               	.L120:
 1666 0a6a 8EEC      		ldi r24,lo8(-50)
 1667 0a6c 9FEF      		ldi r25,hi8(-50)
 1668               	.L121:
 1669 0a6e 280F      		add r18,r24
 1670 0a70 391F      		adc r19,r25
 1671               	.LVL68:
 1672               	.L118:
 1673               	.LM180:
 1674 0a72 C901      		movw r24,r18
 1675               	.LVL69:
 1676               	/* epilogue start */
 1677 0a74 0895      		ret
 1678               	.LFE16:
 1680               	.global	doDriveIR
 1682               	doDriveIR:
 1683               	.LFB20:
 1684               	.LM181:
 1685               	.LVL70:
 1686 0a76 CF92      		push r12
 1687 0a78 DF92      		push r13
 1688 0a7a EF92      		push r14
 1689 0a7c FF92      		push r15
 1690 0a7e 1F93      		push r17
 1691 0a80 CF93      		push r28
 1692 0a82 DF93      		push r29
 1693               	/* prologue: function */
 1694               	/* frame size = 0 */
 1695 0a84 6A01      		movw r12,r20
 1696               	.LM182:
 1697 0a86 0E94 0000 		call getPID
 1698               	.LVL71:
 1699 0a8a 7C01      		movw r14,r24
 1700               	.LVL72:
 1701               	.LM183:
 1702 0a8c 0E94 0000 		call getIR_direction
 1703 0a90 EC01      		movw r28,r24
 1704               	.LVL73:
 1705 0a92 10E0      		ldi r17,lo8(0)
 1706               	.LVL74:
 1707               	.L126:
 1708               	.LBB53:
 1709               	.LM184:
 1710 0a94 812F      		mov r24,r17
 1711 0a96 B601      		movw r22,r12
 1712 0a98 AE01      		movw r20,r28
 1713 0a9a 0E94 0000 		call epicFunction
 1714               	.LM185:
 1715 0a9e BC01      		movw r22,r24
 1716 0aa0 6E0D      		add r22,r14
 1717 0aa2 7F1D      		adc r23,r15
 1718               	.LM186:
 1719 0aa4 1130      		cpi r17,lo8(1)
 1720 0aa6 01F4      		brne .L125
 1721 0aa8 7095      		com r23
 1722 0aaa 6195      		neg r22
 1723 0aac 7F4F      		sbci r23,lo8(-1)
 1724               	.L125:
 1725 0aae 812F      		mov r24,r17
 1726 0ab0 0E94 0000 		call MotorPower
 1727               	.LM187:
 1728 0ab4 1F5F      		subi r17,lo8(-(1))
 1729 0ab6 1330      		cpi r17,lo8(3)
 1730 0ab8 01F4      		brne .L126
 1731               	/* epilogue start */
 1732               	.LBE53:
 1733               	.LM188:
 1734 0aba DF91      		pop r29
 1735 0abc CF91      		pop r28
 1736               	.LVL75:
 1737 0abe 1F91      		pop r17
 1738               	.LVL76:
 1739 0ac0 FF90      		pop r15
 1740 0ac2 EF90      		pop r14
 1741               	.LVL77:
 1742 0ac4 DF90      		pop r13
 1743 0ac6 CF90      		pop r12
 1744               	.LVL78:
 1745 0ac8 0895      		ret
 1746               	.LFE20:
 1748               	.global	main
 1750               	main:
 1751               	.LFB22:
 1752               	.LM189:
 1753 0aca 1F93      		push r17
 1754 0acc CF93      		push r28
 1755 0ace DF93      		push r29
 1756               	/* prologue: function */
 1757               	/* frame size = 0 */
 1758               	.LM190:
 1759               	/* #APP */
 1760               	 ;  118 "main.c" 1
 1761 0ad0 A895      		wdr
 1762               	 ;  0 "" 2
 1763               	.LM191:
 1764               	/* #NOAPP */
 1765 0ad2 2FE0      		ldi r18,lo8(15)
 1766 0ad4 88E1      		ldi r24,lo8(24)
 1767 0ad6 90E0      		ldi r25,hi8(24)
 1768               	/* #APP */
 1769               	 ;  119 "main.c" 1
 1770 0ad8 0FB6      		in __tmp_reg__,__SREG__
 1771 0ada F894      		cli
 1772 0adc A895      		wdr
 1773 0ade 8093 6000 		sts 96,r24
 1774 0ae2 0FBE      		out __SREG__,__tmp_reg__
 1775 0ae4 2093 6000 		sts 96,r18
 1776               		
 1777               	 ;  0 "" 2
 1778               	.LM192:
 1779               	/* #NOAPP */
 1780 0ae8 8FEF      		ldi r24,lo8(-1)
 1781 0aea 8AB9      		out 42-32,r24
 1782               	.LM193:
 1783 0aec 5398      		cbi 42-32,3
 1784               	.LM194:
 1785 0aee 5298      		cbi 42-32,2
 1786               	.LM195:
 1787 0af0 84B9      		out 36-32,r24
 1788               	.LM196:
 1789 0af2 429A      		sbi 40-32,2
 1790               	.LM197:
 1791 0af4 439A      		sbi 40-32,3
 1792               	.LM198:
 1793 0af6 459A      		sbi 40-32,5
 1794               	.LM199:
 1795 0af8 469A      		sbi 40-32,6
 1796               	.LM200:
 1797 0afa 479A      		sbi 40-32,7
 1798               	.LM201:
 1799 0afc 5B9A      		sbi 43-32,3
 1800               	.LM202:
 1801 0afe 5A9A      		sbi 43-32,2
 1802               	.LM203:
 1803 0b00 0E94 0000 		call i2c_init
 1804               	.LM204:
 1805 0b04 93EA      		ldi r25,lo8(-93)
 1806 0b06 94BD      		out 68-32,r25
 1807               	.LM205:
 1808 0b08 83E0      		ldi r24,lo8(3)
 1809 0b0a 85BD      		out 69-32,r24
 1810               	.LM206:
 1811 0b0c 9093 B000 		sts 176,r25
 1812               	.LM207:
 1813 0b10 84E0      		ldi r24,lo8(4)
 1814 0b12 8093 B100 		sts 177,r24
 1815               	.LM208:
 1816 0b16 81E0      		ldi r24,lo8(1)
 1817 0b18 8093 6F00 		sts 111,r24
 1818               	.LM209:
 1819 0b1c 8093 8100 		sts 129,r24
 1820               	.LM210:
 1821 0b20 0E94 0000 		call ReadChannelInit
 1822               	.LM211:
 1823 0b24 8EE0      		ldi r24,lo8(14)
 1824 0b26 90E0      		ldi r25,hi8(14)
 1825 0b28 0E94 0000 		call __eerd_word_m644p
 1826 0b2c 9093 0000 		sts (startwert)+1,r25
 1827 0b30 8093 0000 		sts startwert,r24
 1828               	.LM212:
 1829 0b34 04B6      		in __tmp_reg__,84-32
 1830 0b36 03FC      		sbrc __tmp_reg__,3
 1831               	.LM213:
 1832 0b38 2F9A      		sbi 37-32,7
 1833               	.L130:
 1834               	.LM214:
 1835 0b3a 84B7      		in r24,84-32
 1836 0b3c 877F      		andi r24,lo8(-9)
 1837 0b3e 84BF      		out 84-32,r24
 1838               	.LM215:
 1839 0b40 0E94 0000 		call gyro_init
 1840               	.LM216:
 1841               	/* #APP */
 1842               	 ;  152 "main.c" 1
 1843 0b44 7894      		sei
 1844               	 ;  0 "" 2
 1845               	.LM217:
 1846               	/* #NOAPP */
 1847 0b46 20E0      		ldi r18,lo8(0xbf800000)
 1848 0b48 30E0      		ldi r19,hi8(0xbf800000)
 1849 0b4a 40E8      		ldi r20,hlo8(0xbf800000)
 1850 0b4c 5FEB      		ldi r21,hhi8(0xbf800000)
 1851 0b4e 2093 0000 		sts rechtsmotorfaktoren,r18
 1852 0b52 3093 0000 		sts (rechtsmotorfaktoren)+1,r19
 1853 0b56 4093 0000 		sts (rechtsmotorfaktoren)+2,r20
 1854 0b5a 5093 0000 		sts (rechtsmotorfaktoren)+3,r21
 1855               	.LM218:
 1856 0b5e 83E3      		ldi r24,lo8(0x3f333333)
 1857 0b60 93E3      		ldi r25,hi8(0x3f333333)
 1858 0b62 A3E3      		ldi r26,hlo8(0x3f333333)
 1859 0b64 BFE3      		ldi r27,hhi8(0x3f333333)
 1860 0b66 8093 0000 		sts rechtsmotorfaktoren+4,r24
 1861 0b6a 9093 0000 		sts (rechtsmotorfaktoren+4)+1,r25
 1862 0b6e A093 0000 		sts (rechtsmotorfaktoren+4)+2,r26
 1863 0b72 B093 0000 		sts (rechtsmotorfaktoren+4)+3,r27
 1864               	.LM219:
 1865 0b76 8093 0000 		sts rechtsmotorfaktoren+8,r24
 1866 0b7a 9093 0000 		sts (rechtsmotorfaktoren+8)+1,r25
 1867 0b7e A093 0000 		sts (rechtsmotorfaktoren+8)+2,r26
 1868 0b82 B093 0000 		sts (rechtsmotorfaktoren+8)+3,r27
 1869               	.LM220:
 1870 0b86 80E0      		ldi r24,lo8(0x0)
 1871 0b88 90E0      		ldi r25,hi8(0x0)
 1872 0b8a A0E0      		ldi r26,hlo8(0x0)
 1873 0b8c B0E0      		ldi r27,hhi8(0x0)
 1874 0b8e 8093 0000 		sts vorwaertsmotorfaktoren,r24
 1875 0b92 9093 0000 		sts (vorwaertsmotorfaktoren)+1,r25
 1876 0b96 A093 0000 		sts (vorwaertsmotorfaktoren)+2,r26
 1877 0b9a B093 0000 		sts (vorwaertsmotorfaktoren)+3,r27
 1878               	.LM221:
 1879 0b9e 80E0      		ldi r24,lo8(0x3f800000)
 1880 0ba0 90E0      		ldi r25,hi8(0x3f800000)
 1881 0ba2 A0E8      		ldi r26,hlo8(0x3f800000)
 1882 0ba4 BFE3      		ldi r27,hhi8(0x3f800000)
 1883 0ba6 8093 0000 		sts vorwaertsmotorfaktoren+4,r24
 1884 0baa 9093 0000 		sts (vorwaertsmotorfaktoren+4)+1,r25
 1885 0bae A093 0000 		sts (vorwaertsmotorfaktoren+4)+2,r26
 1886 0bb2 B093 0000 		sts (vorwaertsmotorfaktoren+4)+3,r27
 1887               	.LM222:
 1888 0bb6 2093 0000 		sts vorwaertsmotorfaktoren+8,r18
 1889 0bba 3093 0000 		sts (vorwaertsmotorfaktoren+8)+1,r19
 1890 0bbe 4093 0000 		sts (vorwaertsmotorfaktoren+8)+2,r20
 1891 0bc2 5093 0000 		sts (vorwaertsmotorfaktoren+8)+3,r21
 1892               	.LM223:
 1893 0bc6 8091 0000 		lds r24,time
 1894 0bca 9091 0000 		lds r25,(time)+1
 1895 0bce 9093 0000 		sts (time_old)+1,r25
 1896 0bd2 8093 0000 		sts time_old,r24
 1897               	.LBB54:
 1898               	.LBB55:
 1899               	.LBB56:
 1900               	.LBB57:
 1901               	.LBB58:
 1902               	.LM224:
 1903 0bd6 C8E8      		ldi r28,lo8(5000)
 1904 0bd8 D3E1      		ldi r29,hi8(5000)
 1905               	.LBE58:
 1906               	.LBE57:
 1907               	.LBE56:
 1908               	.LBE55:
 1909               	.LBE54:
 1910               	.LM225:
 1911 0bda 11E0      		ldi r17,lo8(1)
 1912               	.L141:
 1913               	.LM226:
 1914 0bdc 3299      		sbic 38-32,2
 1915 0bde 00C0      		rjmp .L131
 1916               	.LM227:
 1917 0be0 2E9A      		sbi 37-32,6
 1918 0be2 20E0      		ldi r18,lo8(0)
 1919               	.LVL79:
 1920               	.L132:
 1921               	.LBB63:
 1922               	.LBB62:
 1923               	.LBB61:
 1924               	.LBB60:
 1925               	.LBB59:
 1926               	.LM228:
 1927 0be4 CE01      		movw r24,r28
 1928               	.LVL80:
 1929               	/* #APP */
 1930               	 ;  105 "c:/winavr-20100110/lib/gcc/../../avr/include/util/delay_basic.h" 1
 1931 0be6 0197      		1: sbiw r24,1
 1932 0be8 01F4      		brne 1b
 1933               	 ;  0 "" 2
 1934               	/* #NOAPP */
 1935               	.LBE59:
 1936               	.LBE60:
 1937               	.LBE61:
 1938               	.LBE62:
 1939               	.LM229:
 1940               	/* #APP */
 1941               	 ;  173 "main.c" 1
 1942 0bea A895      		wdr
 1943               	 ;  0 "" 2
 1944               	.LM230:
 1945               	/* #NOAPP */
 1946 0bec 2F5F      		subi r18,lo8(-(1))
 1947 0bee 2530      		cpi r18,lo8(5)
 1948 0bf0 01F4      		brne .L132
 1949               	.LBE63:
 1950               	.LM231:
 1951 0bf2 81E0      		ldi r24,lo8(1)
 1952 0bf4 90E0      		ldi r25,hi8(1)
 1953               	.LVL81:
 1954 0bf6 60E0      		ldi r22,lo8(0)
 1955 0bf8 70E0      		ldi r23,hi8(0)
 1956 0bfa 0E94 0000 		call __eewr_word_m644p
 1957               	.LVL82:
 1958               	.LM232:
 1959 0bfe 6091 0000 		lds r22,cmp
 1960 0c02 7091 0000 		lds r23,(cmp)+1
 1961 0c06 8EE0      		ldi r24,lo8(14)
 1962 0c08 90E0      		ldi r25,hi8(14)
 1963 0c0a 0E94 0000 		call __eewr_word_m644p
 1964               	.LM233:
 1965 0c0e 8091 0000 		lds r24,cmp
 1966 0c12 9091 0000 		lds r25,(cmp)+1
 1967 0c16 9093 0000 		sts (startwert)+1,r25
 1968 0c1a 8093 0000 		sts startwert,r24
 1969               	.LM234:
 1970 0c1e 2E98      		cbi 37-32,6
 1971               	.L131:
 1972               	.LM235:
 1973 0c20 379B      		sbis 38-32,7
 1974 0c22 00C0      		rjmp .L133
 1975               	.LM236:
 1976 0c24 2E9A      		sbi 37-32,6
 1977 0c26 00C0      		rjmp .L134
 1978               	.L133:
 1979               	.LM237:
 1980 0c28 1093 0000 		sts schuss,r17
 1981               	.LM238:
 1982 0c2c 2E98      		cbi 37-32,6
 1983               	.L134:
 1984 0c2e E0E0      		ldi r30,lo8(ADC_Werte)
 1985 0c30 F0E0      		ldi r31,hi8(ADC_Werte)
 1986 0c32 80E0      		ldi r24,lo8(0)
 1987 0c34 90E0      		ldi r25,hi8(0)
 1988               	.LVL83:
 1989               	.L136:
 1990               	.LBB64:
 1991               	.LBB65:
 1992               	.LBB66:
 1993               	.LM239:
 1994 0c36 2081      		ld r18,Z
 1995 0c38 3181      		ldd r19,Z+1
 1996 0c3a 8217      		cp r24,r18
 1997 0c3c 9307      		cpc r25,r19
 1998 0c3e 00F4      		brsh .L135
 1999               	.LM240:
 2000 0c40 C901      		movw r24,r18
 2001               	.L135:
 2002 0c42 3296      		adiw r30,2
 2003               	.LM241:
 2004 0c44 20E0      		ldi r18,hi8(ADC_Werte+16)
 2005 0c46 E030      		cpi r30,lo8(ADC_Werte+16)
 2006 0c48 F207      		cpc r31,r18
 2007 0c4a 01F4      		brne .L136
 2008               	.LBE66:
 2009               	.LBE65:
 2010               	.LBE64:
 2011               	.LM242:
 2012 0c4c 8955      		subi r24,lo8(601)
 2013 0c4e 9240      		sbci r25,hi8(601)
 2014 0c50 04F4      		brge .+2
 2015 0c52 00C0      		rjmp .L137
 2016               	.LM243:
 2017 0c54 8091 0000 		lds r24,cmp
 2018 0c58 9091 0000 		lds r25,(cmp)+1
 2019               	.LVL84:
 2020 0c5c 2091 0000 		lds r18,startwert
 2021 0c60 3091 0000 		lds r19,(startwert)+1
 2022 0c64 281B      		sub r18,r24
 2023 0c66 390B      		sbc r19,r25
 2024 0c68 3093 0000 		sts (cmp_rel)+1,r19
 2025 0c6c 2093 0000 		sts cmp_rel,r18
 2026               	.LM244:
 2027 0c70 8091 0000 		lds r24,cmp_rel
 2028 0c74 9091 0000 		lds r25,(cmp_rel)+1
 2029 0c78 885F      		subi r24,lo8(-1800)
 2030 0c7a 984F      		sbci r25,hi8(-1800)
 2031 0c7c 04F4      		brge .L138
 2032               	.LM245:
 2033 0c7e 8091 0000 		lds r24,cmp_rel
 2034 0c82 9091 0000 		lds r25,(cmp_rel)+1
 2035 0c86 805F      		subi r24,lo8(-(3600))
 2036 0c88 914F      		sbci r25,hi8(-(3600))
 2037 0c8a 00C0      		rjmp .L145
 2038               	.L138:
 2039               	.LM246:
 2040 0c8c 8091 0000 		lds r24,cmp_rel
 2041 0c90 9091 0000 		lds r25,(cmp_rel)+1
 2042 0c94 8950      		subi r24,lo8(1801)
 2043 0c96 9740      		sbci r25,hi8(1801)
 2044 0c98 04F0      		brlt .L139
 2045               	.LM247:
 2046 0c9a 8091 0000 		lds r24,cmp_rel
 2047 0c9e 9091 0000 		lds r25,(cmp_rel)+1
 2048 0ca2 8051      		subi r24,lo8(-(-3600))
 2049 0ca4 9E40      		sbci r25,hi8(-(-3600))
 2050               	.L145:
 2051 0ca6 9093 0000 		sts (cmp_rel)+1,r25
 2052 0caa 8093 0000 		sts cmp_rel,r24
 2053               	.L139:
 2054               	.LM248:
 2055 0cae 8091 0000 		lds r24,cmp_rel
 2056 0cb2 9091 0000 		lds r25,(cmp_rel)+1
 2057 0cb6 6AE0      		ldi r22,lo8(10)
 2058 0cb8 70E0      		ldi r23,hi8(10)
 2059 0cba 0E94 0000 		call __divmodhi4
 2060 0cbe 7093 0000 		sts (cmp_rel)+1,r23
 2061 0cc2 6093 0000 		sts cmp_rel,r22
 2062               	.LM249:
 2063 0cc6 8091 0000 		lds r24,cmp_rel
 2064 0cca 9091 0000 		lds r25,(cmp_rel)+1
 2065 0cce 6091 0000 		lds r22,roll
 2066 0cd2 7091 0000 		lds r23,(roll)+1
 2067 0cd6 4AE5      		ldi r20,lo8(90)
 2068 0cd8 50E0      		ldi r21,hi8(90)
 2069 0cda 0E94 0000 		call doDriveIR
 2070 0cde 00C0      		rjmp .L140
 2071               	.LVL85:
 2072               	.L137:
 2073               	.LM250:
 2074 0ce0 80E0      		ldi r24,lo8(0)
 2075               	.LVL86:
 2076 0ce2 60E0      		ldi r22,lo8(0)
 2077 0ce4 70E0      		ldi r23,hi8(0)
 2078 0ce6 0E94 0000 		call MotorPower
 2079               	.LM251:
 2080 0cea 81E0      		ldi r24,lo8(1)
 2081 0cec 60E0      		ldi r22,lo8(0)
 2082 0cee 70E0      		ldi r23,hi8(0)
 2083 0cf0 0E94 0000 		call MotorPower
 2084               	.LM252:
 2085 0cf4 82E0      		ldi r24,lo8(2)
 2086 0cf6 60E0      		ldi r22,lo8(0)
 2087 0cf8 70E0      		ldi r23,hi8(0)
 2088 0cfa 0E94 0000 		call MotorPower
 2089               	.L140:
 2090               	.LM253:
 2091               	/* #APP */
 2092               	 ;  207 "main.c" 1
 2093 0cfe A895      		wdr
 2094               	 ;  0 "" 2
 2095               	/* #NOAPP */
 2096 0d00 00C0      		rjmp .L141
 2097               	.LFE22:
 2099               	.global	Sinus
 2100               		.data
 2103               	Sinus:
 2104 0022 00        		.byte	0
 2105 0023 00        		.byte	0
 2106 0024 00        		.byte	0
 2107 0025 00        		.byte	0
 2108 0026 5B        		.byte	91
 2109 0027 F8        		.byte	-8
 2110 0028 8E        		.byte	-114
 2111 0029 3C        		.byte	60
 2112 002a C7        		.byte	-57
 2113 002b F2        		.byte	-14
 2114 002c 0E        		.byte	14
 2115 002d 3D        		.byte	61
 2116 002e 3B        		.byte	59
 2117 002f 5E        		.byte	94
 2118 0030 56        		.byte	86
 2119 0031 3D        		.byte	61
 2120 0032 7B        		.byte	123
 2121 0033 DC        		.byte	-36
 2122 0034 8E        		.byte	-114
 2123 0035 3D        		.byte	61
 2124 0036 B5        		.byte	-75
 2125 0037 7E        		.byte	126
 2126 0038 B2        		.byte	-78
 2127 0039 3D        		.byte	61
 2128 003a 04        		.byte	4
 2129 003b 13        		.byte	19
 2130 003c D6        		.byte	-42
 2131 003d 3D        		.byte	61
 2132 003e A2        		.byte	-94
 2133 003f 96        		.byte	-106
 2134 0040 F9        		.byte	-7
 2135 0041 3D        		.byte	61
 2136 0042 65        		.byte	101
 2137 0043 83        		.byte	-125
 2138 0044 0E        		.byte	14
 2139 0045 3E        		.byte	62
 2140 0046 5C        		.byte	92
 2141 0047 30        		.byte	48
 2142 0048 20        		.byte	32
 2143 0049 3E        		.byte	62
 2144 004a D4        		.byte	-44
 2145 004b D0        		.byte	-48
 2146 004c 31        		.byte	49
 2147 004d 3E        		.byte	62
 2148 004e 6F        		.byte	111
 2149 004f 63        		.byte	99
 2150 0050 43        		.byte	67
 2151 0051 3E        		.byte	62
 2152 0052 CD        		.byte	-51
 2153 0053 E6        		.byte	-26
 2154 0054 54        		.byte	84
 2155 0055 3E        		.byte	62
 2156 0056 91        		.byte	-111
 2157 0057 59        		.byte	89
 2158 0058 66        		.byte	102
 2159 0059 3E        		.byte	62
 2160 005a 60        		.byte	96
 2161 005b BA        		.byte	-70
 2162 005c 77        		.byte	119
 2163 005d 3E        		.byte	62
 2164 005e EE        		.byte	-18
 2165 005f 83        		.byte	-125
 2166 0060 84        		.byte	-124
 2167 0061 3E        		.byte	62
 2168 0062 57        		.byte	87
 2169 0063 20        		.byte	32
 2170 0064 8D        		.byte	-115
 2171 0065 3E        		.byte	62
 2172 0066 BE        		.byte	-66
 2173 0067 B1        		.byte	-79
 2174 0068 95        		.byte	-107
 2175 0069 3E        		.byte	62
 2176 006a 7A        		.byte	122
 2177 006b 37        		.byte	55
 2178 006c 9E        		.byte	-98
 2179 006d 3E        		.byte	62
 2180 006e DE        		.byte	-34
 2181 006f B0        		.byte	-80
 2182 0070 A6        		.byte	-90
 2183 0071 3E        		.byte	62
 2184 0072 44        		.byte	68
 2185 0073 1D        		.byte	29
 2186 0074 AF        		.byte	-81
 2187 0075 3E        		.byte	62
 2188 0076 01        		.byte	1
 2189 0077 7C        		.byte	124
 2190 0078 B7        		.byte	-73
 2191 0079 3E        		.byte	62
 2192 007a 6F        		.byte	111
 2193 007b CC        		.byte	-52
 2194 007c BF        		.byte	-65
 2195 007d 3E        		.byte	62
 2196 007e E9        		.byte	-23
 2197 007f 0D        		.byte	13
 2198 0080 C8        		.byte	-56
 2199 0081 3E        		.byte	62
 2200 0082 C9        		.byte	-55
 2201 0083 3F        		.byte	63
 2202 0084 D0        		.byte	-48
 2203 0085 3E        		.byte	62
 2204 0086 6C        		.byte	108
 2205 0087 61        		.byte	97
 2206 0088 D8        		.byte	-40
 2207 0089 3E        		.byte	62
 2208 008a 2F        		.byte	47
 2209 008b 72        		.byte	114
 2210 008c E0        		.byte	-32
 2211 008d 3E        		.byte	62
 2212 008e 71        		.byte	113
 2213 008f 71        		.byte	113
 2214 0090 E8        		.byte	-24
 2215 0091 3E        		.byte	62
 2216 0092 94        		.byte	-108
 2217 0093 5E        		.byte	94
 2218 0094 F0        		.byte	-16
 2219 0095 3E        		.byte	62
 2220 0096 F7        		.byte	-9
 2221 0097 38        		.byte	56
 2222 0098 F8        		.byte	-8
 2223 0099 3E        		.byte	62
 2224 009a 00        		.byte	0
 2225 009b 00        		.byte	0
 2226 009c 00        		.byte	0
 2227 009d 3F        		.byte	63
 2228 009e 89        		.byte	-119
 2229 009f D9        		.byte	-39
 2230 00a0 03        		.byte	3
 2231 00a1 3F        		.byte	63
 2232 00a2 CA        		.byte	-54
 2233 00a3 A8        		.byte	-88
 2234 00a4 07        		.byte	7
 2235 00a5 3F        		.byte	63
 2236 00a6 77        		.byte	119
 2237 00a7 6D        		.byte	109
 2238 00a8 0B        		.byte	11
 2239 00a9 3F        		.byte	63
 2240 00aa 44        		.byte	68
 2241 00ab 27        		.byte	39
 2242 00ac 0F        		.byte	15
 2243 00ad 3F        		.byte	63
 2244 00ae E8        		.byte	-24
 2245 00af D5        		.byte	-43
 2246 00b0 12        		.byte	18
 2247 00b1 3F        		.byte	63
 2248 00b2 18        		.byte	24
 2249 00b3 79        		.byte	121
 2250 00b4 16        		.byte	22
 2251 00b5 3F        		.byte	63
 2252 00b6 8D        		.byte	-115
 2253 00b7 10        		.byte	16
 2254 00b8 1A        		.byte	26
 2255 00b9 3F        		.byte	63
 2256 00ba FE        		.byte	-2
 2257 00bb 9B        		.byte	-101
 2258 00bc 1D        		.byte	29
 2259 00bd 3F        		.byte	63
 2260 00be 24        		.byte	36
 2261 00bf 1B        		.byte	27
 2262 00c0 21        		.byte	33
 2263 00c1 3F        		.byte	63
 2264 00c2 BB        		.byte	-69
 2265 00c3 8D        		.byte	-115
 2266 00c4 24        		.byte	36
 2267 00c5 3F        		.byte	63
 2268 00c6 7C        		.byte	124
 2269 00c7 F3        		.byte	-13
 2270 00c8 27        		.byte	39
 2271 00c9 3F        		.byte	63
 2272 00ca 25        		.byte	37
 2273 00cb 4C        		.byte	76
 2274 00cc 2B        		.byte	43
 2275 00cd 3F        		.byte	63
 2276 00ce 72        		.byte	114
 2277 00cf 97        		.byte	-105
 2278 00d0 2E        		.byte	46
 2279 00d1 3F        		.byte	63
 2280 00d2 22        		.byte	34
 2281 00d3 D5        		.byte	-43
 2282 00d4 31        		.byte	49
 2283 00d5 3F        		.byte	63
 2284 00d6 F3        		.byte	-13
 2285 00d7 04        		.byte	4
 2286 00d8 35        		.byte	53
 2287 00d9 3F        		.byte	63
 2288 00da A7        		.byte	-89
 2289 00db 26        		.byte	38
 2290 00dc 38        		.byte	56
 2291 00dd 3F        		.byte	63
 2292 00de FF        		.byte	-1
 2293 00df 39        		.byte	57
 2294 00e0 3B        		.byte	59
 2295 00e1 3F        		.byte	63
 2296 00e2 BD        		.byte	-67
 2297 00e3 3E        		.byte	62
 2298 00e4 3E        		.byte	62
 2299 00e5 3F        		.byte	63
 2300 00e6 A6        		.byte	-90
 2301 00e7 34        		.byte	52
 2302 00e8 41        		.byte	65
 2303 00e9 3F        		.byte	63
 2304 00ea 7D        		.byte	125
 2305 00eb 1B        		.byte	27
 2306 00ec 44        		.byte	68
 2307 00ed 3F        		.byte	63
 2308 00ee 0A        		.byte	10
 2309 00ef F3        		.byte	-13
 2310 00f0 46        		.byte	70
 2311 00f1 3F        		.byte	63
 2312 00f2 13        		.byte	19
 2313 00f3 BB        		.byte	-69
 2314 00f4 49        		.byte	73
 2315 00f5 3F        		.byte	63
 2316 00f6 60        		.byte	96
 2317 00f7 73        		.byte	115
 2318 00f8 4C        		.byte	76
 2319 00f9 3F        		.byte	63
 2320 00fa BD        		.byte	-67
 2321 00fb 1B        		.byte	27
 2322 00fc 4F        		.byte	79
 2323 00fd 3F        		.byte	63
 2324 00fe F3        		.byte	-13
 2325 00ff B3        		.byte	-77
 2326 0100 51        		.byte	81
 2327 0101 3F        		.byte	63
 2328 0102 CE        		.byte	-50
 2329 0103 3B        		.byte	59
 2330 0104 54        		.byte	84
 2331 0105 3F        		.byte	63
 2332 0106 1D        		.byte	29
 2333 0107 B3        		.byte	-77
 2334 0108 56        		.byte	86
 2335 0109 3F        		.byte	63
 2336 010a AE        		.byte	-82
 2337 010b 19        		.byte	25
 2338 010c 59        		.byte	89
 2339 010d 3F        		.byte	63
 2340 010e 51        		.byte	81
 2341 010f 6F        		.byte	111
 2342 0110 5B        		.byte	91
 2343 0111 3F        		.byte	63
 2344 0112 D7        		.byte	-41
 2345 0113 B3        		.byte	-77
 2346 0114 5D        		.byte	93
 2347 0115 3F        		.byte	63
 2348 0116 14        		.byte	20
 2349 0117 E7        		.byte	-25
 2350 0118 5F        		.byte	95
 2351 0119 3F        		.byte	63
 2352 011a DA        		.byte	-38
 2353 011b 08        		.byte	8
 2354 011c 62        		.byte	98
 2355 011d 3F        		.byte	63
 2356 011e 01        		.byte	1
 2357 011f 19        		.byte	25
 2358 0120 64        		.byte	100
 2359 0121 3F        		.byte	63
 2360 0122 5E        		.byte	94
 2361 0123 17        		.byte	23
 2362 0124 66        		.byte	102
 2363 0125 3F        		.byte	63
 2364 0126 CA        		.byte	-54
 2365 0127 03        		.byte	3
 2366 0128 68        		.byte	104
 2367 0129 3F        		.byte	63
 2368 012a 1E        		.byte	30
 2369 012b DE        		.byte	-34
 2370 012c 69        		.byte	105
 2371 012d 3F        		.byte	63
 2372 012e 35        		.byte	53
 2373 012f A6        		.byte	-90
 2374 0130 6B        		.byte	107
 2375 0131 3F        		.byte	63
 2376 0132 EC        		.byte	-20
 2377 0133 5B        		.byte	91
 2378 0134 6D        		.byte	109
 2379 0135 3F        		.byte	63
 2380 0136 21        		.byte	33
 2381 0137 FF        		.byte	-1
 2382 0138 6E        		.byte	110
 2383 0139 3F        		.byte	63
 2384 013a B2        		.byte	-78
 2385 013b 8F        		.byte	-113
 2386 013c 70        		.byte	112
 2387 013d 3F        		.byte	63
 2388 013e 81        		.byte	-127
 2389 013f 0D        		.byte	13
 2390 0140 72        		.byte	114
 2391 0141 3F        		.byte	63
 2392 0142 71        		.byte	113
 2393 0143 78        		.byte	120
 2394 0144 73        		.byte	115
 2395 0145 3F        		.byte	63
 2396 0146 64        		.byte	100
 2397 0147 D0        		.byte	-48
 2398 0148 74        		.byte	116
 2399 0149 3F        		.byte	63
 2400 014a 3F        		.byte	63
 2401 014b 15        		.byte	21
 2402 014c 76        		.byte	118
 2403 014d 3F        		.byte	63
 2404 014e EA        		.byte	-22
 2405 014f 46        		.byte	70
 2406 0150 77        		.byte	119
 2407 0151 3F        		.byte	63
 2408 0152 4D        		.byte	77
 2409 0153 65        		.byte	101
 2410 0154 78        		.byte	120
 2411 0155 3F        		.byte	63
 2412 0156 51        		.byte	81
 2413 0157 70        		.byte	112
 2414 0158 79        		.byte	121
 2415 0159 3F        		.byte	63
 2416 015a E2        		.byte	-30
 2417 015b 67        		.byte	103
 2418 015c 7A        		.byte	122
 2419 015d 3F        		.byte	63
 2420 015e EB        		.byte	-21
 2421 015f 4B        		.byte	75
 2422 0160 7B        		.byte	123
 2423 0161 3F        		.byte	63
 2424 0162 5C        		.byte	92
 2425 0163 1C        		.byte	28
 2426 0164 7C        		.byte	124
 2427 0165 3F        		.byte	63
 2428 0166 25        		.byte	37
 2429 0167 D9        		.byte	-39
 2430 0168 7C        		.byte	124
 2431 0169 3F        		.byte	63
 2432 016a 35        		.byte	53
 2433 016b 82        		.byte	-126
 2434 016c 7D        		.byte	125
 2435 016d 3F        		.byte	63
 2436 016e 81        		.byte	-127
 2437 016f 17        		.byte	23
 2438 0170 7E        		.byte	126
 2439 0171 3F        		.byte	63
 2440 0172 FD        		.byte	-3
 2441 0173 98        		.byte	-104
 2442 0174 7E        		.byte	126
 2443 0175 3F        		.byte	63
 2444 0176 9E        		.byte	-98
 2445 0177 06        		.byte	6
 2446 0178 7F        		.byte	127
 2447 0179 3F        		.byte	63
 2448 017a 5C        		.byte	92
 2449 017b 60        		.byte	96
 2450 017c 7F        		.byte	127
 2451 017d 3F        		.byte	63
 2452 017e 2F        		.byte	47
 2453 017f A6        		.byte	-90
 2454 0180 7F        		.byte	127
 2455 0181 3F        		.byte	63
 2456 0182 14        		.byte	20
 2457 0183 D8        		.byte	-40
 2458 0184 7F        		.byte	127
 2459 0185 3F        		.byte	63
 2460 0186 05        		.byte	5
 2461 0187 F6        		.byte	-10
 2462 0188 7F        		.byte	127
 2463 0189 3F        		.byte	63
 2464 018a 00        		.byte	0
 2465 018b 00        		.byte	0
 2466 018c 80        		.byte	-128
 2467 018d 3F        		.byte	63
 2468               	.global	muxIR
 2469               	.global	muxIR
 2470               		.section .bss
 2473               	muxIR:
 2474 0000 00        		.skip 1,0
 2475               	.global	ADC_Werte
 2476               	.global	ADC_Werte
 2479               	ADC_Werte:
 2480 0001 0000 0000 		.skip 16,0
 2480      0000 0000 
 2480      0000 0000 
 2480      0000 0000 
 2481               	.global	ADC_Werte_TP
 2482               	.global	ADC_Werte_TP
 2485               	ADC_Werte_TP:
 2486 0011 0000 0000 		.skip 16,0
 2486      0000 0000 
 2486      0000 0000 
 2486      0000 0000 
 2487               	.global	ADC_Offset
 2488               	.global	ADC_Offset
 2491               	ADC_Offset:
 2492 0021 0000 0000 		.skip 16,0
 2492      0000 0000 
 2492      0000 0000 
 2492      0000 0000 
 2493               	.global	motorWinkel
 2494               		.data
 2497               	motorWinkel:
 2498 018e 4A01      		.word	330
 2499 0190 5A00      		.word	90
 2500 0192 D200      		.word	210
 2501               	.global	irGrad
 2504               	irGrad:
 2505 0194 1700      		.word	23
 2506 0196 4400      		.word	68
 2507 0198 7100      		.word	113
 2508 019a 9E00      		.word	158
 2509 019c CB00      		.word	203
 2510 019e F800      		.word	248
 2511 01a0 2501      		.word	293
 2512 01a2 5201      		.word	338
 2513               	.global	CMPcorrection
 2514               	.global	CMPcorrection
 2515               		.section .bss
 2518               	CMPcorrection:
 2519 0031 0000      		.skip 2,0
 2520               	.global	time
 2521               	.global	time
 2524               	time:
 2525 0033 0000      		.skip 2,0
 2526               	.global	schuss
 2527               		.data
 2530               	schuss:
 2531 01a4 01        		.byte	1
 2532               	.global	leer
 2533               		.section	.eeprom,"aw",@progbits
 2536               	leer:
 2537 0000 00        		.skip 1,0
 2538               	.global	test
 2541               	test:
 2542 0001 01        		.byte	1
 2543               	.global	in_calibrate
 2544               	.global	in_calibrate
 2545               		.section .bss
 2548               	in_calibrate:
 2549 0035 00        		.skip 1,0
 2550               	.global	step_calibrate
 2551               	.global	step_calibrate
 2554               	step_calibrate:
 2555 0036 00        		.skip 1,0
 2556               	.global	zaehler
 2557               		.data
 2560               	zaehler:
 2561 01a5 01        		.byte	1
 2562               	.global	zaehler_2
 2563               	.global	zaehler_2
 2564               		.section .bss
 2567               	zaehler_2:
 2568 0037 00        		.skip 1,0
 2569               	.global	ir_zaehler
 2570               	.global	ir_zaehler
 2573               	ir_zaehler:
 2574 0038 0000      		.skip 2,0
 2575               	.global	wert
 2576               	.global	wert
 2579               	wert:
 2580 003a 0000      		.skip 2,0
 2581               	.global	us_l
 2582               	.global	us_l
 2585               	us_l:
 2586 003c 0000      		.skip 2,0
 2587               	.global	us_r
 2588               	.global	us_r
 2591               	us_r:
 2592 003e 0000      		.skip 2,0
 2593               	.global	us_a
 2594               	.global	us_a
 2597               	us_a:
 2598 0040 0000      		.skip 2,0
 2599               	.global	cmp
 2600               	.global	cmp
 2603               	cmp:
 2604 0042 0000      		.skip 2,0
 2605               	.global	cmp_rel
 2606               	.global	cmp_rel
 2609               	cmp_rel:
 2610 0044 0000      		.skip 2,0
 2611               	.global	i
 2612               	.global	i
 2615               	i:
 2616 0046 00        		.skip 1,0
 2617               	.global	max
 2618               	.global	max
 2621               	max:
 2622 0047 0000      		.skip 2,0
 2623               		.comm time_total,2,1
 2624               		.comm time_old,2,1
 2625               		.comm rechtsmotorfaktoren,12,1
 2626               		.comm vorwaertsmotorfaktoren,12,1
 2627               		.comm relativeTorrichtung_alt,2,1
 2628               		.comm cmp_rel2,2,1
 2629               		.comm richtung,2,1
 2630               		.comm startwert,2,1
 2631               		.comm geschwindigkeit,12,1
 2632               		.comm text,1,1
 2745               	.Letext0:
DEFINED SYMBOLS
                            *ABS*:00000000 main.c
C:\DOKUME~1\rag\LOKALE~1\Temp/ccPVuPIg.s:2      *ABS*:0000003f __SREG__
C:\DOKUME~1\rag\LOKALE~1\Temp/ccPVuPIg.s:3      *ABS*:0000003e __SP_H__
C:\DOKUME~1\rag\LOKALE~1\Temp/ccPVuPIg.s:4      *ABS*:0000003d __SP_L__
C:\DOKUME~1\rag\LOKALE~1\Temp/ccPVuPIg.s:5      *ABS*:00000034 __CCP__
C:\DOKUME~1\rag\LOKALE~1\Temp/ccPVuPIg.s:6      *ABS*:00000000 __tmp_reg__
C:\DOKUME~1\rag\LOKALE~1\Temp/ccPVuPIg.s:7      *ABS*:00000001 __zero_reg__
C:\DOKUME~1\rag\LOKALE~1\Temp/ccPVuPIg.s:18     .text:00000000 MotorPower
C:\DOKUME~1\rag\LOKALE~1\Temp/ccPVuPIg.s:119    .text:0000006e ReadChannelInit
C:\DOKUME~1\rag\LOKALE~1\Temp/ccPVuPIg.s:153    .text:00000096 __vector_24
C:\DOKUME~1\rag\LOKALE~1\Temp/ccPVuPIg.s:2473   .bss:00000000 muxIR
C:\DOKUME~1\rag\LOKALE~1\Temp/ccPVuPIg.s:2491   .bss:00000021 ADC_Offset
C:\DOKUME~1\rag\LOKALE~1\Temp/ccPVuPIg.s:2479   .bss:00000001 ADC_Werte
C:\DOKUME~1\rag\LOKALE~1\Temp/ccPVuPIg.s:2485   .bss:00000011 ADC_Werte_TP
C:\DOKUME~1\rag\LOKALE~1\Temp/ccPVuPIg.s:254    .text:0000014e getIR_max
C:\DOKUME~1\rag\LOKALE~1\Temp/ccPVuPIg.s:292    .text:00000170 shoot_test
C:\DOKUME~1\rag\LOKALE~1\Temp/ccPVuPIg.s:2530   .data:000001a4 schuss
C:\DOKUME~1\rag\LOKALE~1\Temp/ccPVuPIg.s:331    .text:0000018a getPID
C:\DOKUME~1\rag\LOKALE~1\Temp/ccPVuPIg.s:2518   .bss:00000031 CMPcorrection
C:\DOKUME~1\rag\LOKALE~1\Temp/ccPVuPIg.s:552    .text:00000318 epicFunction
C:\DOKUME~1\rag\LOKALE~1\Temp/ccPVuPIg.s:2497   .data:0000018e motorWinkel
C:\DOKUME~1\rag\LOKALE~1\Temp/ccPVuPIg.s:2103   .data:00000022 Sinus
C:\DOKUME~1\rag\LOKALE~1\Temp/ccPVuPIg.s:773    .text:00000440 __vector_15
C:\DOKUME~1\rag\LOKALE~1\Temp/ccPVuPIg.s:2560   .data:000001a5 zaehler
C:\DOKUME~1\rag\LOKALE~1\Temp/ccPVuPIg.s:2597   .bss:00000040 us_a
C:\DOKUME~1\rag\LOKALE~1\Temp/ccPVuPIg.s:2585   .bss:0000003c us_l
C:\DOKUME~1\rag\LOKALE~1\Temp/ccPVuPIg.s:2591   .bss:0000003e us_r
C:\DOKUME~1\rag\LOKALE~1\Temp/ccPVuPIg.s:2603   .bss:00000042 cmp
                            *COM*:00000002 startwert
C:\DOKUME~1\rag\LOKALE~1\Temp/ccPVuPIg.s:2609   .bss:00000044 cmp_rel
C:\DOKUME~1\rag\LOKALE~1\Temp/ccPVuPIg.s:2567   .bss:00000037 zaehler_2
C:\DOKUME~1\rag\LOKALE~1\Temp/ccPVuPIg.s:2573   .bss:00000038 ir_zaehler
C:\DOKUME~1\rag\LOKALE~1\Temp/ccPVuPIg.s:1186   .text:0000078e getIR_angle
C:\DOKUME~1\rag\LOKALE~1\Temp/ccPVuPIg.s:2504   .data:00000194 irGrad
C:\DOKUME~1\rag\LOKALE~1\Temp/ccPVuPIg.s:1594   .text:00000a1a getIR_direction
C:\DOKUME~1\rag\LOKALE~1\Temp/ccPVuPIg.s:1682   .text:00000a76 doDriveIR
C:\DOKUME~1\rag\LOKALE~1\Temp/ccPVuPIg.s:1750   .text:00000aca main
                            *COM*:0000000c rechtsmotorfaktoren
                            *COM*:0000000c vorwaertsmotorfaktoren
C:\DOKUME~1\rag\LOKALE~1\Temp/ccPVuPIg.s:2524   .bss:00000033 time
                            *COM*:00000002 time_old
C:\DOKUME~1\rag\LOKALE~1\Temp/ccPVuPIg.s:2536   .eeprom:00000000 leer
C:\DOKUME~1\rag\LOKALE~1\Temp/ccPVuPIg.s:2541   .eeprom:00000001 test
C:\DOKUME~1\rag\LOKALE~1\Temp/ccPVuPIg.s:2548   .bss:00000035 in_calibrate
C:\DOKUME~1\rag\LOKALE~1\Temp/ccPVuPIg.s:2554   .bss:00000036 step_calibrate
C:\DOKUME~1\rag\LOKALE~1\Temp/ccPVuPIg.s:2579   .bss:0000003a wert
C:\DOKUME~1\rag\LOKALE~1\Temp/ccPVuPIg.s:2615   .bss:00000046 i
C:\DOKUME~1\rag\LOKALE~1\Temp/ccPVuPIg.s:2621   .bss:00000047 max
                            *COM*:00000002 time_total
                            *COM*:00000002 relativeTorrichtung_alt
                            *COM*:00000002 cmp_rel2
                            *COM*:00000002 richtung
                            *COM*:0000000c geschwindigkeit
                            *COM*:00000001 text

UNDEFINED SYMBOLS
__floatsisf
__mulsf3
__addsf3
__gtsf2
__ltsf2
__fixsfsi
__divmodhi4
srf08_ready
US_read
US_start
Gyro_byte
CMPS_grad
relativeRichtung
clear_lcd
display_output_string
display_output_int
yaw
pitch
roll
__floatunsisf
atan2
__divsf3
i2c_init
__eerd_word_m644p
gyro_init
__eewr_word_m644p
__do_copy_data
__do_clear_bss
